#
# There is insufficient memory for the Java Runtime Environment to continue.
# Native memory allocation (malloc) failed to allocate 1561456 bytes. Error detail: Chunk::new
# Possible reasons:
#   The system is out of physical RAM or swap space
#   This process is running with CompressedOops enabled, and the Java Heap may be blocking the growth of the native heap
# Possible solutions:
#   Reduce memory load on the system
#   Increase physical memory or swap space
#   Check if swap backing store is full
#   Decrease Java heap size (-Xmx/-Xms)
#   Decrease number of Java threads
#   Decrease Java thread stack sizes (-Xss)
#   Set larger code cache with -XX:ReservedCodeCacheSize=
#   JVM is running with Unscaled Compressed Oops mode in which the Java heap is
#     placed in the first 4GB address space. The Java Heap base address is the
#     maximum limit for the native heap growth. Please use -XX:HeapBaseMinAddress
#     to set the Java Heap base and to place the Java Heap above 4GB virtual address.
# This output file may be truncated or incomplete.
#
#  Out of Memory Error (arena.cpp:168), pid=6912, tid=18584
#
# JRE version: OpenJDK Runtime Environment Temurin-21.0.9+10 (21.0.9+10) (build 21.0.9+10-LTS)
# Java VM: OpenJDK 64-Bit Server VM Temurin-21.0.9+10 (21.0.9+10-LTS, mixed mode, sharing, tiered, compressed oops, compressed class ptrs, parallel gc, windows-amd64)
# No core dump will be written. Minidumps are not enabled by default on client versions of Windows
#

---------------  S U M M A R Y ------------

Command Line: --add-modules=ALL-SYSTEM --add-opens=java.base/java.util=ALL-UNNAMED --add-opens=java.base/java.lang=ALL-UNNAMED --add-opens=java.base/sun.nio.fs=ALL-UNNAMED -Declipse.application=org.eclipse.jdt.ls.core.id1 -Dosgi.bundles.defaultStartLevel=4 -Declipse.product=org.eclipse.jdt.ls.core.product -Djava.import.generatesMetadataFilesAtProjectRoot=false -DDetectVMInstallationsJob.disabled=true -Dfile.encoding=utf8 -XX:+UseParallelGC -XX:GCTimeRatio=4 -XX:AdaptiveSizePolicyWeight=90 -Dsun.zip.disableMemoryMapping=true -Xmx2G -Xms100m -Xlog:disable -javaagent:c:\Users\amand\.vscode\extensions\redhat.java-1.50.0-win32-x64\lombok\lombok-1.18.39-4050.jar -XX:+HeapDumpOnOutOfMemoryError -XX:HeapDumpPath=c:\Users\amand\AppData\Roaming\Code\User\workspaceStorage\e82379910cf3ea3efa22dc0eb839d511\redhat.java -Daether.dependencyCollector.impl=bf c:\Users\amand\.vscode\extensions\redhat.java-1.50.0-win32-x64\server\plugins\org.eclipse.equinox.launcher_1.7.100.v20251111-0406.jar -configuration c:\Users\amand\AppData\Roaming\Code\User\globalStorage\redhat.java\1.50.0\config_win -data c:\Users\amand\AppData\Roaming\Code\User\workspaceStorage\e82379910cf3ea3efa22dc0eb839d511\redhat.java\jdt_ws --pipe=\\.\pipe\lsp-09b4e36d6636e4b862d088f78066076a-sock

Host: AMD Ryzen 7 5700G with Radeon Graphics         , 16 cores, 15G,  Windows 11 , 64 bit Build 26100 (10.0.26100.7019)
Time: Wed Dec  3 01:55:49 2025 Hora Padrão de Buenos Aires elapsed time: 1530.357591 seconds (0d 0h 25m 30s)

---------------  T H R E A D  ---------------

Current thread (0x000001fa6d3a1c60):  JavaThread "C2 CompilerThread0" daemon [_thread_in_native, id=18584, stack(0x000000cc46b00000,0x000000cc46c00000) (1024K)]


Current CompileTask:
C2:1530357 25651       4       org.eclipse.jdt.internal.compiler.parser.Parser::consumeRule (7748 bytes)

Stack: [0x000000cc46b00000,0x000000cc46c00000]
Native frames: (J=compiled Java code, j=interpreted, Vv=VM code, C=native code)
V  [jvm.dll+0x6d6e29]
V  [jvm.dll+0x8b4b76]
V  [jvm.dll+0x8b712e]
V  [jvm.dll+0x8b7813]
V  [jvm.dll+0x283d86]
V  [jvm.dll+0xc66ed]
V  [jvm.dll+0xc6c31]
V  [jvm.dll+0x3be501]
V  [jvm.dll+0x38ab92]
V  [jvm.dll+0x389fda]
V  [jvm.dll+0x24bfa0]
V  [jvm.dll+0x24b580]
V  [jvm.dll+0x1cb13e]
V  [jvm.dll+0x25b29d]
V  [jvm.dll+0x25982a]
V  [jvm.dll+0x3f7ea6]
V  [jvm.dll+0x85e9ad]
V  [jvm.dll+0x6d565d]
C  [ucrtbase.dll+0x37b0]
C  [KERNEL32.DLL+0x2e8d7]
C  [ntdll.dll+0x8c53c]


---------------  P R O C E S S  ---------------

Threads class SMR info:
_java_thread_list=0x000001fa7a8a2810, length=71, elements={
0x000001fa1439bfb0, 0x000001fa6d388390, 0x000001fa1434d2c0, 0x000001fa6d38a640,
0x000001fa6d38c2a0, 0x000001fa6d38e3b0, 0x000001fa6d3949e0, 0x000001fa6d3a1c60,
0x000001fa6d3c9900, 0x000001fa6d5b9ae0, 0x000001fa730385f0, 0x000001fa737f4a90,
0x000001fa73977d20, 0x000001fa739f78b0, 0x000001fa739f8c60, 0x000001fa739f92f0,
0x000001fa739f9980, 0x000001fa739fa010, 0x000001fa739fa6a0, 0x000001fa74116060,
0x000001fa74114cb0, 0x000001fa74114620, 0x000001fa74116d80, 0x000001fa74115340,
0x000001fa74113900, 0x000001fa74117410, 0x000001fa741159d0, 0x000001fa7411a200,
0x000001fa74117aa0, 0x000001fa7411a890, 0x000001fa74118130, 0x000001fa741187c0,
0x000001fa74118e50, 0x000001fa741194e0, 0x000001fa74119b70, 0x000001fa77260340,
0x000001fa77262aa0, 0x000001fa77262410, 0x000001fa77261d80, 0x000001fa77263130,
0x000001fa772609d0, 0x000001fa77261060, 0x000001fa772637c0, 0x000001fa77265f20,
0x000001fa772672d0, 0x000001fa784db840, 0x000001fa784e0d90, 0x000001fa7725fcb0,
0x000001fa7b7f6930, 0x000001fa7b7f7ce0, 0x000001fa784dd280, 0x000001fa784dab20,
0x000001fa784e0070, 0x000001fa784e0700, 0x000001fa784e1ab0, 0x000001fa77263e50,
0x000001fa77265200, 0x000001fa77265890, 0x000001fa7b7f8a00, 0x000001fa741166f0,
0x000001fa7b7f9720, 0x000001fa7b7fbe80, 0x000001fa7b7fcba0, 0x000001fa7b7fd230,
0x000001fa784dd910, 0x000001fa756dc7b0, 0x000001fa756e02c0, 0x000001fa756dce40,
0x000001fa756df5a0, 0x000001fa756e2390, 0x000001fa784dc560
}

Java Threads: ( => current thread )
  0x000001fa1439bfb0 JavaThread "main"                              [_thread_blocked, id=2472, stack(0x000000cc46100000,0x000000cc46200000) (1024K)]
  0x000001fa6d388390 JavaThread "Reference Handler"          daemon [_thread_blocked, id=19636, stack(0x000000cc46500000,0x000000cc46600000) (1024K)]
  0x000001fa1434d2c0 JavaThread "Finalizer"                  daemon [_thread_blocked, id=7372, stack(0x000000cc46600000,0x000000cc46700000) (1024K)]
  0x000001fa6d38a640 JavaThread "Signal Dispatcher"          daemon [_thread_blocked, id=15140, stack(0x000000cc46700000,0x000000cc46800000) (1024K)]
  0x000001fa6d38c2a0 JavaThread "Attach Listener"            daemon [_thread_blocked, id=13516, stack(0x000000cc46800000,0x000000cc46900000) (1024K)]
  0x000001fa6d38e3b0 JavaThread "Service Thread"             daemon [_thread_blocked, id=17412, stack(0x000000cc46900000,0x000000cc46a00000) (1024K)]
  0x000001fa6d3949e0 JavaThread "Monitor Deflation Thread"   daemon [_thread_blocked, id=20420, stack(0x000000cc46a00000,0x000000cc46b00000) (1024K)]
=>0x000001fa6d3a1c60 JavaThread "C2 CompilerThread0"         daemon [_thread_in_native, id=18584, stack(0x000000cc46b00000,0x000000cc46c00000) (1024K)]
  0x000001fa6d3c9900 JavaThread "C1 CompilerThread0"         daemon [_thread_blocked, id=13984, stack(0x000000cc46c00000,0x000000cc46d00000) (1024K)]
  0x000001fa6d5b9ae0 JavaThread "Common-Cleaner"             daemon [_thread_blocked, id=16196, stack(0x000000cc47000000,0x000000cc47100000) (1024K)]
  0x000001fa730385f0 JavaThread "Notification Thread"        daemon [_thread_blocked, id=6228, stack(0x000000cc46f00000,0x000000cc47000000) (1024K)]
  0x000001fa737f4a90 JavaThread "Active Thread: Equinox Container: 6a80ff89-355a-466a-9ba8-41e296865e33"        [_thread_blocked, id=16816, stack(0x000000cc47b00000,0x000000cc47c00000) (1024K)]
  0x000001fa73977d20 JavaThread "Refresh Thread: Equinox Container: 6a80ff89-355a-466a-9ba8-41e296865e33" daemon [_thread_blocked, id=18992, stack(0x000000cc47d00000,0x000000cc47e00000) (1024K)]
  0x000001fa739f78b0 JavaThread "Framework Event Dispatcher: Equinox Container: 6a80ff89-355a-466a-9ba8-41e296865e33" daemon [_thread_blocked, id=18488, stack(0x000000cc47e00000,0x000000cc47f00000) (1024K)]
  0x000001fa739f8c60 JavaThread "Start Level: Equinox Container: 6a80ff89-355a-466a-9ba8-41e296865e33" daemon [_thread_blocked, id=1104, stack(0x000000cc47f00000,0x000000cc48000000) (1024K)]
  0x000001fa739f92f0 JavaThread "Bundle File Closer"         daemon [_thread_blocked, id=1948, stack(0x000000cc48300000,0x000000cc48400000) (1024K)]
  0x000001fa739f9980 JavaThread "SCR Component Actor"        daemon [_thread_blocked, id=13456, stack(0x000000cc47400000,0x000000cc47500000) (1024K)]
  0x000001fa739fa010 JavaThread "Worker-JM"                         [_thread_blocked, id=12360, stack(0x000000cc48700000,0x000000cc48800000) (1024K)]
  0x000001fa739fa6a0 JavaThread "JNA Cleaner"                daemon [_thread_blocked, id=20776, stack(0x000000cc47200000,0x000000cc47300000) (1024K)]
  0x000001fa74116060 JavaThread "Java indexing"              daemon [_thread_blocked, id=10840, stack(0x000000cc48a00000,0x000000cc48b00000) (1024K)]
  0x000001fa74114cb0 JavaThread "Thread-1"                   daemon [_thread_in_native, id=18144, stack(0x000000cc49100000,0x000000cc49200000) (1024K)]
  0x000001fa74114620 JavaThread "Thread-2"                   daemon [_thread_in_native, id=12064, stack(0x000000cc49200000,0x000000cc49300000) (1024K)]
  0x000001fa74116d80 JavaThread "Thread-3"                   daemon [_thread_in_native, id=12344, stack(0x000000cc49300000,0x000000cc49400000) (1024K)]
  0x000001fa74115340 JavaThread "Thread-4"                   daemon [_thread_in_native, id=15104, stack(0x000000cc49400000,0x000000cc49500000) (1024K)]
  0x000001fa74113900 JavaThread "Thread-5"                   daemon [_thread_in_native, id=18512, stack(0x000000cc49500000,0x000000cc49600000) (1024K)]
  0x000001fa74117410 JavaThread "Thread-6"                   daemon [_thread_in_native, id=20876, stack(0x000000cc49600000,0x000000cc49700000) (1024K)]
  0x000001fa741159d0 JavaThread "Thread-7"                   daemon [_thread_in_native, id=12988, stack(0x000000cc49700000,0x000000cc49800000) (1024K)]
  0x000001fa7411a200 JavaThread "Thread-8"                   daemon [_thread_in_native, id=19912, stack(0x000000cc49800000,0x000000cc49900000) (1024K)]
  0x000001fa74117aa0 JavaThread "Thread-9"                   daemon [_thread_in_native, id=11256, stack(0x000000cc49900000,0x000000cc49a00000) (1024K)]
  0x000001fa7411a890 JavaThread "Thread-10"                  daemon [_thread_in_native, id=20824, stack(0x000000cc49a00000,0x000000cc49b00000) (1024K)]
  0x000001fa74118130 JavaThread "Thread-11"                  daemon [_thread_in_native, id=22460, stack(0x000000cc49b00000,0x000000cc49c00000) (1024K)]
  0x000001fa741187c0 JavaThread "Thread-12"                  daemon [_thread_in_native, id=19284, stack(0x000000cc49c00000,0x000000cc49d00000) (1024K)]
  0x000001fa74118e50 JavaThread "Thread-13"                  daemon [_thread_in_native, id=19140, stack(0x000000cc49d00000,0x000000cc49e00000) (1024K)]
  0x000001fa741194e0 JavaThread "Thread-14"                  daemon [_thread_in_native, id=20556, stack(0x000000cc49e00000,0x000000cc49f00000) (1024K)]
  0x000001fa74119b70 JavaThread "Thread-15"                  daemon [_thread_in_native, id=15992, stack(0x000000cc49f00000,0x000000cc4a000000) (1024K)]
  0x000001fa77260340 JavaThread "Thread-16"                  daemon [_thread_in_native, id=12372, stack(0x000000cc4a000000,0x000000cc4a100000) (1024K)]
  0x000001fa77262aa0 JavaThread "Thread-17"                  daemon [_thread_blocked, id=9100, stack(0x000000cc4a100000,0x000000cc4a200000) (1024K)]
  0x000001fa77262410 JavaThread "pool-2-thread-1"                   [_thread_blocked, id=16320, stack(0x000000cc4a200000,0x000000cc4a300000) (1024K)]
  0x000001fa77261d80 JavaThread "WorkspaceEventsHandler"            [_thread_blocked, id=17160, stack(0x000000cc4a700000,0x000000cc4a800000) (1024K)]
  0x000001fa77263130 JavaThread "pool-1-thread-1"                   [_thread_blocked, id=9856, stack(0x000000cc4a800000,0x000000cc4a900000) (1024K)]
  0x000001fa772609d0 JavaThread "ForkJoinPool.commonPool-worker-1" daemon [_thread_blocked, id=20724, stack(0x000000cc4a900000,0x000000cc4aa00000) (1024K)]
  0x000001fa77261060 JavaThread "ForkJoinPool.commonPool-worker-2" daemon [_thread_blocked, id=16060, stack(0x000000cc4aa00000,0x000000cc4ab00000) (1024K)]
  0x000001fa772637c0 JavaThread "ForkJoinPool.commonPool-worker-7" daemon [_thread_blocked, id=21956, stack(0x000000cc4ad00000,0x000000cc4ae00000) (1024K)]
  0x000001fa77265f20 JavaThread "ForkJoinPool.commonPool-worker-8" daemon [_thread_blocked, id=1312, stack(0x000000cc4ae00000,0x000000cc4af00000) (1024K)]
  0x000001fa772672d0 JavaThread "ForkJoinPool.commonPool-worker-9" daemon [_thread_blocked, id=11176, stack(0x000000cc4af00000,0x000000cc4b000000) (1024K)]
  0x000001fa784db840 JavaThread "Cleaner-0"                  daemon [_thread_blocked, id=10972, stack(0x000000cc4b600000,0x000000cc4b700000) (1024K)]
  0x000001fa784e0d90 JavaThread "Worker-5"                          [_thread_blocked, id=21788, stack(0x000000cc48800000,0x000000cc48900000) (1024K)]
  0x000001fa7725fcb0 JavaThread "Java Debug Server"          daemon [_thread_in_native, id=5400, stack(0x000000cc48900000,0x000000cc48a00000) (1024K)]
  0x000001fa7b7f6930 JavaThread "RxSchedulerPurge-1"         daemon [_thread_blocked, id=18048, stack(0x000000cc48d00000,0x000000cc48e00000) (1024K)]
  0x000001fa7b7f7ce0 JavaThread "RxCachedWorkerPoolEvictor-1" daemon [_thread_blocked, id=13732, stack(0x000000cc48e00000,0x000000cc48f00000) (1024K)]
  0x000001fa784dd280 JavaThread "Compiler Source File Reader" daemon [_thread_blocked, id=11044, stack(0x000000cc45e00000,0x000000cc45f00000) (1024K)]
  0x000001fa784dab20 JavaThread "ForkJoinPool.commonPool-worker-11" daemon [_thread_blocked, id=7740, stack(0x000000cc46000000,0x000000cc46100000) (1024K)]
  0x000001fa784e0070 JavaThread "Compiler Source File Reader" daemon [_thread_blocked, id=5224, stack(0x000000cc46d00000,0x000000cc46e00000) (1024K)]
  0x000001fa784e0700 JavaThread "Compiler Source File Reader" daemon [_thread_blocked, id=18324, stack(0x000000cc46e00000,0x000000cc46f00000) (1024K)]
  0x000001fa784e1ab0 JavaThread "Compiler Source File Reader" daemon [_thread_blocked, id=11632, stack(0x000000cc47100000,0x000000cc47200000) (1024K)]
  0x000001fa77263e50 JavaThread "Compiler Source File Reader" daemon [_thread_blocked, id=21636, stack(0x000000cc48500000,0x000000cc48600000) (1024K)]
  0x000001fa77265200 JavaThread "Worker-7"                          [_thread_blocked, id=5912, stack(0x000000cc4a600000,0x000000cc4a700000) (1024K)]
  0x000001fa77265890 JavaThread "Compiler Source File Reader" daemon [_thread_blocked, id=16544, stack(0x000000cc48f00000,0x000000cc49000000) (1024K)]
  0x000001fa7b7f8a00 JavaThread "Compiler Source File Reader" daemon [_thread_blocked, id=12776, stack(0x000000cc48b00000,0x000000cc48c00000) (1024K)]
  0x000001fa741166f0 JavaThread "Compiler Source File Reader" daemon [_thread_blocked, id=2296, stack(0x000000cc47300000,0x000000cc47400000) (1024K)]
  0x000001fa7b7f9720 JavaThread "Compiler Source File Reader" daemon [_thread_blocked, id=13092, stack(0x000000cc48c00000,0x000000cc48d00000) (1024K)]
  0x000001fa7b7fbe80 JavaThread "Compiler Source File Reader" daemon [_thread_blocked, id=17256, stack(0x000000cc49000000,0x000000cc49100000) (1024K)]
  0x000001fa7b7fcba0 JavaThread "Compiler Source File Reader" daemon [_thread_blocked, id=16080, stack(0x000000cc4a300000,0x000000cc4a400000) (1024K)]
  0x000001fa7b7fd230 JavaThread "Compiler Source File Reader" daemon [_thread_blocked, id=448, stack(0x000000cc4a400000,0x000000cc4a500000) (1024K)]
  0x000001fa784dd910 JavaThread "Compiler Source File Reader" daemon [_thread_blocked, id=13644, stack(0x000000cc4a500000,0x000000cc4a600000) (1024K)]
  0x000001fa756dc7b0 JavaThread "Compiler Source File Reader" daemon [_thread_blocked, id=20836, stack(0x000000cc4ab00000,0x000000cc4ac00000) (1024K)]
  0x000001fa756e02c0 JavaThread "Compiler Processing Task"   daemon [_thread_blocked, id=22336, stack(0x000000cc45f00000,0x000000cc46000000) (1024K)]
  0x000001fa756dce40 JavaThread "Worker-8"                          [_thread_blocked, id=18880, stack(0x000000cc4ac00000,0x000000cc4ad00000) (1024K)]
  0x000001fa756df5a0 JavaThread "ForkJoinPool.commonPool-worker-12" daemon [_thread_blocked, id=20756, stack(0x000000cc4b200000,0x000000cc4b300000) (1024K)]
  0x000001fa756e2390 JavaThread "ForkJoinPool.commonPool-worker-13" daemon [_thread_blocked, id=13680, stack(0x000000cc4b400000,0x000000cc4b500000) (1024K)]
  0x000001fa784dc560 JavaThread "ForkJoinPool.commonPool-worker-14" daemon [_thread_blocked, id=13532, stack(0x000000cc4b800000,0x000000cc4b900000) (1024K)]
Total: 71

Other Threads:
  0x000001fa1445e760 VMThread "VM Thread"                           [id=18872, stack(0x000000cc46400000,0x000000cc46500000) (1024K)]
  0x000001fa1422ca00 WatcherThread "VM Periodic Task Thread"        [id=17104, stack(0x000000cc46300000,0x000000cc46400000) (1024K)]
  0x000001fa143bb600 WorkerThread "GC Thread#0"                     [id=19292, stack(0x000000cc46200000,0x000000cc46300000) (1024K)]
  0x000001fa73048750 WorkerThread "GC Thread#1"                     [id=9264, stack(0x000000cc47500000,0x000000cc47600000) (1024K)]
  0x000001fa73729a20 WorkerThread "GC Thread#2"                     [id=3756, stack(0x000000cc47600000,0x000000cc47700000) (1024K)]
  0x000001fa73729dc0 WorkerThread "GC Thread#3"                     [id=18864, stack(0x000000cc47700000,0x000000cc47800000) (1024K)]
  0x000001fa73654db0 WorkerThread "GC Thread#4"                     [id=15648, stack(0x000000cc47800000,0x000000cc47900000) (1024K)]
  0x000001fa73655550 WorkerThread "GC Thread#5"                     [id=14804, stack(0x000000cc47900000,0x000000cc47a00000) (1024K)]
  0x000001fa736558f0 WorkerThread "GC Thread#6"                     [id=8640, stack(0x000000cc47a00000,0x000000cc47b00000) (1024K)]
  0x000001fa73a53740 WorkerThread "GC Thread#7"                     [id=20400, stack(0x000000cc47c00000,0x000000cc47d00000) (1024K)]
  0x000001fa73951ae0 WorkerThread "GC Thread#8"                     [id=21484, stack(0x000000cc48000000,0x000000cc48100000) (1024K)]
  0x000001fa739525c0 WorkerThread "GC Thread#9"                     [id=18940, stack(0x000000cc48100000,0x000000cc48200000) (1024K)]
  0x000001fa73952960 WorkerThread "GC Thread#10"                    [id=2792, stack(0x000000cc48200000,0x000000cc48300000) (1024K)]
  0x000001fa73951740 WorkerThread "GC Thread#11"                    [id=21156, stack(0x000000cc48400000,0x000000cc48500000) (1024K)]
  0x000001fa73951e80 WorkerThread "GC Thread#12"                    [id=20620, stack(0x000000cc48600000,0x000000cc48700000) (1024K)]
Total: 15

Threads with active compile tasks:
C2 CompilerThread0  1530384 25651       4       org.eclipse.jdt.internal.compiler.parser.Parser::consumeRule (7748 bytes)
Total: 1

VM state: at safepoint (normal execution)

VM Mutex/Monitor currently owned by a thread:  ([mutex/lock_event])
[0x00007ffeb6d9d570] Threads_lock - owner thread: 0x000001fa1445e760
[0x00007ffeb6d9d670] Heap_lock - owner thread: 0x000001fa756e2390
[0x00007ffeb6d9daf0] PSOldGenExpand_lock - owner thread: 0x000001fa73729dc0

Heap address: 0x0000000080000000, size: 2048 MB, Compressed Oops mode: 32-bit

CDS archive(s) mapped at: [0x000001fa2b000000-0x000001fa2bba0000-0x000001fa2bba0000), size 12189696, SharedBaseAddress: 0x000001fa2b000000, ArchiveRelocationMode: 1.
Compressed class space mapped at: 0x000001fa2c000000-0x000001fa6c000000, reserved size: 1073741824
Narrow klass base: 0x000001fa2b000000, Narrow klass shift: 0, Narrow klass range: 0x100000000

GC Precious Log:
 CardTable entry size: 512
 CPUs: 16 total, 16 available
 Memory: 15763M
 Large Page Support: Disabled
 NUMA Support: Disabled
 Compressed Oops: Enabled (32-bit)
 Alignments: Space 512K, Generation 512K, Heap 2M
 Heap Min Capacity: 100M
 Heap Initial Capacity: 100M
 Heap Max Capacity: 2G
 Pre-touch: Disabled
 Parallel Workers: 13

Heap:
 PSYoungGen      total 5120K, used 4672K [0x00000000d5580000, 0x00000000d5c80000, 0x0000000100000000)
  eden space 4096K, 100% used [0x00000000d5580000,0x00000000d5980000,0x00000000d5980000)
  from space 1024K, 56% used [0x00000000d5b80000,0x00000000d5c10000,0x00000000d5c80000)
  to   space 1024K, 37% used [0x00000000d5a80000,0x00000000d5ae0000,0x00000000d5b80000)
 ParOldGen       total 955392K, used 955388K [0x0000000080000000, 0x00000000ba500000, 0x00000000d5580000)
  object space 955392K, 99% used [0x0000000080000000,0x00000000ba4ff208,0x00000000ba500000)
 Metaspace       used 98046K, committed 99904K, reserved 1179648K
  class space    used 9995K, committed 10880K, reserved 1048576K

Card table byte_map: [0x000001fa13d40000,0x000001fa14150000] _byte_map_base: 0x000001fa13940000

Marking Bits: (ParMarkBitMap*) 0x00007ffeb6da2460
 Begin Bits: [0x000001fa26850000, 0x000001fa28850000)
 End Bits:   [0x000001fa28850000, 0x000001fa2a850000)

Polling page: 0x000001fa12110000

Metaspace:

Usage:
  Non-class:     85.99 MB used.
      Class:      9.76 MB used.
       Both:     95.75 MB used.

Virtual space:
  Non-class space:      128.00 MB reserved,      86.94 MB ( 68%) committed,  2 nodes.
      Class space:        1.00 GB reserved,      10.62 MB (  1%) committed,  1 nodes.
             Both:        1.12 GB reserved,      97.56 MB (  8%) committed. 

Chunk freelists:
   Non-Class:  8.88 MB
       Class:  5.43 MB
        Both:  14.31 MB

MaxMetaspaceSize: unlimited
CompressedClassSpaceSize: 1.00 GB
Initial GC threshold: 21.00 MB
Current GC threshold: 153.06 MB
CDS: on
 - commit_granule_bytes: 65536.
 - commit_granule_words: 8192.
 - virtual_space_node_default_size: 8388608.
 - enlarge_chunks_in_place: 1.
 - use_allocation_guard: 0.


Internal statistics:

num_allocs_failed_limit: 11.
num_arena_births: 1882.
num_arena_deaths: 22.
num_vsnodes_births: 3.
num_vsnodes_deaths: 0.
num_space_committed: 1561.
num_space_uncommitted: 0.
num_chunks_returned_to_freelist: 37.
num_chunks_taken_from_freelist: 6697.
num_chunk_merges: 21.
num_chunk_splits: 4041.
num_chunks_enlarged: 2203.
num_inconsistent_stats: 0.

CodeHeap 'non-profiled nmethods': size=119168Kb used=24814Kb max_used=24814Kb free=94353Kb
 bounds [0x000001fa1f140000, 0x000001fa20980000, 0x000001fa265a0000]
CodeHeap 'profiled nmethods': size=119104Kb used=51939Kb max_used=51939Kb free=67164Kb
 bounds [0x000001fa175a0000, 0x000001fa1a860000, 0x000001fa1e9f0000]
CodeHeap 'non-nmethods': size=7488Kb used=1562Kb max_used=3292Kb free=5925Kb
 bounds [0x000001fa1e9f0000, 0x000001fa1ed40000, 0x000001fa1f140000]
CodeCache: size=245760Kb, used=78315Kb, max_used=80045Kb, free=167442Kb
 total_blobs=22540, nmethods=21655, adapters=787, full_count=0
Compilation: enabled, stopped_count=0, restarted_count=0

Compilation events (20 events):
Event: 1529.320 Thread 0x000001fa6d3c9900 nmethod 25658 0x000001fa1a849b90 code [0x000001fa1a849e20, 0x000001fa1a84abe0]
Event: 1529.320 Thread 0x000001fa6d3c9900 25661 %     3       org.eclipse.jdt.internal.compiler.parser.diagnose.DiagnoseParser::checkPrimaryDistance @ 695 (1164 bytes)
Event: 1529.323 Thread 0x000001fa6d3c9900 nmethod 25661% 0x000001fa1a84ae10 code [0x000001fa1a84b3c0, 0x000001fa1a84e318]
Event: 1529.323 Thread 0x000001fa6d3c9900 25659   !   3       org.eclipse.jdt.internal.compiler.parser.diagnose.LexStream::readTokenFromScanner (420 bytes)
Event: 1529.324 Thread 0x000001fa6d3c9900 nmethod 25659 0x000001fa1a84fe90 code [0x000001fa1a850140, 0x000001fa1a851590]
Event: 1529.324 Thread 0x000001fa6d3c9900 25663       3       org.eclipse.jdt.internal.compiler.parser.RecoveryScanner::getNextToken0 (532 bytes)
Event: 1529.325 Thread 0x000001fa6d3c9900 nmethod 25663 0x000001fa1a851f90 code [0x000001fa1a852220, 0x000001fa1a852e80]
Event: 1529.325 Thread 0x000001fa6d3c9900 25662       3       org.eclipse.jdt.internal.core.util.CommentRecorderParser::checkComment (267 bytes)
Event: 1529.325 Thread 0x000001fa6d3c9900 nmethod 25662 0x000001fa1a853410 code [0x000001fa1a853640, 0x000001fa1a853f48]
Event: 1529.325 Thread 0x000001fa6d3c9900 25660       3       org.eclipse.jdt.internal.compiler.parser.Scanner::addTokenToLookBack (137 bytes)
Event: 1529.326 Thread 0x000001fa6d3c9900 nmethod 25660 0x000001fa1a854290 code [0x000001fa1a8544a0, 0x000001fa1a854c30]
Event: 1529.326 Thread 0x000001fa6d3c9900 25666       3       org.eclipse.jdt.core.dom.DefaultASTVisitor::visit (6 bytes)
Event: 1529.326 Thread 0x000001fa6d3c9900 nmethod 25666 0x000001fa1a854e90 code [0x000001fa1a855040, 0x000001fa1a855208]
Event: 1529.326 Thread 0x000001fa6d3c9900 25664       3       org.eclipse.jdt.core.dom.DefaultASTVisitor::visit (6 bytes)
Event: 1529.326 Thread 0x000001fa6d3c9900 nmethod 25664 0x000001fa1a855290 code [0x000001fa1a855440, 0x000001fa1a855608]
Event: 1529.326 Thread 0x000001fa6d3c9900 25665       3       org.eclipse.jdt.core.dom.DefaultASTVisitor::endVisit (6 bytes)
Event: 1529.326 Thread 0x000001fa6d3c9900 nmethod 25665 0x000001fa1a855690 code [0x000001fa1a855840, 0x000001fa1a855a08]
Event: 1529.326 Thread 0x000001fa6d3c9900 25667       1       org.eclipse.jdt.core.manipulation.OrganizeImportsOperation$1::findInContext (2 bytes)
Event: 1529.326 Thread 0x000001fa6d3c9900 nmethod 25667 0x000001fa2097b690 code [0x000001fa2097b820, 0x000001fa2097b8e8]
Event: 1529.482 Thread 0x000001fa6d3c9900 25668       3       org.eclipse.jdt.internal.compiler.parser.diagnose.DiagnoseParser::checkPrimaryDistance (1164 bytes)

GC Heap History (20 events):
Event: 1502.390 GC heap before
{Heap before GC invocations=2338 (full 5):
 PSYoungGen      total 4608K, used 4512K [0x00000000d5580000, 0x00000000d5b80000, 0x0000000100000000)
  eden space 4096K, 100% used [0x00000000d5580000,0x00000000d5980000,0x00000000d5980000)
  from space 512K, 81% used [0x00000000d5b00000,0x00000000d5b68000,0x00000000d5b80000)
  to   space 512K, 0% used [0x00000000d5a80000,0x00000000d5a80000,0x00000000d5b00000)
 ParOldGen       total 944128K, used 943924K [0x0000000080000000, 0x00000000b9a00000, 0x00000000d5580000)
  object space 944128K, 99% used [0x0000000080000000,0x00000000b99cd368,0x00000000b9a00000)
 Metaspace       used 98045K, committed 99904K, reserved 1179648K
  class space    used 9995K, committed 10880K, reserved 1048576K
}
Event: 1502.391 GC heap after
{Heap after GC invocations=2338 (full 5):
 PSYoungGen      total 4608K, used 416K [0x00000000d5580000, 0x00000000d5b80000, 0x0000000100000000)
  eden space 4096K, 0% used [0x00000000d5580000,0x00000000d5580000,0x00000000d5980000)
  from space 512K, 81% used [0x00000000d5a80000,0x00000000d5ae8000,0x00000000d5b00000)
  to   space 512K, 0% used [0x00000000d5b00000,0x00000000d5b00000,0x00000000d5b80000)
 ParOldGen       total 944128K, used 943988K [0x0000000080000000, 0x00000000b9a00000, 0x00000000d5580000)
  object space 944128K, 99% used [0x0000000080000000,0x00000000b99dd368,0x00000000b9a00000)
 Metaspace       used 98045K, committed 99904K, reserved 1179648K
  class space    used 9995K, committed 10880K, reserved 1048576K
}
Event: 1502.398 GC heap before
{Heap before GC invocations=2339 (full 5):
 PSYoungGen      total 4608K, used 4512K [0x00000000d5580000, 0x00000000d5b80000, 0x0000000100000000)
  eden space 4096K, 100% used [0x00000000d5580000,0x00000000d5980000,0x00000000d5980000)
  from space 512K, 81% used [0x00000000d5a80000,0x00000000d5ae8000,0x00000000d5b00000)
  to   space 512K, 0% used [0x00000000d5b00000,0x00000000d5b00000,0x00000000d5b80000)
 ParOldGen       total 944128K, used 943988K [0x0000000080000000, 0x00000000b9a00000, 0x00000000d5580000)
  object space 944128K, 99% used [0x0000000080000000,0x00000000b99dd368,0x00000000b9a00000)
 Metaspace       used 98045K, committed 99904K, reserved 1179648K
  class space    used 9995K, committed 10880K, reserved 1048576K
}
Event: 1502.399 GC heap after
{Heap after GC invocations=2339 (full 5):
 PSYoungGen      total 1536K, used 511K [0x00000000d5580000, 0x00000000d6280000, 0x0000000100000000)
  eden space 1024K, 0% used [0x00000000d5580000,0x00000000d5580000,0x00000000d5680000)
  from space 512K, 99% used [0x00000000d5b00000,0x00000000d5b7fcb0,0x00000000d5b80000)
  to   space 4608K, 0% used [0x00000000d5680000,0x00000000d5680000,0x00000000d5b00000)
 ParOldGen       total 947712K, used 947220K [0x0000000080000000, 0x00000000b9d80000, 0x00000000d5580000)
  object space 947712K, 99% used [0x0000000080000000,0x00000000b9d05018,0x00000000b9d80000)
 Metaspace       used 98045K, committed 99904K, reserved 1179648K
  class space    used 9995K, committed 10880K, reserved 1048576K
}
Event: 1502.401 GC heap before
{Heap before GC invocations=2340 (full 5):
 PSYoungGen      total 1536K, used 1535K [0x00000000d5580000, 0x00000000d6280000, 0x0000000100000000)
  eden space 1024K, 99% used [0x00000000d5580000,0x00000000d567ffd0,0x00000000d5680000)
  from space 512K, 99% used [0x00000000d5b00000,0x00000000d5b7fcb0,0x00000000d5b80000)
  to   space 4608K, 0% used [0x00000000d5680000,0x00000000d5680000,0x00000000d5b00000)
 ParOldGen       total 947712K, used 947220K [0x0000000080000000, 0x00000000b9d80000, 0x00000000d5580000)
  object space 947712K, 99% used [0x0000000080000000,0x00000000b9d05018,0x00000000b9d80000)
 Metaspace       used 98045K, committed 99904K, reserved 1179648K
  class space    used 9995K, committed 10880K, reserved 1048576K
}
Event: 1502.402 GC heap after
{Heap after GC invocations=2340 (full 5):
 PSYoungGen      total 2048K, used 894K [0x00000000d5580000, 0x00000000d5b80000, 0x0000000100000000)
  eden space 1024K, 0% used [0x00000000d5580000,0x00000000d5580000,0x00000000d5680000)
  from space 1024K, 87% used [0x00000000d5680000,0x00000000d575f960,0x00000000d5780000)
  to   space 2048K, 0% used [0x00000000d5980000,0x00000000d5980000,0x00000000d5b80000)
 ParOldGen       total 947712K, used 947560K [0x0000000080000000, 0x00000000b9d80000, 0x00000000d5580000)
  object space 947712K, 99% used [0x0000000080000000,0x00000000b9d5a140,0x00000000b9d80000)
 Metaspace       used 98045K, committed 99904K, reserved 1179648K
  class space    used 9995K, committed 10880K, reserved 1048576K
}
Event: 1502.403 GC heap before
{Heap before GC invocations=2341 (full 5):
 PSYoungGen      total 2048K, used 1918K [0x00000000d5580000, 0x00000000d5b80000, 0x0000000100000000)
  eden space 1024K, 100% used [0x00000000d5580000,0x00000000d5680000,0x00000000d5680000)
  from space 1024K, 87% used [0x00000000d5680000,0x00000000d575f960,0x00000000d5780000)
  to   space 2048K, 0% used [0x00000000d5980000,0x00000000d5980000,0x00000000d5b80000)
 ParOldGen       total 947712K, used 947560K [0x0000000080000000, 0x00000000b9d80000, 0x00000000d5580000)
  object space 947712K, 99% used [0x0000000080000000,0x00000000b9d5a140,0x00000000b9d80000)
 Metaspace       used 98045K, committed 99904K, reserved 1179648K
  class space    used 9995K, committed 10880K, reserved 1048576K
}
Event: 1502.404 GC heap after
{Heap after GC invocations=2341 (full 5):
 PSYoungGen      total 3072K, used 1216K [0x00000000d5580000, 0x00000000d5b00000, 0x0000000100000000)
  eden space 1536K, 0% used [0x00000000d5580000,0x00000000d5580000,0x00000000d5700000)
  from space 1536K, 79% used [0x00000000d5980000,0x00000000d5ab0000,0x00000000d5b00000)
  to   space 1536K, 0% used [0x00000000d5800000,0x00000000d5800000,0x00000000d5980000)
 ParOldGen       total 948736K, used 948342K [0x0000000080000000, 0x00000000b9e80000, 0x00000000d5580000)
  object space 948736K, 99% used [0x0000000080000000,0x00000000b9e1daa0,0x00000000b9e80000)
 Metaspace       used 98045K, committed 99904K, reserved 1179648K
  class space    used 9995K, committed 10880K, reserved 1048576K
}
Event: 1502.406 GC heap before
{Heap before GC invocations=2342 (full 5):
 PSYoungGen      total 3072K, used 2752K [0x00000000d5580000, 0x00000000d5b00000, 0x0000000100000000)
  eden space 1536K, 100% used [0x00000000d5580000,0x00000000d5700000,0x00000000d5700000)
  from space 1536K, 79% used [0x00000000d5980000,0x00000000d5ab0000,0x00000000d5b00000)
  to   space 1536K, 0% used [0x00000000d5800000,0x00000000d5800000,0x00000000d5980000)
 ParOldGen       total 948736K, used 948342K [0x0000000080000000, 0x00000000b9e80000, 0x00000000d5580000)
  object space 948736K, 99% used [0x0000000080000000,0x00000000b9e1daa0,0x00000000b9e80000)
 Metaspace       used 98045K, committed 99904K, reserved 1179648K
  class space    used 9995K, committed 10880K, reserved 1048576K
}
Event: 1502.407 GC heap after
{Heap after GC invocations=2342 (full 5):
 PSYoungGen      total 3584K, used 1536K [0x00000000d5580000, 0x00000000d5d80000, 0x0000000100000000)
  eden space 2048K, 0% used [0x00000000d5580000,0x00000000d5580000,0x00000000d5780000)
  from space 1536K, 100% used [0x00000000d5800000,0x00000000d5980000,0x00000000d5980000)
  to   space 3072K, 0% used [0x00000000d5a80000,0x00000000d5a80000,0x00000000d5d80000)
 ParOldGen       total 949760K, used 949366K [0x0000000080000000, 0x00000000b9f80000, 0x00000000d5580000)
  object space 949760K, 99% used [0x0000000080000000,0x00000000b9f1daa0,0x00000000b9f80000)
 Metaspace       used 98045K, committed 99904K, reserved 1179648K
  class space    used 9995K, committed 10880K, reserved 1048576K
}
Event: 1502.412 GC heap before
{Heap before GC invocations=2343 (full 5):
 PSYoungGen      total 3584K, used 3483K [0x00000000d5580000, 0x00000000d5d80000, 0x0000000100000000)
  eden space 2048K, 95% used [0x00000000d5580000,0x00000000d5766f88,0x00000000d5780000)
  from space 1536K, 100% used [0x00000000d5800000,0x00000000d5980000,0x00000000d5980000)
  to   space 3072K, 0% used [0x00000000d5a80000,0x00000000d5a80000,0x00000000d5d80000)
 ParOldGen       total 949760K, used 949366K [0x0000000080000000, 0x00000000b9f80000, 0x00000000d5580000)
  object space 949760K, 99% used [0x0000000080000000,0x00000000b9f1daa0,0x00000000b9f80000)
 Metaspace       used 98045K, committed 99904K, reserved 1179648K
  class space    used 9995K, committed 10880K, reserved 1048576K
}
Event: 1502.413 GC heap after
{Heap after GC invocations=2343 (full 5):
 PSYoungGen      total 4096K, used 1087K [0x00000000d5580000, 0x00000000d5c00000, 0x0000000100000000)
  eden space 2560K, 0% used [0x00000000d5580000,0x00000000d5580000,0x00000000d5800000)
  from space 1536K, 70% used [0x00000000d5a80000,0x00000000d5b8fcb0,0x00000000d5c00000)
  to   space 2048K, 0% used [0x00000000d5800000,0x00000000d5800000,0x00000000d5a00000)
 ParOldGen       total 951296K, used 950902K [0x0000000080000000, 0x00000000ba100000, 0x00000000d5580000)
  object space 951296K, 99% used [0x0000000080000000,0x00000000ba09daa0,0x00000000ba100000)
 Metaspace       used 98045K, committed 99904K, reserved 1179648K
  class space    used 9995K, committed 10880K, reserved 1048576K
}
Event: 1502.416 GC heap before
{Heap before GC invocations=2344 (full 5):
 PSYoungGen      total 4096K, used 3647K [0x00000000d5580000, 0x00000000d5c00000, 0x0000000100000000)
  eden space 2560K, 100% used [0x00000000d5580000,0x00000000d5800000,0x00000000d5800000)
  from space 1536K, 70% used [0x00000000d5a80000,0x00000000d5b8fcb0,0x00000000d5c00000)
  to   space 2048K, 0% used [0x00000000d5800000,0x00000000d5800000,0x00000000d5a00000)
 ParOldGen       total 951296K, used 950902K [0x0000000080000000, 0x00000000ba100000, 0x00000000d5580000)
  object space 951296K, 99% used [0x0000000080000000,0x00000000ba09daa0,0x00000000ba100000)
 Metaspace       used 98045K, committed 99904K, reserved 1179648K
  class space    used 9995K, committed 10880K, reserved 1048576K
}
Event: 1502.417 GC heap after
{Heap after GC invocations=2344 (full 5):
 PSYoungGen      total 4608K, used 2047K [0x00000000d5580000, 0x00000000d6080000, 0x0000000100000000)
  eden space 2560K, 0% used [0x00000000d5580000,0x00000000d5580000,0x00000000d5800000)
  from space 2048K, 99% used [0x00000000d5800000,0x00000000d59ffcb0,0x00000000d5a00000)
  to   space 4096K, 0% used [0x00000000d5c80000,0x00000000d5c80000,0x00000000d6080000)
 ParOldGen       total 952320K, used 952264K [0x0000000080000000, 0x00000000ba200000, 0x00000000d5580000)
  object space 952320K, 99% used [0x0000000080000000,0x00000000ba1f22b8,0x00000000ba200000)
 Metaspace       used 98045K, committed 99904K, reserved 1179648K
  class space    used 9995K, committed 10880K, reserved 1048576K
}
Event: 1502.421 GC heap before
{Heap before GC invocations=2345 (full 5):
 PSYoungGen      total 4608K, used 4607K [0x00000000d5580000, 0x00000000d6080000, 0x0000000100000000)
  eden space 2560K, 99% used [0x00000000d5580000,0x00000000d57ffff0,0x00000000d5800000)
  from space 2048K, 99% used [0x00000000d5800000,0x00000000d59ffcb0,0x00000000d5a00000)
  to   space 4096K, 0% used [0x00000000d5c80000,0x00000000d5c80000,0x00000000d6080000)
 ParOldGen       total 952320K, used 952264K [0x0000000080000000, 0x00000000ba200000, 0x00000000d5580000)
  object space 952320K, 99% used [0x0000000080000000,0x00000000ba1f22b8,0x00000000ba200000)
 Metaspace       used 98045K, committed 99904K, reserved 1179648K
  class space    used 9995K, committed 10880K, reserved 1048576K
}
Event: 1502.423 GC heap after
{Heap after GC invocations=2345 (full 5):
 PSYoungGen      total 6144K, used 2718K [0x00000000d5580000, 0x00000000d5f80000, 0x0000000100000000)
  eden space 3072K, 0% used [0x00000000d5580000,0x00000000d5580000,0x00000000d5880000)
  from space 3072K, 88% used [0x00000000d5c80000,0x00000000d5f27960,0x00000000d5f80000)
  to   space 3072K, 0% used [0x00000000d5980000,0x00000000d5980000,0x00000000d5c80000)
 ParOldGen       total 954880K, used 954383K [0x0000000080000000, 0x00000000ba480000, 0x00000000d5580000)
  object space 954880K, 99% used [0x0000000080000000,0x00000000ba403f68,0x00000000ba480000)
 Metaspace       used 98045K, committed 99904K, reserved 1179648K
  class space    used 9995K, committed 10880K, reserved 1048576K
}
Event: 1529.311 GC heap before
{Heap before GC invocations=2346 (full 5):
 PSYoungGen      total 6144K, used 5790K [0x00000000d5580000, 0x00000000d5f80000, 0x0000000100000000)
  eden space 3072K, 100% used [0x00000000d5580000,0x00000000d5880000,0x00000000d5880000)
  from space 3072K, 88% used [0x00000000d5c80000,0x00000000d5f27960,0x00000000d5f80000)
  to   space 3072K, 0% used [0x00000000d5980000,0x00000000d5980000,0x00000000d5c80000)
 ParOldGen       total 954880K, used 954383K [0x0000000080000000, 0x00000000ba480000, 0x00000000d5580000)
  object space 954880K, 99% used [0x0000000080000000,0x00000000ba403f68,0x00000000ba480000)
 Metaspace       used 98045K, committed 99904K, reserved 1179648K
  class space    used 9995K, committed 10880K, reserved 1048576K
}
Event: 1529.313 GC heap after
{Heap after GC invocations=2346 (full 5):
 PSYoungGen      total 4608K, used 352K [0x00000000d5580000, 0x00000000d5d00000, 0x0000000100000000)
  eden space 4096K, 0% used [0x00000000d5580000,0x00000000d5580000,0x00000000d5980000)
  from space 512K, 68% used [0x00000000d5980000,0x00000000d59d8000,0x00000000d5a00000)
  to   space 1536K, 0% used [0x00000000d5b80000,0x00000000d5b80000,0x00000000d5d00000)
 ParOldGen       total 955392K, used 955247K [0x0000000080000000, 0x00000000ba500000, 0x00000000d5580000)
  object space 955392K, 99% used [0x0000000080000000,0x00000000ba4dbf68,0x00000000ba500000)
 Metaspace       used 98045K, committed 99904K, reserved 1179648K
  class space    used 9995K, committed 10880K, reserved 1048576K
}
Event: 1529.320 GC heap before
{Heap before GC invocations=2347 (full 5):
 PSYoungGen      total 4608K, used 4447K [0x00000000d5580000, 0x00000000d5d00000, 0x0000000100000000)
  eden space 4096K, 99% used [0x00000000d5580000,0x00000000d597fd40,0x00000000d5980000)
  from space 512K, 68% used [0x00000000d5980000,0x00000000d59d8000,0x00000000d5a00000)
  to   space 1536K, 0% used [0x00000000d5b80000,0x00000000d5b80000,0x00000000d5d00000)
 ParOldGen       total 955392K, used 955247K [0x0000000080000000, 0x00000000ba500000, 0x00000000d5580000)
  object space 955392K, 99% used [0x0000000080000000,0x00000000ba4dbf68,0x00000000ba500000)
 Metaspace       used 98046K, committed 99904K, reserved 1179648K
  class space    used 9995K, committed 10880K, reserved 1048576K
}
Event: 1529.322 GC heap after
{Heap after GC invocations=2347 (full 5):
 PSYoungGen      total 5120K, used 576K [0x00000000d5580000, 0x00000000d5c80000, 0x0000000100000000)
  eden space 4096K, 0% used [0x00000000d5580000,0x00000000d5580000,0x00000000d5980000)
  from space 1024K, 56% used [0x00000000d5b80000,0x00000000d5c10000,0x00000000d5c80000)
  to   space 1024K, 0% used [0x00000000d5a80000,0x00000000d5a80000,0x00000000d5b80000)
 ParOldGen       total 955392K, used 955311K [0x0000000080000000, 0x00000000ba500000, 0x00000000d5580000)
  object space 955392K, 99% used [0x0000000080000000,0x00000000ba4ebf78,0x00000000ba500000)
 Metaspace       used 98046K, committed 99904K, reserved 1179648K
  class space    used 9995K, committed 10880K, reserved 1048576K
}

Dll operation events (14 events):
Event: 0.020 Loaded shared library c:\Users\amand\.vscode\extensions\redhat.java-1.50.0-win32-x64\jre\21.0.9-win32-x86_64\bin\java.dll
Event: 0.064 Loaded shared library c:\Users\amand\.vscode\extensions\redhat.java-1.50.0-win32-x64\jre\21.0.9-win32-x86_64\bin\zip.dll
Event: 0.092 Loaded shared library C:\Users\amand\.vscode\extensions\redhat.java-1.50.0-win32-x64\jre\21.0.9-win32-x86_64\bin\instrument.dll
Event: 0.096 Loaded shared library C:\Users\amand\.vscode\extensions\redhat.java-1.50.0-win32-x64\jre\21.0.9-win32-x86_64\bin\net.dll
Event: 0.098 Loaded shared library C:\Users\amand\.vscode\extensions\redhat.java-1.50.0-win32-x64\jre\21.0.9-win32-x86_64\bin\nio.dll
Event: 0.100 Loaded shared library C:\Users\amand\.vscode\extensions\redhat.java-1.50.0-win32-x64\jre\21.0.9-win32-x86_64\bin\zip.dll
Event: 0.148 Loaded shared library C:\Users\amand\.vscode\extensions\redhat.java-1.50.0-win32-x64\jre\21.0.9-win32-x86_64\bin\jimage.dll
Event: 0.529 Loaded shared library c:\Users\amand\.vscode\extensions\redhat.java-1.50.0-win32-x64\jre\21.0.9-win32-x86_64\bin\verify.dll
Event: 1.709 Loaded shared library C:\Users\amand\AppData\Roaming\Code\User\globalStorage\redhat.java\1.50.0\config_win\org.eclipse.equinox.launcher\org.eclipse.equinox.launcher.win32.win32.x86_64_1.2.1400.v20250801-0854\eclipse_11916.dll
Event: 3.257 Loaded shared library C:\Users\amand\AppData\Local\Temp\jna-92925483\jna18372005457634075915.dll
Event: 35.936 Loaded shared library C:\Users\amand\.vscode\extensions\redhat.java-1.50.0-win32-x64\jre\21.0.9-win32-x86_64\bin\management.dll
Event: 35.971 Loaded shared library C:\Users\amand\.vscode\extensions\redhat.java-1.50.0-win32-x64\jre\21.0.9-win32-x86_64\bin\management_ext.dll
Event: 36.554 Loaded shared library C:\Users\amand\.vscode\extensions\redhat.java-1.50.0-win32-x64\jre\21.0.9-win32-x86_64\bin\sunmscapi.dll
Event: 270.730 Loaded shared library C:\Users\amand\.vscode\extensions\redhat.java-1.50.0-win32-x64\jre\21.0.9-win32-x86_64\bin\extnet.dll

Deoptimization events (20 events):
Event: 1529.325 Thread 0x000001fa77263130 Uncommon trap: trap_request=0xffffff45 fr.pc=0x000001fa1f152174 relative=0x0000000000000134
Event: 1529.325 Thread 0x000001fa77263130 Uncommon trap: reason=unstable_if action=reinterpret pc=0x000001fa1f152174 method=org.eclipse.jdt.core.dom.ASTRecoveryPropagator.visitNode(Lorg/eclipse/jdt/core/dom/ASTNode;)Z @ 75 c2
Event: 1529.325 Thread 0x000001fa77263130 DEOPT PACKING pc=0x000001fa1f152174 sp=0x000000cc4a8fd400
Event: 1529.325 Thread 0x000001fa77263130 DEOPT UNPACKING pc=0x000001fa1ea43aa2 sp=0x000000cc4a8fd310 mode 2
Event: 1529.325 Thread 0x000001fa77263130 Uncommon trap: trap_request=0xffffff45 fr.pc=0x000001fa1f32fe30 relative=0x00000000000007b0
Event: 1529.325 Thread 0x000001fa77263130 Uncommon trap: reason=unstable_if action=reinterpret pc=0x000001fa1f32fe30 method=org.eclipse.jdt.core.dom.ASTNode.preReplaceChild(Lorg/eclipse/jdt/core/dom/ASTNode;Lorg/eclipse/jdt/core/dom/ASTNode;Lorg/eclipse/jdt/core/dom/ChildPropertyDescriptor;)V @ 3
Event: 1529.325 Thread 0x000001fa77263130 DEOPT PACKING pc=0x000001fa1f32fe30 sp=0x000000cc4a8fd350
Event: 1529.325 Thread 0x000001fa77263130 DEOPT UNPACKING pc=0x000001fa1ea43aa2 sp=0x000000cc4a8fd360 mode 2
Event: 1529.325 Thread 0x000001fa77263130 Uncommon trap: trap_request=0xffffff45 fr.pc=0x000001fa1f4ebac4 relative=0x0000000000000664
Event: 1529.325 Thread 0x000001fa77263130 Uncommon trap: reason=unstable_if action=reinterpret pc=0x000001fa1f4ebac4 method=org.eclipse.jdt.core.dom.ASTNode.postReplaceChild(Lorg/eclipse/jdt/core/dom/ASTNode;Lorg/eclipse/jdt/core/dom/ASTNode;Lorg/eclipse/jdt/core/dom/ChildPropertyDescriptor;)V @ 
Event: 1529.325 Thread 0x000001fa77263130 DEOPT PACKING pc=0x000001fa1f4ebac4 sp=0x000000cc4a8fd370
Event: 1529.325 Thread 0x000001fa77263130 DEOPT UNPACKING pc=0x000001fa1ea43aa2 sp=0x000000cc4a8fd360 mode 2
Event: 1529.483 Thread 0x000001fa784e0d90 Uncommon trap: trap_request=0xffffff45 fr.pc=0x000001fa1f14d258 relative=0x00000000000002b8
Event: 1529.483 Thread 0x000001fa784e0d90 Uncommon trap: reason=unstable_if action=reinterpret pc=0x000001fa1f14d258 method=org.eclipse.jdt.internal.compiler.SourceElementParser.checkComment()V @ 20 c2
Event: 1529.483 Thread 0x000001fa784e0d90 DEOPT PACKING pc=0x000001fa1f14d258 sp=0x000000cc488fe680
Event: 1529.483 Thread 0x000001fa784e0d90 DEOPT UNPACKING pc=0x000001fa1ea43aa2 sp=0x000000cc488fe5d8 mode 2
Event: 1529.483 Thread 0x000001fa784e0d90 Uncommon trap: trap_request=0xffffff45 fr.pc=0x000001fa205be708 relative=0x00000000000016e8
Event: 1529.483 Thread 0x000001fa784e0d90 Uncommon trap: reason=unstable_if action=reinterpret pc=0x000001fa205be708 method=org.eclipse.jdt.internal.compiler.parser.Parser.checkNonNLSAfterBodyEnd(I)V @ 44 c2
Event: 1529.483 Thread 0x000001fa784e0d90 DEOPT PACKING pc=0x000001fa205be708 sp=0x000000cc488fe7f0
Event: 1529.483 Thread 0x000001fa784e0d90 DEOPT UNPACKING pc=0x000001fa1ea43aa2 sp=0x000000cc488fe758 mode 2

Classes loaded (20 events):
Event: 1213.495 Loading class sun/net/www/http/KeepAliveCleanerEntry
Event: 1213.495 Loading class sun/net/www/http/KeepAliveCleanerEntry done
Event: 1213.495 Loading class sun/net/www/http/KeepAliveStream$1
Event: 1213.496 Loading class sun/net/www/http/KeepAliveStream$1 done
Event: 1213.496 Loading class sun/net/www/http/ChunkedInputStream
Event: 1213.496 Loading class sun/net/www/http/ChunkedInputStream done
Event: 1213.556 Loading class sun/net/www/http/KeepAliveCache$1
Event: 1213.556 Loading class sun/net/www/http/KeepAliveCache$1 done
Event: 1213.556 Loading class sun/net/www/http/KeepAliveCache$ClientVector
Event: 1213.556 Loading class sun/net/www/http/KeepAliveCache$ClientVector done
Event: 1213.558 Loading class sun/net/www/http/KeepAliveEntry
Event: 1213.558 Loading class sun/net/www/http/KeepAliveEntry done
Event: 1215.952 Loading class java/lang/StringLatin1$CharsSpliterator
Event: 1215.952 Loading class java/lang/StringLatin1$CharsSpliterator done
Event: 1218.562 Loading class sun/security/ssl/Alert
Event: 1218.562 Loading class sun/security/ssl/Alert done
Event: 1218.562 Loading class sun/security/ssl/Alert$AlertConsumer
Event: 1218.562 Loading class sun/security/ssl/Alert$AlertConsumer done
Event: 1218.562 Loading class sun/security/ssl/Alert$Level
Event: 1218.562 Loading class sun/security/ssl/Alert$Level done

Classes unloaded (11 events):
Event: 4.347 Thread 0x000001fa1445e760 Unloading class 0x000001fa2c1a5400 'java/lang/invoke/LambdaForm$MH+0x000001fa2c1a5400'
Event: 4.347 Thread 0x000001fa1445e760 Unloading class 0x000001fa2c1a5000 'java/lang/invoke/LambdaForm$MH+0x000001fa2c1a5000'
Event: 4.347 Thread 0x000001fa1445e760 Unloading class 0x000001fa2c1a4c00 'java/lang/invoke/LambdaForm$MH+0x000001fa2c1a4c00'
Event: 4.347 Thread 0x000001fa1445e760 Unloading class 0x000001fa2c1a4800 'java/lang/invoke/LambdaForm$MH+0x000001fa2c1a4800'
Event: 4.347 Thread 0x000001fa1445e760 Unloading class 0x000001fa2c1a4400 'java/lang/invoke/LambdaForm$BMH+0x000001fa2c1a4400'
Event: 4.347 Thread 0x000001fa1445e760 Unloading class 0x000001fa2c1a4000 'java/lang/invoke/LambdaForm$DMH+0x000001fa2c1a4000'
Event: 4.347 Thread 0x000001fa1445e760 Unloading class 0x000001fa2c1a2c00 'java/lang/invoke/LambdaForm$DMH+0x000001fa2c1a2c00'
Event: 265.483 Thread 0x000001fa1445e760 Unloading class 0x000001fa2c779c00 'java/lang/invoke/LambdaForm$DMH+0x000001fa2c779c00'
Event: 265.483 Thread 0x000001fa1445e760 Unloading class 0x000001fa2c779800 'java/lang/invoke/LambdaForm$DMH+0x000001fa2c779800'
Event: 265.483 Thread 0x000001fa1445e760 Unloading class 0x000001fa2c779000 'java/lang/invoke/LambdaForm$DMH+0x000001fa2c779000'
Event: 265.483 Thread 0x000001fa1445e760 Unloading class 0x000001fa2c778c00 'java/lang/invoke/LambdaForm$DMH+0x000001fa2c778c00'

Classes redefined (0 events):
No events

Internal exceptions (20 events):
Event: 1429.410 Thread 0x000001fa74116060 Exception <a 'sun/nio/fs/WindowsException'{0x00000000d55cfa00}> (0x00000000d55cfa00) 
thrown [s\src\hotspot\share\prims\jni.cpp, line 520]
Event: 1431.855 Thread 0x000001fa74116060 Exception <a 'sun/nio/fs/WindowsException'{0x00000000d55b3b88}> (0x00000000d55b3b88) 
thrown [s\src\hotspot\share\prims\jni.cpp, line 520]
Event: 1431.901 Thread 0x000001fa74116060 Exception <a 'sun/nio/fs/WindowsException'{0x00000000d5609fa8}> (0x00000000d5609fa8) 
thrown [s\src\hotspot\share\prims\jni.cpp, line 520]
Event: 1437.712 Thread 0x000001fa74116060 Exception <a 'sun/nio/fs/WindowsException'{0x00000000d567dec0}> (0x00000000d567dec0) 
thrown [s\src\hotspot\share\prims\jni.cpp, line 520]
Event: 1437.752 Thread 0x000001fa74116060 Exception <a 'sun/nio/fs/WindowsException'{0x00000000d57d9e68}> (0x00000000d57d9e68) 
thrown [s\src\hotspot\share\prims\jni.cpp, line 520]
Event: 1439.189 Thread 0x000001fa74116060 Exception <a 'sun/nio/fs/WindowsException'{0x00000000d5738f88}> (0x00000000d5738f88) 
thrown [s\src\hotspot\share\prims\jni.cpp, line 520]
Event: 1439.238 Thread 0x000001fa74116060 Exception <a 'sun/nio/fs/WindowsException'{0x00000000d565bab8}> (0x00000000d565bab8) 
thrown [s\src\hotspot\share\prims\jni.cpp, line 520]
Event: 1441.776 Thread 0x000001fa74116060 Exception <a 'sun/nio/fs/WindowsException'{0x00000000d57fc9b8}> (0x00000000d57fc9b8) 
thrown [s\src\hotspot\share\prims\jni.cpp, line 520]
Event: 1441.822 Thread 0x000001fa74116060 Exception <a 'sun/nio/fs/WindowsException'{0x00000000d56261a0}> (0x00000000d56261a0) 
thrown [s\src\hotspot\share\prims\jni.cpp, line 520]
Event: 1443.169 Thread 0x000001fa74116060 Exception <a 'sun/nio/fs/WindowsException'{0x00000000d55d31e8}> (0x00000000d55d31e8) 
thrown [s\src\hotspot\share\prims\jni.cpp, line 520]
Event: 1443.227 Thread 0x000001fa74116060 Exception <a 'sun/nio/fs/WindowsException'{0x00000000d565b618}> (0x00000000d565b618) 
thrown [s\src\hotspot\share\prims\jni.cpp, line 520]
Event: 1458.703 Thread 0x000001fa74116060 Exception <a 'sun/nio/fs/WindowsException'{0x00000000d5767c30}> (0x00000000d5767c30) 
thrown [s\src\hotspot\share\prims\jni.cpp, line 520]
Event: 1458.754 Thread 0x000001fa74116060 Exception <a 'sun/nio/fs/WindowsException'{0x00000000d55ce7b8}> (0x00000000d55ce7b8) 
thrown [s\src\hotspot\share\prims\jni.cpp, line 520]
Event: 1463.528 Thread 0x000001fa74116060 Exception <a 'sun/nio/fs/WindowsException'{0x00000000d5744238}> (0x00000000d5744238) 
thrown [s\src\hotspot\share\prims\jni.cpp, line 520]
Event: 1463.586 Thread 0x000001fa74116060 Exception <a 'sun/nio/fs/WindowsException'{0x00000000d56cd018}> (0x00000000d56cd018) 
thrown [s\src\hotspot\share\prims\jni.cpp, line 520]
Event: 1471.657 Thread 0x000001fa74116060 Exception <a 'sun/nio/fs/WindowsException'{0x00000000d57ca488}> (0x00000000d57ca488) 
thrown [s\src\hotspot\share\prims\jni.cpp, line 520]
Event: 1471.699 Thread 0x000001fa74116060 Exception <a 'sun/nio/fs/WindowsException'{0x00000000d582d148}> (0x00000000d582d148) 
thrown [s\src\hotspot\share\prims\jni.cpp, line 520]
Event: 1473.877 Thread 0x000001fa74116060 Exception <a 'sun/nio/fs/WindowsException'{0x00000000d55e4108}> (0x00000000d55e4108) 
thrown [s\src\hotspot\share\prims\jni.cpp, line 520]
Event: 1475.905 Thread 0x000001fa77263130 Implicit null exception at 0x000001fa1f68af9c to 0x000001fa1f68b504
Event: 1475.947 Thread 0x000001fa74116060 Exception <a 'sun/nio/fs/WindowsException'{0x00000000d55ce7b8}> (0x00000000d55ce7b8) 
thrown [s\src\hotspot\share\prims\jni.cpp, line 520]

ZGC Phase Switch (0 events):
No events

VM Operations (20 events):
Event: 1502.402 Executing VM operation: ParallelGCFailedAllocation (Allocation Failure) done
Event: 1502.403 Executing VM operation: ParallelGCFailedAllocation (Allocation Failure)
Event: 1502.404 Executing VM operation: ParallelGCFailedAllocation (Allocation Failure) done
Event: 1502.406 Executing VM operation: ParallelGCFailedAllocation (Allocation Failure)
Event: 1502.407 Executing VM operation: ParallelGCFailedAllocation (Allocation Failure) done
Event: 1502.412 Executing VM operation: ParallelGCFailedAllocation (Allocation Failure)
Event: 1502.413 Executing VM operation: ParallelGCFailedAllocation (Allocation Failure) done
Event: 1502.416 Executing VM operation: ParallelGCFailedAllocation (Allocation Failure)
Event: 1502.417 Executing VM operation: ParallelGCFailedAllocation (Allocation Failure) done
Event: 1502.421 Executing VM operation: ParallelGCFailedAllocation (Allocation Failure)
Event: 1502.423 Executing VM operation: ParallelGCFailedAllocation (Allocation Failure) done
Event: 1503.341 Executing VM operation: HandshakeAllThreads (HandshakeForDeflation)
Event: 1503.341 Executing VM operation: HandshakeAllThreads (HandshakeForDeflation) done
Event: 1503.341 Executing VM operation: RendezvousGCThreads
Event: 1503.341 Executing VM operation: RendezvousGCThreads done
Event: 1529.311 Executing VM operation: ParallelGCFailedAllocation (Allocation Failure)
Event: 1529.313 Executing VM operation: ParallelGCFailedAllocation (Allocation Failure) done
Event: 1529.320 Executing VM operation: ParallelGCFailedAllocation (Allocation Failure)
Event: 1529.322 Executing VM operation: ParallelGCFailedAllocation (Allocation Failure) done
Event: 1530.325 Executing VM operation: Cleanup

Memory protections (0 events):
No events

Nmethod flushes (20 events):
Event: 1051.433 Thread 0x000001fa1445e760 flushing  nmethod 0x000001fa1988bd90
Event: 1051.433 Thread 0x000001fa1445e760 flushing  nmethod 0x000001fa19894710
Event: 1051.433 Thread 0x000001fa1445e760 flushing  nmethod 0x000001fa1989c510
Event: 1051.433 Thread 0x000001fa1445e760 flushing  nmethod 0x000001fa198aa890
Event: 1051.433 Thread 0x000001fa1445e760 flushing  nmethod 0x000001fa198b7c10
Event: 1051.433 Thread 0x000001fa1445e760 flushing  nmethod 0x000001fa198bb390
Event: 1051.433 Thread 0x000001fa1445e760 flushing  nmethod 0x000001fa198c7710
Event: 1051.433 Thread 0x000001fa1445e760 flushing  nmethod 0x000001fa198dce90
Event: 1051.433 Thread 0x000001fa1445e760 flushing  nmethod 0x000001fa198dd190
Event: 1051.433 Thread 0x000001fa1445e760 flushing  nmethod 0x000001fa198dd490
Event: 1051.433 Thread 0x000001fa1445e760 flushing  nmethod 0x000001fa198e8210
Event: 1051.433 Thread 0x000001fa1445e760 flushing  nmethod 0x000001fa198ef390
Event: 1051.433 Thread 0x000001fa1445e760 flushing  nmethod 0x000001fa19912510
Event: 1051.433 Thread 0x000001fa1445e760 flushing  nmethod 0x000001fa1991b210
Event: 1051.433 Thread 0x000001fa1445e760 flushing  nmethod 0x000001fa19934c90
Event: 1051.433 Thread 0x000001fa1445e760 flushing  nmethod 0x000001fa19935790
Event: 1051.433 Thread 0x000001fa1445e760 flushing  nmethod 0x000001fa19935d10
Event: 1051.433 Thread 0x000001fa1445e760 flushing  nmethod 0x000001fa19936f10
Event: 1051.433 Thread 0x000001fa1445e760 flushing  nmethod 0x000001fa19937290
Event: 1051.433 Thread 0x000001fa1445e760 flushing  nmethod 0x000001fa19937f10

Events (20 events):
Event: 1382.821 Thread 0x000001fa6d3c9900 Thread added: 0x000001fa7c53cb80
Event: 1382.821 Thread 0x000001fa6d3c9900 Thread added: 0x000001fa7c539500
Event: 1383.421 Thread 0x000001fa7c539500 Thread exited: 0x000001fa7c539500
Event: 1383.421 Thread 0x000001fa7c53cb80 Thread exited: 0x000001fa7c53cb80
Event: 1386.800 Thread 0x000001fa6d3c9900 Thread added: 0x000001fa7c53cb80
Event: 1386.800 Thread 0x000001fa6d3c9900 Thread added: 0x000001fa7c53a2a0
Event: 1386.800 Thread 0x000001fa6d3c9900 Thread added: 0x000001fa7c539500
Event: 1388.126 Thread 0x000001fa7c539500 Thread exited: 0x000001fa7c539500
Event: 1388.574 Thread 0x000001fa7c53a2a0 Thread exited: 0x000001fa7c53a2a0
Event: 1392.672 Thread 0x000001fa7c53cb80 Thread exited: 0x000001fa7c53cb80
Event: 1405.837 Thread 0x000001fa6d3c9900 Thread added: 0x000001fa7c539500
Event: 1405.839 Thread 0x000001fa6d3c9900 Thread added: 0x000001fa7c53d250
Event: 1405.840 Thread 0x000001fa6d3c9900 Thread added: 0x000001fa7c53d920
Event: 1406.443 Thread 0x000001fa7c53d920 Thread exited: 0x000001fa7c53d920
Event: 1407.829 Thread 0x000001fa7c53d250 Thread exited: 0x000001fa7c53d250
Event: 1408.810 Thread 0x000001fa756dce40 Thread added: 0x000001fa7b7fc510
Event: 1408.811 Thread 0x000001fa7b7fc510 Thread exited: 0x000001fa7b7fc510
Event: 1408.815 Thread 0x000001fa756dce40 Thread added: 0x000001fa7b7fc510
Event: 1408.816 Thread 0x000001fa7b7fc510 Thread exited: 0x000001fa7b7fc510
Event: 1415.232 Thread 0x000001fa7c539500 Thread exited: 0x000001fa7c539500


Dynamic libraries:
0x00007ff634f90000 - 0x00007ff634f9e000 	c:\Users\amand\.vscode\extensions\redhat.java-1.50.0-win32-x64\jre\21.0.9-win32-x86_64\bin\java.exe
0x00007fff23f60000 - 0x00007fff241c8000 	C:\WINDOWS\SYSTEM32\ntdll.dll
0x00007fff23d80000 - 0x00007fff23e49000 	C:\WINDOWS\System32\KERNEL32.DLL
0x00007fff217a0000 - 0x00007fff21b98000 	C:\WINDOWS\System32\KERNELBASE.dll
0x00007fff210b0000 - 0x00007fff211fb000 	C:\WINDOWS\System32\ucrtbase.dll
0x00007fff05560000 - 0x00007fff0557e000 	c:\Users\amand\.vscode\extensions\redhat.java-1.50.0-win32-x64\jre\21.0.9-win32-x86_64\bin\VCRUNTIME140.dll
0x00007fff05540000 - 0x00007fff05558000 	c:\Users\amand\.vscode\extensions\redhat.java-1.50.0-win32-x64\jre\21.0.9-win32-x86_64\bin\jli.dll
0x00007fff22a10000 - 0x00007fff22bd7000 	C:\WINDOWS\System32\USER32.dll
0x00007fff12310000 - 0x00007fff125a4000 	C:\WINDOWS\WinSxS\amd64_microsoft.windows.common-controls_6595b64144ccf1df_6.0.26100.7019_none_3e06ffa0e335b8a8\COMCTL32.dll
0x00007fff21ba0000 - 0x00007fff21bc7000 	C:\WINDOWS\System32\win32u.dll
0x00007fff21d00000 - 0x00007fff21da9000 	C:\WINDOWS\System32\msvcrt.dll
0x00007fff23600000 - 0x00007fff2362b000 	C:\WINDOWS\System32\GDI32.dll
0x00007fff21bd0000 - 0x00007fff21cfc000 	C:\WINDOWS\System32\gdi32full.dll
0x00007fff21290000 - 0x00007fff21333000 	C:\WINDOWS\System32\msvcp_win.dll
0x00007fff23760000 - 0x00007fff23791000 	C:\WINDOWS\System32\IMM32.DLL
0x00007fff1bdf0000 - 0x00007fff1bdfc000 	c:\Users\amand\.vscode\extensions\redhat.java-1.50.0-win32-x64\jre\21.0.9-win32-x86_64\bin\vcruntime140_1.dll
0x00007ffef4bd0000 - 0x00007ffef4c5d000 	c:\Users\amand\.vscode\extensions\redhat.java-1.50.0-win32-x64\jre\21.0.9-win32-x86_64\bin\msvcp140.dll
0x00007ffeb60e0000 - 0x00007ffeb6e80000 	c:\Users\amand\.vscode\extensions\redhat.java-1.50.0-win32-x64\jre\21.0.9-win32-x86_64\bin\server\jvm.dll
0x00007fff23e50000 - 0x00007fff23f04000 	C:\WINDOWS\System32\ADVAPI32.dll
0x00007fff23af0000 - 0x00007fff23b96000 	C:\WINDOWS\System32\sechost.dll
0x00007fff237d0000 - 0x00007fff238e8000 	C:\WINDOWS\System32\RPCRT4.dll
0x00007fff23a70000 - 0x00007fff23ae4000 	C:\WINDOWS\System32\WS2_32.dll
0x00007fff20f10000 - 0x00007fff20f6e000 	C:\WINDOWS\SYSTEM32\POWRPROF.dll
0x00007fff18690000 - 0x00007fff186c5000 	C:\WINDOWS\SYSTEM32\WINMM.dll
0x00007fff186d0000 - 0x00007fff186db000 	C:\WINDOWS\SYSTEM32\VERSION.dll
0x00007fff20ef0000 - 0x00007fff20f04000 	C:\WINDOWS\SYSTEM32\UMPDC.dll
0x00007fff1fe70000 - 0x00007fff1fe8b000 	C:\WINDOWS\SYSTEM32\kernel.appcore.dll
0x00007fff19a50000 - 0x00007fff19a5a000 	c:\Users\amand\.vscode\extensions\redhat.java-1.50.0-win32-x64\jre\21.0.9-win32-x86_64\bin\jimage.dll
0x00007fff18a20000 - 0x00007fff18c62000 	C:\WINDOWS\SYSTEM32\DBGHELP.DLL
0x00007fff21db0000 - 0x00007fff2213b000 	C:\WINDOWS\System32\combase.dll
0x00007fff23680000 - 0x00007fff23757000 	C:\WINDOWS\System32\OLEAUT32.dll
0x00007ffef9d50000 - 0x00007ffef9d8c000 	C:\WINDOWS\SYSTEM32\dbgcore.DLL
0x00007fff21630000 - 0x00007fff216d5000 	C:\WINDOWS\System32\bcryptPrimitives.dll
0x00007fff12e60000 - 0x00007fff12e6f000 	c:\Users\amand\.vscode\extensions\redhat.java-1.50.0-win32-x64\jre\21.0.9-win32-x86_64\bin\instrument.dll
0x00007ffefb0b0000 - 0x00007ffefb0d0000 	c:\Users\amand\.vscode\extensions\redhat.java-1.50.0-win32-x64\jre\21.0.9-win32-x86_64\bin\java.dll
0x00007fff22d60000 - 0x00007fff234af000 	C:\WINDOWS\System32\SHELL32.dll
0x00007fff214c0000 - 0x00007fff2162b000 	C:\WINDOWS\System32\wintypes.dll
0x00007fff1ed10000 - 0x00007fff1f56d000 	C:\WINDOWS\SYSTEM32\windows.storage.dll
0x00007fff22c60000 - 0x00007fff22d52000 	C:\WINDOWS\System32\SHCORE.dll
0x00007fff23590000 - 0x00007fff235f7000 	C:\WINDOWS\System32\shlwapi.dll
0x00007fff20fd0000 - 0x00007fff20ff9000 	C:\WINDOWS\SYSTEM32\profapi.dll
0x00007ffef7f40000 - 0x00007ffef7f58000 	c:\Users\amand\.vscode\extensions\redhat.java-1.50.0-win32-x64\jre\21.0.9-win32-x86_64\bin\zip.dll
0x00007fff12dc0000 - 0x00007fff12dd0000 	C:\Users\amand\.vscode\extensions\redhat.java-1.50.0-win32-x64\jre\21.0.9-win32-x86_64\bin\net.dll
0x00007fff1a510000 - 0x00007fff1a638000 	C:\WINDOWS\SYSTEM32\WINHTTP.dll
0x00007fff203e0000 - 0x00007fff2044b000 	C:\WINDOWS\system32\mswsock.dll
0x00007ffef5110000 - 0x00007ffef5126000 	C:\Users\amand\.vscode\extensions\redhat.java-1.50.0-win32-x64\jre\21.0.9-win32-x86_64\bin\nio.dll
0x00007fff12c90000 - 0x00007fff12ca0000 	c:\Users\amand\.vscode\extensions\redhat.java-1.50.0-win32-x64\jre\21.0.9-win32-x86_64\bin\verify.dll
0x00007ffef4c90000 - 0x00007ffef4cd4000 	C:\Users\amand\AppData\Roaming\Code\User\globalStorage\redhat.java\1.50.0\config_win\org.eclipse.equinox.launcher\org.eclipse.equinox.launcher.win32.win32.x86_64_1.2.1400.v20250801-0854\eclipse_11916.dll
0x00007fff22320000 - 0x00007fff224b7000 	C:\WINDOWS\System32\ole32.dll
0x00007fff206a0000 - 0x00007fff206bb000 	C:\WINDOWS\SYSTEM32\CRYPTSP.dll
0x00007fff1fdd0000 - 0x00007fff1fe0a000 	C:\WINDOWS\system32\rsaenh.dll
0x00007fff20490000 - 0x00007fff204bb000 	C:\WINDOWS\SYSTEM32\USERENV.dll
0x00007fff20fa0000 - 0x00007fff20fca000 	C:\WINDOWS\SYSTEM32\bcrypt.dll
0x00007fff206c0000 - 0x00007fff206cc000 	C:\WINDOWS\SYSTEM32\CRYPTBASE.dll
0x00007fff1f880000 - 0x00007fff1f8b4000 	C:\WINDOWS\SYSTEM32\IPHLPAPI.DLL
0x00007fff23f10000 - 0x00007fff23f1a000 	C:\WINDOWS\System32\NSI.dll
0x00007ffef4b30000 - 0x00007ffef4b79000 	C:\Users\amand\AppData\Local\Temp\jna-92925483\jna18372005457634075915.dll
0x00007fff234c0000 - 0x00007fff234c8000 	C:\WINDOWS\System32\PSAPI.DLL
0x00007fff1a4e0000 - 0x00007fff1a4fe000 	C:\WINDOWS\SYSTEM32\dhcpcsvc6.DLL
0x00007fff1a4b0000 - 0x00007fff1a4d3000 	C:\WINDOWS\SYSTEM32\dhcpcsvc.DLL
0x00007fff1d760000 - 0x00007fff1d76a000 	C:\Users\amand\.vscode\extensions\redhat.java-1.50.0-win32-x64\jre\21.0.9-win32-x86_64\bin\management.dll
0x00007fff11c70000 - 0x00007fff11c7c000 	C:\Users\amand\.vscode\extensions\redhat.java-1.50.0-win32-x64\jre\21.0.9-win32-x86_64\bin\management_ext.dll
0x00007fff11c60000 - 0x00007fff11c6e000 	C:\Users\amand\.vscode\extensions\redhat.java-1.50.0-win32-x64\jre\21.0.9-win32-x86_64\bin\sunmscapi.dll
0x00007fff21340000 - 0x00007fff214b7000 	C:\WINDOWS\System32\CRYPT32.dll
0x00007fff208c0000 - 0x00007fff208f0000 	C:\WINDOWS\SYSTEM32\ncrypt.dll
0x00007fff20870000 - 0x00007fff208af000 	C:\WINDOWS\SYSTEM32\NTASN1.dll
0x00007fff1e100000 - 0x00007fff1e109000 	C:\Users\amand\.vscode\extensions\redhat.java-1.50.0-win32-x64\jre\21.0.9-win32-x86_64\bin\extnet.dll
0x00007fff1f8c0000 - 0x00007fff1f9ec000 	C:\WINDOWS\SYSTEM32\DNSAPI.dll
0x00007fff186e0000 - 0x00007fff186eb000 	C:\Windows\System32\rasadhlp.dll
0x00007fff1a150000 - 0x00007fff1a1d6000 	C:\WINDOWS\System32\fwpuclnt.dll

JVMTI agents:
c:\Users\amand\.vscode\extensions\redhat.java-1.50.0-win32-x64\lombok\lombok-1.18.39-4050.jar path:c:\Users\amand\.vscode\extensions\redhat.java-1.50.0-win32-x64\jre\21.0.9-win32-x86_64\bin\instrument.dll, loaded, initialized, instrumentlib options:none

dbghelp: loaded successfully - version: 4.0.5 - missing functions: none
symbol engine: initialized successfully - sym options: 0x614 - pdb path: .;c:\Users\amand\.vscode\extensions\redhat.java-1.50.0-win32-x64\jre\21.0.9-win32-x86_64\bin;C:\WINDOWS\SYSTEM32;C:\WINDOWS\WinSxS\amd64_microsoft.windows.common-controls_6595b64144ccf1df_6.0.26100.7019_none_3e06ffa0e335b8a8;c:\Users\amand\.vscode\extensions\redhat.java-1.50.0-win32-x64\jre\21.0.9-win32-x86_64\bin\server;C:\Users\amand\AppData\Roaming\Code\User\globalStorage\redhat.java\1.50.0\config_win\org.eclipse.equinox.launcher\org.eclipse.equinox.launcher.win32.win32.x86_64_1.2.1400.v20250801-0854;C:\Users\amand\AppData\Local\Temp\jna-92925483

VM Arguments:
jvm_args: --add-modules=ALL-SYSTEM --add-opens=java.base/java.util=ALL-UNNAMED --add-opens=java.base/java.lang=ALL-UNNAMED --add-opens=java.base/sun.nio.fs=ALL-UNNAMED -Declipse.application=org.eclipse.jdt.ls.core.id1 -Dosgi.bundles.defaultStartLevel=4 -Declipse.product=org.eclipse.jdt.ls.core.product -Djava.import.generatesMetadataFilesAtProjectRoot=false -DDetectVMInstallationsJob.disabled=true -Dfile.encoding=utf8 -XX:+UseParallelGC -XX:GCTimeRatio=4 -XX:AdaptiveSizePolicyWeight=90 -Dsun.zip.disableMemoryMapping=true -Xmx2G -Xms100m -Xlog:disable -javaagent:c:\Users\amand\.vscode\extensions\redhat.java-1.50.0-win32-x64\lombok\lombok-1.18.39-4050.jar -XX:+HeapDumpOnOutOfMemoryError -XX:HeapDumpPath=c:\Users\amand\AppData\Roaming\Code\User\workspaceStorage\e82379910cf3ea3efa22dc0eb839d511\redhat.java -Daether.dependencyCollector.impl=bf 
java_command: c:\Users\amand\.vscode\extensions\redhat.java-1.50.0-win32-x64\server\plugins\org.eclipse.equinox.launcher_1.7.100.v20251111-0406.jar -configuration c:\Users\amand\AppData\Roaming\Code\User\globalStorage\redhat.java\1.50.0\config_win -data c:\Users\amand\AppData\Roaming\Code\User\workspaceStorage\e82379910cf3ea3efa22dc0eb839d511\redhat.java\jdt_ws --pipe=\\.\pipe\lsp-09b4e36d6636e4b862d088f78066076a-sock
java_class_path (initial): c:\Users\amand\.vscode\extensions\redhat.java-1.50.0-win32-x64\server\plugins\org.eclipse.equinox.launcher_1.7.100.v20251111-0406.jar
Launcher Type: SUN_STANDARD

[Global flags]
    uintx AdaptiveSizePolicyWeight                 = 90                                        {product} {command line}
     intx CICompilerCount                          = 12                                        {product} {ergonomic}
    uintx GCTimeRatio                              = 4                                         {product} {command line}
     bool HeapDumpOnOutOfMemoryError               = true                                   {manageable} {command line}
    ccstr HeapDumpPath                             = c:\Users\amand\AppData\Roaming\Code\User\workspaceStorage\e82379910cf3ea3efa22dc0eb839d511\redhat.java         {manageable} {command line}
   size_t InitialHeapSize                          = 104857600                                 {product} {command line}
   size_t MaxHeapSize                              = 2147483648                                {product} {command line}
   size_t MaxNewSize                               = 715653120                                 {product} {ergonomic}
   size_t MinHeapDeltaBytes                        = 524288                                    {product} {ergonomic}
   size_t MinHeapSize                              = 104857600                                 {product} {command line}
   size_t NewSize                                  = 34603008                                  {product} {ergonomic}
    uintx NonNMethodCodeHeapSize                   = 7602480                                {pd product} {ergonomic}
    uintx NonProfiledCodeHeapSize                  = 122027880                              {pd product} {ergonomic}
   size_t OldSize                                  = 70254592                                  {product} {ergonomic}
    uintx ProfiledCodeHeapSize                     = 122027880                              {pd product} {ergonomic}
    uintx ReservedCodeCacheSize                    = 251658240                              {pd product} {ergonomic}
     bool SegmentedCodeCache                       = true                                      {product} {ergonomic}
   size_t SoftMaxHeapSize                          = 2147483648                             {manageable} {ergonomic}
     bool UseCompressedOops                        = true                           {product lp64_product} {ergonomic}
     bool UseLargePagesIndividualAllocation        = false                                  {pd product} {ergonomic}
     bool UseParallelGC                            = true                                      {product} {command line}

Logging:
Log output configuration:
 #0: stdout all=off uptime,level,tags foldmultilines=false
 #1: stderr all=off uptime,level,tags foldmultilines=false

Release file:
JAVA_VERSION="21.0.9" 
MODULES="java.base java.compiler java.datatransfer java.xml java.prefs java.desktop java.instrument java.logging java.management java.security.sasl java.naming java.rmi java.management.rmi java.net.http java.scripting java.security.jgss java.transaction.xa java.sql java.sql.rowset java.xml.crypto java.se java.smartcardio jdk.accessibility jdk.internal.jvmstat jdk.attach jdk.charsets jdk.internal.opt jdk.zipfs jdk.compiler jdk.crypto.ec jdk.crypto.cryptoki jdk.crypto.mscapi jdk.dynalink jdk.internal.ed jdk.editpad jdk.hotspot.agent jdk.httpserver jdk.internal.le jdk.internal.vm.ci jdk.internal.vm.compiler jdk.internal.vm.compiler.management jdk.jartool jdk.javadoc jdk.jcmd jdk.management jdk.management.agent jdk.jconsole jdk.jdeps jdk.jdwp.agent jdk.jdi jdk.jfr jdk.jshell jdk.jsobject jdk.jstatd jdk.localedata jdk.management.jfr jdk.naming.dns jdk.naming.rmi jdk.net jdk.nio.mapmode jdk.random jdk.sctp jdk.security.auth jdk.security.jgss jdk.unsupported jdk.unsupported.desktop jdk.xml.dom" 

Environment Variables:
JAVA_HOME=C:\Program Files\Java\jdk-17
PATH=C:\WINDOWS\system32;C:\WINDOWS;C:\WINDOWS\System32\Wbem;C:\WINDOWS\System32\WindowsPowerShell\v1.0\;C:\WINDOWS\System32\OpenSSH\;C:\Program Files\dotnet\;C:\Program Files\Microsoft SQL Server\Client SDK\ODBC\170\Tools\Binn\;C:\Program Files (x86)\Microsoft SQL Server\150\Tools\Binn\;C:\Program Files\Microsoft SQL Server\150\Tools\Binn\;C:\Program Files\Microsoft SQL Server\150\DTS\Binn\;C:\Program Files (x86)\Microsoft SQL Server\160\DTS\Binn\;C:\Program Files\Git\cmd;C:\ProgramData\chocolatey\bin;C:\Program Files\DAX Studio;C:\apache-maven-3.9.11-bin\apache-maven-3.9.11\bin;C:\Program Files\Java\jdk-17\bin;C:\Users\amand\AppData\Local\Programs\Python\Python39\Scripts\;C:\Users\amand\AppData\Local\Programs\Python\Python39\;C:\Users\amand\anaconda3;C:\Users\amand\anaconda3\Library\mingw-w64\bin;C:\Users\amand\anaconda3\Library\usr\bin;C:\Users\amand\anaconda3\Library\bin;C:\Users\amand\anaconda3\Scripts;C:\WINDOWS\system32;C:\WINDOWS;C:\WINDOWS\System32\Wbem;C:\WINDOWS\System32\WindowsPowerShell\v1.0\;C:\WINDOWS\System32\OpenSSH\;C:\Program Files\dotnet\;C:\Program Files\Microsoft SQL Server\Client SDK\ODBC\170\Tools\Binn\;C:\Program Files (x86)\Microsoft SQL Server\150\Tools\Binn\;C:\Program Files\Microsoft SQL Server\150\Tools\Binn\;C:\Program Files\Microsoft SQL Server\150\DTS\Binn\;C:\Program Files (x86)\Microsoft SQL Server\160\DTS\Binn\;C:\Users\amand\AppData\Local\Programs\Python\Python313\Scripts\;C:\Users\amand\AppData\Local\Programs\Python\Python313\;C:\Users\amand\AppData\Local\Microsoft\WindowsApps;C:\Users\amand\AppData\Local\Muse Hub\lib;C:\Users\amand\AppData\Local\Programs\Microsoft VS Code\bin;C:\Program Files\Git\bin;
USERNAME=amand
OS=Windows_NT
PROCESSOR_IDENTIFIER=AMD64 Family 25 Model 80 Stepping 0, AuthenticAMD
TMP=C:\Users\amand\AppData\Local\Temp
TEMP=C:\Users\amand\AppData\Local\Temp




Periodic native trim disabled

---------------  S Y S T E M  ---------------

OS:
 Windows 11 , 64 bit Build 26100 (10.0.26100.7019)
OS uptime: 0 days 4:08 hours

CPU: total 16 (initial active 16) (16 cores per cpu, 2 threads per core) family 25 model 80 stepping 0 microcode 0xa50000d, cx8, cmov, fxsr, ht, mmx, 3dnowpref, sse, sse2, sse3, ssse3, sse4a, sse4.1, sse4.2, popcnt, lzcnt, tsc, tscinvbit, avx, avx2, aes, erms, clmul, bmi1, bmi2, adx, sha, fma, vzeroupper, clflush, clflushopt, rdtscp, rdpid, fsrm, f16c, pku, cet_ss
Processor Information for the first 16 processors :
  Max Mhz: 3801, Current Mhz: 3801, Mhz Limit: 3801

Memory: 4k page, system-wide physical 15763M (3009M free)
TotalPageFile size 18629M (AvailPageFile size 4M)
current process WorkingSet (physical memory assigned to process): 1281M, peak: 1282M
current process commit charge ("private bytes"): 1363M, peak: 1366M

vm_info: OpenJDK 64-Bit Server VM (21.0.9+10-LTS) for windows-amd64 JRE (21.0.9+10-LTS), built on 2025-10-21T00:00:00Z by "admin" with unknown MS VC++:1942

END.
