#
# There is insufficient memory for the Java Runtime Environment to continue.
# Native memory allocation (malloc) failed to allocate 1081696 bytes. Error detail: Chunk::new
# Possible reasons:
#   The system is out of physical RAM or swap space
#   This process is running with CompressedOops enabled, and the Java Heap may be blocking the growth of the native heap
# Possible solutions:
#   Reduce memory load on the system
#   Increase physical memory or swap space
#   Check if swap backing store is full
#   Decrease Java heap size (-Xmx/-Xms)
#   Decrease number of Java threads
#   Decrease Java thread stack sizes (-Xss)
#   Set larger code cache with -XX:ReservedCodeCacheSize=
#   JVM is running with Unscaled Compressed Oops mode in which the Java heap is
#     placed in the first 4GB address space. The Java Heap base address is the
#     maximum limit for the native heap growth. Please use -XX:HeapBaseMinAddress
#     to set the Java Heap base and to place the Java Heap above 4GB virtual address.
# This output file may be truncated or incomplete.
#
#  Out of Memory Error (arena.cpp:168), pid=21220, tid=19772
#
# JRE version: OpenJDK Runtime Environment Temurin-21.0.9+10 (21.0.9+10) (build 21.0.9+10-LTS)
# Java VM: OpenJDK 64-Bit Server VM Temurin-21.0.9+10 (21.0.9+10-LTS, mixed mode, sharing, tiered, compressed oops, compressed class ptrs, parallel gc, windows-amd64)
# No core dump will be written. Minidumps are not enabled by default on client versions of Windows
#

---------------  S U M M A R Y ------------

Command Line: --add-modules=ALL-SYSTEM --add-opens=java.base/java.util=ALL-UNNAMED --add-opens=java.base/java.lang=ALL-UNNAMED --add-opens=java.base/sun.nio.fs=ALL-UNNAMED -Declipse.application=org.eclipse.jdt.ls.core.id1 -Dosgi.bundles.defaultStartLevel=4 -Declipse.product=org.eclipse.jdt.ls.core.product -Djava.import.generatesMetadataFilesAtProjectRoot=false -DDetectVMInstallationsJob.disabled=true -Dfile.encoding=utf8 -XX:+UseParallelGC -XX:GCTimeRatio=4 -XX:AdaptiveSizePolicyWeight=90 -Dsun.zip.disableMemoryMapping=true -Xmx2G -Xms100m -Xlog:disable -javaagent:c:\Users\amand\.vscode\extensions\redhat.java-1.50.0-win32-x64\lombok\lombok-1.18.39-4050.jar -XX:+HeapDumpOnOutOfMemoryError -XX:HeapDumpPath=c:\Users\amand\AppData\Roaming\Code\User\workspaceStorage\e82379910cf3ea3efa22dc0eb839d511\redhat.java -Daether.dependencyCollector.impl=bf c:\Users\amand\.vscode\extensions\redhat.java-1.50.0-win32-x64\server\plugins\org.eclipse.equinox.launcher_1.7.100.v20251111-0406.jar -configuration c:\Users\amand\AppData\Roaming\Code\User\globalStorage\redhat.java\1.50.0\config_win -data c:\Users\amand\AppData\Roaming\Code\User\workspaceStorage\e82379910cf3ea3efa22dc0eb839d511\redhat.java\jdt_ws --pipe=\\.\pipe\lsp-55336dbd8545facb99f9d4620c782e0b-sock

Host: AMD Ryzen 7 5700G with Radeon Graphics         , 16 cores, 15G,  Windows 11 , 64 bit Build 26100 (10.0.26100.7019)
Time: Wed Dec  3 01:02:48 2025 Hora Padrão de Buenos Aires elapsed time: 1717.789793 seconds (0d 0h 28m 37s)

---------------  T H R E A D  ---------------

Current thread (0x000001c3a437b1c0):  JavaThread "C2 CompilerThread1" daemon [_thread_in_native, id=19772, stack(0x00000093d7200000,0x00000093d7300000) (1024K)]


Current CompileTask:
C2:1717789 25749       4       org.eclipse.jdt.internal.core.dom.rewrite.ASTRewriteAnalyzer::voidVisit (45 bytes)

Stack: [0x00000093d7200000,0x00000093d7300000]
Native frames: (J=compiled Java code, j=interpreted, Vv=VM code, C=native code)
V  [jvm.dll+0x6d6e29]
V  [jvm.dll+0x8b4b76]
V  [jvm.dll+0x8b712e]
V  [jvm.dll+0x8b7813]
V  [jvm.dll+0x283d86]
V  [jvm.dll+0xc66ed]
V  [jvm.dll+0xc6c31]
V  [jvm.dll+0x2facee]
V  [jvm.dll+0x5fde44]
V  [jvm.dll+0x255557]
V  [jvm.dll+0x25591d]
V  [jvm.dll+0x24df40]
V  [jvm.dll+0x24b482]
V  [jvm.dll+0x1cb13e]
V  [jvm.dll+0x25b29d]
V  [jvm.dll+0x25982a]
V  [jvm.dll+0x3f7ea6]
V  [jvm.dll+0x85e9ad]
V  [jvm.dll+0x6d565d]
C  [ucrtbase.dll+0x37b0]
C  [KERNEL32.DLL+0x2e8d7]
C  [ntdll.dll+0x8c53c]


---------------  P R O C E S S  ---------------

Threads class SMR info:
_java_thread_list=0x000001c3a2093390, length=76, elements={
0x000001c33b461b30, 0x000001c353bc8fe0, 0x000001c353bcdb20, 0x000001c353bd04c0,
0x000001c353bd2c20, 0x000001c353bd0b50, 0x000001c353bd11e0, 0x000001c3961a5a10,
0x000001c3961a9e60, 0x000001c353bd1870, 0x000001c353bd1f00, 0x000001c39cb0c770,
0x000001c39cb0ce00, 0x000001c39cb0d490, 0x000001c39cb0eed0, 0x000001c39cea7a50,
0x000001c39cea6010, 0x000001c39cea66a0, 0x000001c39cea80e0, 0x000001c39cea5980,
0x000001c39ceac280, 0x000001c39cea9490, 0x000001c39ceacfa0, 0x000001c39ceaa840,
0x000001c39ceac910, 0x000001c39ceaaed0, 0x000001c3a0061360, 0x000001c3a005ffb0,
0x000001c3a0060cd0, 0x000001c3a005f920, 0x000001c3a00619f0, 0x000001c3a0062710,
0x000001c3a0062080, 0x000001c3a0062da0, 0x000001c3a0063430, 0x000001c3a0063ac0,
0x000001c3a0060640, 0x000001c3a0065500, 0x000001c3a00668b0, 0x000001c3a0064150,
0x000001c3a0064e70, 0x000001c39e3b7fa0, 0x000001c39e3bbab0, 0x000001c39e3b8630,
0x000001c39e3bc7d0, 0x000001c39e3b9350, 0x000001c39e3bef30, 0x000001c39e3be210,
0x000001c39cb0ad30, 0x000001c3a3371080, 0x000001c39f8bb570, 0x000001c3a0d1d290,
0x000001c39f8b94a0, 0x000001c39f8bbc00, 0x000001c39f8ba850, 0x000001c3a336efb0,
0x000001c3a3370360, 0x000001c3a33709f0, 0x000001c3a336dc00, 0x000001c3a336e290,
0x000001c3a0065b90, 0x000001c3a00647e0, 0x000001c3a0d1ecd0, 0x000001c3a0d227e0,
0x000001c39e3bc140, 0x000001c39e3bdb80, 0x000001c39cb10910, 0x000001c3a34dc420,
0x000001c3a34da9e0, 0x000001c3a34db070, 0x000001c3a34d8fa0, 0x000001c3a34dbd90,
0x000001c3a34db700, 0x000001c3a34d9cc0, 0x000001c3a34dcab0, 0x000001c3a437b1c0
}

Java Threads: ( => current thread )
  0x000001c33b461b30 JavaThread "main"                              [_thread_blocked, id=21208, stack(0x00000093d3500000,0x00000093d3600000) (1024K)]
  0x000001c353bc8fe0 JavaThread "Reference Handler"          daemon [_thread_blocked, id=20652, stack(0x00000093d3900000,0x00000093d3a00000) (1024K)]
  0x000001c353bcdb20 JavaThread "Finalizer"                  daemon [_thread_blocked, id=20912, stack(0x00000093d3a00000,0x00000093d3b00000) (1024K)]
  0x000001c353bd04c0 JavaThread "Signal Dispatcher"          daemon [_thread_blocked, id=20620, stack(0x00000093d3b00000,0x00000093d3c00000) (1024K)]
  0x000001c353bd2c20 JavaThread "Attach Listener"            daemon [_thread_blocked, id=20768, stack(0x00000093d3c00000,0x00000093d3d00000) (1024K)]
  0x000001c353bd0b50 JavaThread "Service Thread"             daemon [_thread_blocked, id=20520, stack(0x00000093d3d00000,0x00000093d3e00000) (1024K)]
  0x000001c353bd11e0 JavaThread "Monitor Deflation Thread"   daemon [_thread_blocked, id=20672, stack(0x00000093d3e00000,0x00000093d3f00000) (1024K)]
  0x000001c3961a5a10 JavaThread "C2 CompilerThread0"         daemon [_thread_blocked, id=20664, stack(0x00000093d3f00000,0x00000093d4000000) (1024K)]
  0x000001c3961a9e60 JavaThread "C1 CompilerThread0"         daemon [_thread_blocked, id=20628, stack(0x00000093d4000000,0x00000093d4100000) (1024K)]
  0x000001c353bd1870 JavaThread "Common-Cleaner"             daemon [_thread_blocked, id=20860, stack(0x00000093d4400000,0x00000093d4500000) (1024K)]
  0x000001c353bd1f00 JavaThread "Notification Thread"        daemon [_thread_blocked, id=20760, stack(0x00000093d4300000,0x00000093d4400000) (1024K)]
  0x000001c39cb0c770 JavaThread "Active Thread: Equinox Container: ad2a3864-4cf1-43ad-b928-7fdc5721947a"        [_thread_blocked, id=21232, stack(0x00000093d5300000,0x00000093d5400000) (1024K)]
  0x000001c39cb0ce00 JavaThread "Framework Event Dispatcher: Equinox Container: ad2a3864-4cf1-43ad-b928-7fdc5721947a" daemon [_thread_blocked, id=20976, stack(0x00000093d4100000,0x00000093d4200000) (1024K)]
  0x000001c39cb0d490 JavaThread "Start Level: Equinox Container: ad2a3864-4cf1-43ad-b928-7fdc5721947a" daemon [_thread_blocked, id=21040, stack(0x00000093d4500000,0x00000093d4600000) (1024K)]
  0x000001c39cb0eed0 JavaThread "Refresh Thread: Equinox Container: ad2a3864-4cf1-43ad-b928-7fdc5721947a" daemon [_thread_blocked, id=21336, stack(0x00000093d5500000,0x00000093d5600000) (1024K)]
  0x000001c39cea7a50 JavaThread "Bundle File Closer"         daemon [_thread_blocked, id=21420, stack(0x00000093d6600000,0x00000093d6700000) (1024K)]
  0x000001c39cea6010 JavaThread "SCR Component Actor"        daemon [_thread_blocked, id=19424, stack(0x00000093d5600000,0x00000093d5700000) (1024K)]
  0x000001c39cea66a0 JavaThread "Worker-JM"                         [_thread_blocked, id=21056, stack(0x00000093d6700000,0x00000093d6800000) (1024K)]
  0x000001c39cea80e0 JavaThread "JNA Cleaner"                daemon [_thread_blocked, id=4276, stack(0x00000093d6900000,0x00000093d6a00000) (1024K)]
  0x000001c39cea5980 JavaThread "Java indexing"              daemon [_thread_blocked, id=21116, stack(0x00000093d6e00000,0x00000093d6f00000) (1024K)]
  0x000001c39ceac280 JavaThread "Thread-1"                   daemon [_thread_in_native, id=20756, stack(0x00000093d7700000,0x00000093d7800000) (1024K)]
  0x000001c39cea9490 JavaThread "Thread-2"                   daemon [_thread_in_native, id=21200, stack(0x00000093d7800000,0x00000093d7900000) (1024K)]
  0x000001c39ceacfa0 JavaThread "Thread-3"                   daemon [_thread_in_native, id=19928, stack(0x00000093d7900000,0x00000093d7a00000) (1024K)]
  0x000001c39ceaa840 JavaThread "Thread-4"                   daemon [_thread_in_native, id=2768, stack(0x00000093d7a00000,0x00000093d7b00000) (1024K)]
  0x000001c39ceac910 JavaThread "Thread-5"                   daemon [_thread_in_native, id=20360, stack(0x00000093d7b00000,0x00000093d7c00000) (1024K)]
  0x000001c39ceaaed0 JavaThread "Thread-6"                   daemon [_thread_in_native, id=15104, stack(0x00000093d7c00000,0x00000093d7d00000) (1024K)]
  0x000001c3a0061360 JavaThread "Thread-7"                   daemon [_thread_in_native, id=9856, stack(0x00000093d7d00000,0x00000093d7e00000) (1024K)]
  0x000001c3a005ffb0 JavaThread "Thread-8"                   daemon [_thread_in_native, id=21344, stack(0x00000093d7e00000,0x00000093d7f00000) (1024K)]
  0x000001c3a0060cd0 JavaThread "Thread-9"                   daemon [_thread_in_native, id=20600, stack(0x00000093d7f00000,0x00000093d8000000) (1024K)]
  0x000001c3a005f920 JavaThread "Thread-10"                  daemon [_thread_in_native, id=19720, stack(0x00000093d8000000,0x00000093d8100000) (1024K)]
  0x000001c3a00619f0 JavaThread "Thread-11"                  daemon [_thread_in_native, id=20660, stack(0x00000093d8100000,0x00000093d8200000) (1024K)]
  0x000001c3a0062710 JavaThread "Thread-12"                  daemon [_thread_in_native, id=20724, stack(0x00000093d8200000,0x00000093d8300000) (1024K)]
  0x000001c3a0062080 JavaThread "Thread-13"                  daemon [_thread_in_native, id=21300, stack(0x00000093d8300000,0x00000093d8400000) (1024K)]
  0x000001c3a0062da0 JavaThread "Thread-14"                  daemon [_thread_in_native, id=20556, stack(0x00000093d8400000,0x00000093d8500000) (1024K)]
  0x000001c3a0063430 JavaThread "Thread-15"                  daemon [_thread_in_native, id=20224, stack(0x00000093d8500000,0x00000093d8600000) (1024K)]
  0x000001c3a0063ac0 JavaThread "Thread-16"                  daemon [_thread_in_native, id=17776, stack(0x00000093d8600000,0x00000093d8700000) (1024K)]
  0x000001c3a0060640 JavaThread "Thread-17"                  daemon [_thread_in_native, id=20932, stack(0x00000093d8700000,0x00000093d8800000) (1024K)]
  0x000001c3a0065500 JavaThread "pool-2-thread-1"                   [_thread_blocked, id=19324, stack(0x00000093d8b00000,0x00000093d8c00000) (1024K)]
  0x000001c3a00668b0 JavaThread "WorkspaceEventsHandler"            [_thread_blocked, id=21108, stack(0x00000093d8c00000,0x00000093d8d00000) (1024K)]
  0x000001c3a0064150 JavaThread "pool-1-thread-1"                   [_thread_blocked, id=21128, stack(0x00000093d8d00000,0x00000093d8e00000) (1024K)]
  0x000001c3a0064e70 JavaThread "ForkJoinPool.commonPool-worker-2" daemon [_thread_blocked, id=21380, stack(0x00000093d4e00000,0x00000093d4f00000) (1024K)]
  0x000001c39e3b7fa0 JavaThread "ForkJoinPool.commonPool-worker-3" daemon [_thread_blocked, id=17804, stack(0x00000093d8900000,0x00000093d8a00000) (1024K)]
  0x000001c39e3bbab0 JavaThread "ForkJoinPool.commonPool-worker-4" daemon [_thread_blocked, id=11912, stack(0x00000093d8a00000,0x00000093d8b00000) (1024K)]
  0x000001c39e3b8630 JavaThread "ForkJoinPool.commonPool-worker-5" daemon [_thread_blocked, id=13684, stack(0x00000093d8e00000,0x00000093d8f00000) (1024K)]
  0x000001c39e3bc7d0 JavaThread "ForkJoinPool.commonPool-worker-7" daemon [_thread_blocked, id=19932, stack(0x00000093d9000000,0x00000093d9100000) (1024K)]
  0x000001c39e3b9350 JavaThread "ForkJoinPool.commonPool-worker-8" daemon [_thread_blocked, id=18512, stack(0x00000093d9100000,0x00000093d9200000) (1024K)]
  0x000001c39e3bef30 JavaThread "ForkJoinPool.commonPool-worker-9" daemon [_thread_blocked, id=14492, stack(0x00000093d9200000,0x00000093d9300000) (1024K)]
  0x000001c39e3be210 JavaThread "ForkJoinPool.commonPool-worker-10" daemon [_thread_blocked, id=15776, stack(0x00000093d9300000,0x00000093d9400000) (1024K)]
  0x000001c39cb0ad30 JavaThread "Cleaner-0"                  daemon [_thread_blocked, id=21272, stack(0x00000093d4d00000,0x00000093d4e00000) (1024K)]
  0x000001c3a3371080 JavaThread "ForkJoinPool.commonPool-worker-11" daemon [_thread_blocked, id=21028, stack(0x00000093d5b00000,0x00000093d5c00000) (1024K)]
  0x000001c39f8bb570 JavaThread "Worker-8"                          [_thread_blocked, id=16096, stack(0x00000093d5d00000,0x00000093d5e00000) (1024K)]
  0x000001c3a0d1d290 JavaThread "Compiler Source File Reader" daemon [_thread_blocked, id=21436, stack(0x00000093d3300000,0x00000093d3400000) (1024K)]
  0x000001c39f8b94a0 JavaThread "Worker-12"                         [_thread_blocked, id=20172, stack(0x00000093d5000000,0x00000093d5100000) (1024K)]
  0x000001c39f8bbc00 JavaThread "Compiler Source File Reader" daemon [_thread_blocked, id=17100, stack(0x00000093d3400000,0x00000093d3500000) (1024K)]
  0x000001c39f8ba850 JavaThread "Compiler Processing Task"   daemon [_thread_blocked, id=3700, stack(0x00000093d4600000,0x00000093d4700000) (1024K)]
  0x000001c3a336efb0 JavaThread "Worker-13"                         [_thread_blocked, id=16648, stack(0x00000093d4f00000,0x00000093d5000000) (1024K)]
  0x000001c3a3370360 JavaThread "Compiler Source File Reader" daemon [_thread_blocked, id=11992, stack(0x00000093d5100000,0x00000093d5200000) (1024K)]
  0x000001c3a33709f0 JavaThread "Worker-14"                         [_thread_blocked, id=15268, stack(0x00000093d5200000,0x00000093d5300000) (1024K)]
  0x000001c3a336dc00 JavaThread "Compiler Source File Reader" daemon [_thread_blocked, id=20640, stack(0x00000093d5400000,0x00000093d5500000) (1024K)]
  0x000001c3a336e290 JavaThread "Compiler Source File Reader" daemon [_thread_blocked, id=21424, stack(0x00000093d5800000,0x00000093d5900000) (1024K)]
  0x000001c3a0065b90 JavaThread "Compiler Source File Reader" daemon [_thread_blocked, id=19388, stack(0x00000093d5900000,0x00000093d5a00000) (1024K)]
  0x000001c3a00647e0 JavaThread "Compiler Source File Reader" daemon [_thread_blocked, id=19148, stack(0x00000093d5a00000,0x00000093d5b00000) (1024K)]
  0x000001c3a0d1ecd0 JavaThread "Compiler Source File Reader" daemon [_thread_blocked, id=12280, stack(0x00000093d5c00000,0x00000093d5d00000) (1024K)]
  0x000001c3a0d227e0 JavaThread "Compiler Source File Reader" daemon [_thread_blocked, id=11316, stack(0x00000093d5e00000,0x00000093d5f00000) (1024K)]
  0x000001c39e3bc140 JavaThread "Compiler Source File Reader" daemon [_thread_blocked, id=17560, stack(0x00000093d5f00000,0x00000093d6000000) (1024K)]
  0x000001c39e3bdb80 JavaThread "Compiler Source File Reader" daemon [_thread_blocked, id=5552, stack(0x00000093d6000000,0x00000093d6100000) (1024K)]
  0x000001c39cb10910 JavaThread "Compiler Source File Reader" daemon [_thread_blocked, id=14080, stack(0x00000093d6100000,0x00000093d6200000) (1024K)]
  0x000001c3a34dc420 JavaThread "Compiler Source File Reader" daemon [_thread_blocked, id=15568, stack(0x00000093d6200000,0x00000093d6300000) (1024K)]
  0x000001c3a34da9e0 JavaThread "Compiler Source File Reader" daemon [_thread_blocked, id=16960, stack(0x00000093d6a00000,0x00000093d6b00000) (1024K)]
  0x000001c3a34db070 JavaThread "ForkJoinPool.commonPool-worker-13" daemon [_thread_blocked, id=7396, stack(0x00000093d6b00000,0x00000093d6c00000) (1024K)]
  0x000001c3a34d8fa0 JavaThread "ForkJoinPool.commonPool-worker-14" daemon [_thread_blocked, id=16084, stack(0x00000093d6c00000,0x00000093d6d00000) (1024K)]
  0x000001c3a34dbd90 JavaThread "ForkJoinPool.commonPool-worker-15" daemon [_thread_blocked, id=19360, stack(0x00000093d6d00000,0x00000093d6e00000) (1024K)]
  0x000001c3a34db700 JavaThread "ForkJoinPool.commonPool-worker-16" daemon [_thread_blocked, id=3184, stack(0x00000093d6f00000,0x00000093d7000000) (1024K)]
  0x000001c3a34d9cc0 JavaThread "ForkJoinPool.commonPool-worker-17" daemon [_thread_blocked, id=14972, stack(0x00000093d7000000,0x00000093d7100000) (1024K)]
  0x000001c3a34dcab0 JavaThread "ForkJoinPool.commonPool-worker-18" daemon [_thread_blocked, id=19256, stack(0x00000093d7100000,0x00000093d7200000) (1024K)]
=>0x000001c3a437b1c0 JavaThread "C2 CompilerThread1"         daemon [_thread_in_native, id=19772, stack(0x00000093d7200000,0x00000093d7300000) (1024K)]
Total: 76

Other Threads:
  0x000001c3961a4ba0 VMThread "VM Thread"                           [id=20888, stack(0x00000093d3800000,0x00000093d3900000) (1024K)]
  0x000001c353abca00 WatcherThread "VM Periodic Task Thread"        [id=5852, stack(0x00000093d3700000,0x00000093d3800000) (1024K)]
  0x000001c33b4799b0 WorkerThread "GC Thread#0"                     [id=20784, stack(0x00000093d3600000,0x00000093d3700000) (1024K)]
  0x000001c39c8de040 WorkerThread "GC Thread#1"                     [id=20544, stack(0x00000093d4700000,0x00000093d4800000) (1024K)]
  0x000001c39c20cfd0 WorkerThread "GC Thread#2"                     [id=20564, stack(0x00000093d4800000,0x00000093d4900000) (1024K)]
  0x000001c39cadd820 WorkerThread "GC Thread#3"                     [id=20532, stack(0x00000093d4900000,0x00000093d4a00000) (1024K)]
  0x000001c39c8de3e0 WorkerThread "GC Thread#4"                     [id=20924, stack(0x00000093d4a00000,0x00000093d4b00000) (1024K)]
  0x000001c39c8de780 WorkerThread "GC Thread#5"                     [id=20736, stack(0x00000093d4b00000,0x00000093d4c00000) (1024K)]
  0x000001c39c622670 WorkerThread "GC Thread#6"                     [id=20744, stack(0x00000093d4c00000,0x00000093d4d00000) (1024K)]
  0x000001c39c7a4620 WorkerThread "GC Thread#7"                     [id=20980, stack(0x00000093d4200000,0x00000093d4300000) (1024K)]
  0x000001c39ca51720 WorkerThread "GC Thread#8"                     [id=20992, stack(0x00000093d6300000,0x00000093d6400000) (1024K)]
  0x000001c39ca52ce0 WorkerThread "GC Thread#9"                     [id=20508, stack(0x00000093d6400000,0x00000093d6500000) (1024K)]
  0x000001c39ca52940 WorkerThread "GC Thread#10"                    [id=21440, stack(0x00000093d6500000,0x00000093d6600000) (1024K)]
  0x000001c39ca52200 WorkerThread "GC Thread#11"                    [id=21124, stack(0x00000093d5700000,0x00000093d5800000) (1024K)]
  0x000001c396455740 WorkerThread "GC Thread#12"                    [id=18744, stack(0x00000093d6800000,0x00000093d6900000) (1024K)]
Total: 15

Threads with active compile tasks:
C2 CompilerThread1  1717825 25749       4       org.eclipse.jdt.internal.core.dom.rewrite.ASTRewriteAnalyzer::voidVisit (45 bytes)
Total: 1

VM state: not at safepoint (normal execution)

VM Mutex/Monitor currently owned by a thread: None

Heap address: 0x0000000080000000, size: 2048 MB, Compressed Oops mode: 32-bit

CDS archive(s) mapped at: [0x000001c354000000-0x000001c354ba0000-0x000001c354ba0000), size 12189696, SharedBaseAddress: 0x000001c354000000, ArchiveRelocationMode: 1.
Compressed class space mapped at: 0x000001c355000000-0x000001c395000000, reserved size: 1073741824
Narrow klass base: 0x000001c354000000, Narrow klass shift: 0, Narrow klass range: 0x100000000

GC Precious Log:
 CardTable entry size: 512
 CPUs: 16 total, 16 available
 Memory: 15763M
 Large Page Support: Disabled
 NUMA Support: Disabled
 Compressed Oops: Enabled (32-bit)
 Alignments: Space 512K, Generation 512K, Heap 2M
 Heap Min Capacity: 100M
 Heap Initial Capacity: 100M
 Heap Max Capacity: 2G
 Pre-touch: Disabled
 Parallel Workers: 13

Heap:
 PSYoungGen      total 6144K, used 5032K [0x00000000d5580000, 0x00000000d5d00000, 0x0000000100000000)
  eden space 5120K, 80% used [0x00000000d5580000,0x00000000d5982358,0x00000000d5a80000)
  from space 1024K, 90% used [0x00000000d5b00000,0x00000000d5be8000,0x00000000d5c00000)
  to   space 1024K, 0% used [0x00000000d5c00000,0x00000000d5c00000,0x00000000d5d00000)
 ParOldGen       total 956928K, used 956688K [0x0000000080000000, 0x00000000ba680000, 0x00000000d5580000)
  object space 956928K, 99% used [0x0000000080000000,0x00000000ba6441c0,0x00000000ba680000)
 Metaspace       used 91887K, committed 93760K, reserved 1179648K
  class space    used 9162K, committed 10112K, reserved 1048576K

Card table byte_map: [0x000001c34ef20000,0x000001c34f330000] _byte_map_base: 0x000001c34eb20000

Marking Bits: (ParMarkBitMap*) 0x00007ffebc8c2460
 Begin Bits: [0x000001c34f5e0000, 0x000001c3515e0000)
 End Bits:   [0x000001c3515e0000, 0x000001c3535e0000)

Polling page: 0x000001c33b180000

Metaspace:

Usage:
  Non-class:     80.79 MB used.
      Class:      8.95 MB used.
       Both:     89.73 MB used.

Virtual space:
  Non-class space:      128.00 MB reserved,      81.69 MB ( 64%) committed,  2 nodes.
      Class space:        1.00 GB reserved,       9.88 MB ( <1%) committed,  1 nodes.
             Both:        1.12 GB reserved,      91.56 MB (  8%) committed. 

Chunk freelists:
   Non-Class:  13.64 MB
       Class:  6.18 MB
        Both:  19.82 MB

MaxMetaspaceSize: unlimited
CompressedClassSpaceSize: 1.00 GB
Initial GC threshold: 21.00 MB
Current GC threshold: 146.88 MB
CDS: on
 - commit_granule_bytes: 65536.
 - commit_granule_words: 8192.
 - virtual_space_node_default_size: 8388608.
 - enlarge_chunks_in_place: 1.
 - use_allocation_guard: 0.


Internal statistics:

num_allocs_failed_limit: 9.
num_arena_births: 1834.
num_arena_deaths: 40.
num_vsnodes_births: 3.
num_vsnodes_deaths: 0.
num_space_committed: 1465.
num_space_uncommitted: 0.
num_chunks_returned_to_freelist: 61.
num_chunks_taken_from_freelist: 6485.
num_chunk_merges: 25.
num_chunk_splits: 3812.
num_chunks_enlarged: 1945.
num_inconsistent_stats: 0.

CodeHeap 'non-profiled nmethods': size=119168Kb used=25468Kb max_used=25468Kb free=93699Kb
 bounds [0x000001c3478e0000, 0x000001c3491c0000, 0x000001c34ed40000]
CodeHeap 'profiled nmethods': size=119104Kb used=53711Kb max_used=53711Kb free=65393Kb
 bounds [0x000001c33fd40000, 0x000001c3431c0000, 0x000001c347190000]
CodeHeap 'non-nmethods': size=7488Kb used=1528Kb max_used=3293Kb free=5959Kb
 bounds [0x000001c347190000, 0x000001c3474d0000, 0x000001c3478e0000]
CodeCache: size=245760Kb, used=80707Kb, max_used=82472Kb, free=165051Kb
 total_blobs=22758, nmethods=21914, adapters=743, full_count=0
Compilation: enabled, stopped_count=0, restarted_count=0

Compilation events (20 events):
Event: 1716.693 Thread 0x000001c3961a5a10 nmethod 25738 0x000001c3491b2010 code [0x000001c3491b21a0, 0x000001c3491b2340]
Event: 1716.693 Thread 0x000001c3961a5a10 25739  s    4       org.eclipse.jdt.core.dom.DefaultBindingResolver::resolveVariable (152 bytes)
Event: 1716.693 Thread 0x000001c3961a9e60 25762       3       org.eclipse.jdt.internal.corext.dom.HierarchicalASTVisitor::visit (6 bytes)
Event: 1716.693 Thread 0x000001c3961a9e60 nmethod 25762 0x000001c3431b2110 code [0x000001c3431b22c0, 0x000001c3431b2488]
Event: 1716.693 Thread 0x000001c3961a9e60 25763       3       org.eclipse.jdt.internal.corext.dom.HierarchicalASTVisitor::endVisit (6 bytes)
Event: 1716.693 Thread 0x000001c3961a9e60 nmethod 25763 0x000001c3431b2510 code [0x000001c3431b26c0, 0x000001c3431b2980]
Event: 1716.718 Thread 0x000001c3961a5a10 nmethod 25739 0x000001c3491b2410 code [0x000001c3491b2760, 0x000001c3491b4150]
Event: 1716.718 Thread 0x000001c3961a5a10 25764       4       java.lang.Integer::parseInt (7 bytes)
Event: 1716.721 Thread 0x000001c3961a5a10 nmethod 25764 0x000001c3491b5390 code [0x000001c3491b5580, 0x000001c3491b59e0]
Event: 1716.721 Thread 0x000001c3961a5a10 25765 %     4       org.eclipse.jdt.internal.compiler.ast.CompilationUnitDeclaration::finalizeProblems @ 143 (990 bytes)
Event: 1716.725 Thread 0x000001c3961a9e60 25766       3       org.eclipse.jdt.internal.compiler.codegen.ConstantPool::putInDynamicCacheIfAbsent (213 bytes)
Event: 1716.725 Thread 0x000001c3961a9e60 nmethod 25766 0x000001c3431b2a90 code [0x000001c3431b2d60, 0x000001c3431b3bf8]
Event: 1716.727 Thread 0x000001c3961a5a10 nmethod 25765% 0x000001c3491b5e90 code [0x000001c3491b60a0, 0x000001c3491b6950]
Event: 1716.728 Thread 0x000001c3961a5a10 25767       4       org.eclipse.jdt.internal.compiler.codegen.BranchLabel::place (377 bytes)
Event: 1716.736 Thread 0x000001c3961a9e60 25770       3       org.eclipse.jdt.internal.compiler.lookup.ArrayBinding::isCompatibleWith (276 bytes)
Event: 1716.737 Thread 0x000001c3961a9e60 nmethod 25770 0x000001c3431b4190 code [0x000001c3431b4440, 0x000001c3431b5368]
Event: 1716.737 Thread 0x000001c3961a9e60 25771       3       org.eclipse.jdt.internal.compiler.ast.FakedTrackingVariable$IteratorForReporting::setUpForStage (19 bytes)
Event: 1716.737 Thread 0x000001c3961a9e60 nmethod 25771 0x000001c3431b5710 code [0x000001c3431b58c0, 0x000001c3431b5ae0]
Event: 1716.749 Thread 0x000001c3961a5a10 nmethod 25767 0x000001c3491b7290 code [0x000001c3491b75c0, 0x000001c3491b8ce8]
Event: 1716.749 Thread 0x000001c3961a5a10 25769       4       org.eclipse.jdt.internal.compiler.lookup.PackageBinding::getTypeOrPackage (368 bytes)

GC Heap History (20 events):
Event: 1715.635 GC heap before
{Heap before GC invocations=2615 (full 5):
 PSYoungGen      total 4608K, used 4320K [0x00000000d5580000, 0x00000000d5b80000, 0x0000000100000000)
  eden space 3584K, 100% used [0x00000000d5580000,0x00000000d5900000,0x00000000d5900000)
  from space 1024K, 71% used [0x00000000d5900000,0x00000000d59b8020,0x00000000d5a00000)
  to   space 1024K, 0% used [0x00000000d5a80000,0x00000000d5a80000,0x00000000d5b80000)
 ParOldGen       total 951808K, used 951759K [0x0000000080000000, 0x00000000ba180000, 0x00000000d5580000)
  object space 951808K, 99% used [0x0000000080000000,0x00000000ba173c20,0x00000000ba180000)
 Metaspace       used 91847K, committed 93760K, reserved 1179648K
  class space    used 9159K, committed 10112K, reserved 1048576K
}
Event: 1716.638 GC heap after
{Heap after GC invocations=2615 (full 5):
 PSYoungGen      total 5120K, used 816K [0x00000000d5580000, 0x00000000d5c00000, 0x0000000100000000)
  eden space 4096K, 0% used [0x00000000d5580000,0x00000000d5580000,0x00000000d5980000)
  from space 1024K, 79% used [0x00000000d5a80000,0x00000000d5b4c010,0x00000000d5b80000)
  to   space 1024K, 0% used [0x00000000d5980000,0x00000000d5980000,0x00000000d5a80000)
 ParOldGen       total 952320K, used 952298K [0x0000000080000000, 0x00000000ba200000, 0x00000000d5580000)
  object space 952320K, 99% used [0x0000000080000000,0x00000000ba1faae0,0x00000000ba200000)
 Metaspace       used 91847K, committed 93760K, reserved 1179648K
  class space    used 9159K, committed 10112K, reserved 1048576K
}
Event: 1716.640 GC heap before
{Heap before GC invocations=2616 (full 5):
 PSYoungGen      total 5120K, used 4912K [0x00000000d5580000, 0x00000000d5c00000, 0x0000000100000000)
  eden space 4096K, 99% used [0x00000000d5580000,0x00000000d597fff8,0x00000000d5980000)
  from space 1024K, 79% used [0x00000000d5a80000,0x00000000d5b4c010,0x00000000d5b80000)
  to   space 1024K, 0% used [0x00000000d5980000,0x00000000d5980000,0x00000000d5a80000)
 ParOldGen       total 952320K, used 952298K [0x0000000080000000, 0x00000000ba200000, 0x00000000d5580000)
  object space 952320K, 99% used [0x0000000080000000,0x00000000ba1faae0,0x00000000ba200000)
 Metaspace       used 91847K, committed 93760K, reserved 1179648K
  class space    used 9159K, committed 10112K, reserved 1048576K
}
Event: 1716.641 GC heap after
{Heap after GC invocations=2616 (full 5):
 PSYoungGen      total 5120K, used 928K [0x00000000d5580000, 0x00000000d5c80000, 0x0000000100000000)
  eden space 4096K, 0% used [0x00000000d5580000,0x00000000d5580000,0x00000000d5980000)
  from space 1024K, 90% used [0x00000000d5980000,0x00000000d5a68000,0x00000000d5a80000)
  to   space 1024K, 0% used [0x00000000d5b80000,0x00000000d5b80000,0x00000000d5c80000)
 ParOldGen       total 953344K, used 952950K [0x0000000080000000, 0x00000000ba300000, 0x00000000d5580000)
  object space 953344K, 99% used [0x0000000080000000,0x00000000ba29dab0,0x00000000ba300000)
 Metaspace       used 91847K, committed 93760K, reserved 1179648K
  class space    used 9159K, committed 10112K, reserved 1048576K
}
Event: 1716.645 GC heap before
{Heap before GC invocations=2617 (full 5):
 PSYoungGen      total 5120K, used 5023K [0x00000000d5580000, 0x00000000d5c80000, 0x0000000100000000)
  eden space 4096K, 99% used [0x00000000d5580000,0x00000000d597fff0,0x00000000d5980000)
  from space 1024K, 90% used [0x00000000d5980000,0x00000000d5a68000,0x00000000d5a80000)
  to   space 1024K, 0% used [0x00000000d5b80000,0x00000000d5b80000,0x00000000d5c80000)
 ParOldGen       total 953344K, used 952950K [0x0000000080000000, 0x00000000ba300000, 0x00000000d5580000)
  object space 953344K, 99% used [0x0000000080000000,0x00000000ba29dab0,0x00000000ba300000)
 Metaspace       used 91847K, committed 93760K, reserved 1179648K
  class space    used 9159K, committed 10112K, reserved 1048576K
}
Event: 1716.646 GC heap after
{Heap after GC invocations=2617 (full 5):
 PSYoungGen      total 5120K, used 1024K [0x00000000d5580000, 0x00000000d5e80000, 0x0000000100000000)
  eden space 4096K, 0% used [0x00000000d5580000,0x00000000d5580000,0x00000000d5980000)
  from space 1024K, 100% used [0x00000000d5b80000,0x00000000d5c80000,0x00000000d5c80000)
  to   space 2048K, 0% used [0x00000000d5980000,0x00000000d5980000,0x00000000d5b80000)
 ParOldGen       total 953856K, used 953661K [0x0000000080000000, 0x00000000ba380000, 0x00000000d5580000)
  object space 953856K, 99% used [0x0000000080000000,0x00000000ba34f728,0x00000000ba380000)
 Metaspace       used 91847K, committed 93760K, reserved 1179648K
  class space    used 9159K, committed 10112K, reserved 1048576K
}
Event: 1716.651 GC heap before
{Heap before GC invocations=2618 (full 5):
 PSYoungGen      total 5120K, used 5120K [0x00000000d5580000, 0x00000000d5e80000, 0x0000000100000000)
  eden space 4096K, 100% used [0x00000000d5580000,0x00000000d5980000,0x00000000d5980000)
  from space 1024K, 100% used [0x00000000d5b80000,0x00000000d5c80000,0x00000000d5c80000)
  to   space 2048K, 0% used [0x00000000d5980000,0x00000000d5980000,0x00000000d5b80000)
 ParOldGen       total 953856K, used 953661K [0x0000000080000000, 0x00000000ba380000, 0x00000000d5580000)
  object space 953856K, 99% used [0x0000000080000000,0x00000000ba34f760,0x00000000ba380000)
 Metaspace       used 91847K, committed 93760K, reserved 1179648K
  class space    used 9159K, committed 10112K, reserved 1048576K
}
Event: 1716.652 GC heap after
{Heap after GC invocations=2618 (full 5):
 PSYoungGen      total 6144K, used 1040K [0x00000000d5580000, 0x00000000d5d80000, 0x0000000100000000)
  eden space 4096K, 0% used [0x00000000d5580000,0x00000000d5580000,0x00000000d5980000)
  from space 2048K, 50% used [0x00000000d5980000,0x00000000d5a84010,0x00000000d5b80000)
  to   space 1536K, 0% used [0x00000000d5c00000,0x00000000d5c00000,0x00000000d5d80000)
 ParOldGen       total 954880K, used 954574K [0x0000000080000000, 0x00000000ba480000, 0x00000000d5580000)
  object space 954880K, 99% used [0x0000000080000000,0x00000000ba433968,0x00000000ba480000)
 Metaspace       used 91847K, committed 93760K, reserved 1179648K
  class space    used 9159K, committed 10112K, reserved 1048576K
}
Event: 1716.660 GC heap before
{Heap before GC invocations=2619 (full 5):
 PSYoungGen      total 6144K, used 5136K [0x00000000d5580000, 0x00000000d5d80000, 0x0000000100000000)
  eden space 4096K, 99% used [0x00000000d5580000,0x00000000d597fff8,0x00000000d5980000)
  from space 2048K, 50% used [0x00000000d5980000,0x00000000d5a84010,0x00000000d5b80000)
  to   space 1536K, 0% used [0x00000000d5c00000,0x00000000d5c00000,0x00000000d5d80000)
 ParOldGen       total 954880K, used 954576K [0x0000000080000000, 0x00000000ba480000, 0x00000000d5580000)
  object space 954880K, 99% used [0x0000000080000000,0x00000000ba434148,0x00000000ba480000)
 Metaspace       used 91869K, committed 93760K, reserved 1179648K
  class space    used 9162K, committed 10112K, reserved 1048576K
}
Event: 1716.661 GC heap after
{Heap after GC invocations=2619 (full 5):
 PSYoungGen      total 6656K, used 992K [0x00000000d5580000, 0x00000000d5d80000, 0x0000000100000000)
  eden space 5120K, 0% used [0x00000000d5580000,0x00000000d5580000,0x00000000d5a80000)
  from space 1536K, 64% used [0x00000000d5c00000,0x00000000d5cf8000,0x00000000d5d80000)
  to   space 1536K, 0% used [0x00000000d5a80000,0x00000000d5a80000,0x00000000d5c00000)
 ParOldGen       total 955392K, used 955389K [0x0000000080000000, 0x00000000ba500000, 0x00000000d5580000)
  object space 955392K, 99% used [0x0000000080000000,0x00000000ba4ff7f8,0x00000000ba500000)
 Metaspace       used 91869K, committed 93760K, reserved 1179648K
  class space    used 9162K, committed 10112K, reserved 1048576K
}
Event: 1716.674 GC heap before
{Heap before GC invocations=2620 (full 5):
 PSYoungGen      total 6656K, used 6112K [0x00000000d5580000, 0x00000000d5d80000, 0x0000000100000000)
  eden space 5120K, 100% used [0x00000000d5580000,0x00000000d5a80000,0x00000000d5a80000)
  from space 1536K, 64% used [0x00000000d5c00000,0x00000000d5cf8000,0x00000000d5d80000)
  to   space 1536K, 0% used [0x00000000d5a80000,0x00000000d5a80000,0x00000000d5c00000)
 ParOldGen       total 955392K, used 955389K [0x0000000080000000, 0x00000000ba500000, 0x00000000d5580000)
  object space 955392K, 99% used [0x0000000080000000,0x00000000ba4ff7f8,0x00000000ba500000)
 Metaspace       used 91869K, committed 93760K, reserved 1179648K
  class space    used 9162K, committed 10112K, reserved 1048576K
}
Event: 1716.677 GC heap after
{Heap after GC invocations=2620 (full 5):
 PSYoungGen      total 6656K, used 352K [0x00000000d5580000, 0x00000000d5d80000, 0x0000000100000000)
  eden space 5120K, 0% used [0x00000000d5580000,0x00000000d5580000,0x00000000d5a80000)
  from space 1536K, 22% used [0x00000000d5a80000,0x00000000d5ad8000,0x00000000d5c00000)
  to   space 1024K, 0% used [0x00000000d5c80000,0x00000000d5c80000,0x00000000d5d80000)
 ParOldGen       total 955904K, used 955783K [0x0000000080000000, 0x00000000ba580000, 0x00000000d5580000)
  object space 955904K, 99% used [0x0000000080000000,0x00000000ba561f88,0x00000000ba580000)
 Metaspace       used 91869K, committed 93760K, reserved 1179648K
  class space    used 9162K, committed 10112K, reserved 1048576K
}
Event: 1716.692 GC heap before
{Heap before GC invocations=2621 (full 5):
 PSYoungGen      total 6656K, used 5472K [0x00000000d5580000, 0x00000000d5d80000, 0x0000000100000000)
  eden space 5120K, 100% used [0x00000000d5580000,0x00000000d5a80000,0x00000000d5a80000)
  from space 1536K, 22% used [0x00000000d5a80000,0x00000000d5ad8000,0x00000000d5c00000)
  to   space 1024K, 0% used [0x00000000d5c80000,0x00000000d5c80000,0x00000000d5d80000)
 ParOldGen       total 955904K, used 955783K [0x0000000080000000, 0x00000000ba580000, 0x00000000d5580000)
  object space 955904K, 99% used [0x0000000080000000,0x00000000ba561f88,0x00000000ba580000)
 Metaspace       used 91883K, committed 93760K, reserved 1179648K
  class space    used 9162K, committed 10112K, reserved 1048576K
}
Event: 1716.693 GC heap after
{Heap after GC invocations=2621 (full 5):
 PSYoungGen      total 6144K, used 560K [0x00000000d5580000, 0x00000000d5d80000, 0x0000000100000000)
  eden space 5120K, 0% used [0x00000000d5580000,0x00000000d5580000,0x00000000d5a80000)
  from space 1024K, 54% used [0x00000000d5c80000,0x00000000d5d0c010,0x00000000d5d80000)
  to   space 1024K, 0% used [0x00000000d5b80000,0x00000000d5b80000,0x00000000d5c80000)
 ParOldGen       total 955904K, used 955847K [0x0000000080000000, 0x00000000ba580000, 0x00000000d5580000)
  object space 955904K, 99% used [0x0000000080000000,0x00000000ba571f88,0x00000000ba580000)
 Metaspace       used 91883K, committed 93760K, reserved 1179648K
  class space    used 9162K, committed 10112K, reserved 1048576K
}
Event: 1716.700 GC heap before
{Heap before GC invocations=2622 (full 5):
 PSYoungGen      total 6144K, used 5678K [0x00000000d5580000, 0x00000000d5d80000, 0x0000000100000000)
  eden space 5120K, 99% used [0x00000000d5580000,0x00000000d5a7fb90,0x00000000d5a80000)
  from space 1024K, 54% used [0x00000000d5c80000,0x00000000d5d0c010,0x00000000d5d80000)
  to   space 1024K, 0% used [0x00000000d5b80000,0x00000000d5b80000,0x00000000d5c80000)
 ParOldGen       total 955904K, used 955847K [0x0000000080000000, 0x00000000ba580000, 0x00000000d5580000)
  object space 955904K, 99% used [0x0000000080000000,0x00000000ba571f88,0x00000000ba580000)
 Metaspace       used 91884K, committed 93760K, reserved 1179648K
  class space    used 9162K, committed 10112K, reserved 1048576K
}
Event: 1716.701 GC heap after
{Heap after GC invocations=2622 (full 5):
 PSYoungGen      total 6144K, used 720K [0x00000000d5580000, 0x00000000d5d00000, 0x0000000100000000)
  eden space 5120K, 0% used [0x00000000d5580000,0x00000000d5580000,0x00000000d5a80000)
  from space 1024K, 70% used [0x00000000d5b80000,0x00000000d5c34010,0x00000000d5c80000)
  to   space 512K, 0% used [0x00000000d5c80000,0x00000000d5c80000,0x00000000d5d00000)
 ParOldGen       total 956416K, used 955919K [0x0000000080000000, 0x00000000ba600000, 0x00000000d5580000)
  object space 956416K, 99% used [0x0000000080000000,0x00000000ba583f88,0x00000000ba600000)
 Metaspace       used 91884K, committed 93760K, reserved 1179648K
  class space    used 9162K, committed 10112K, reserved 1048576K
}
Event: 1716.715 GC heap before
{Heap before GC invocations=2623 (full 5):
 PSYoungGen      total 6144K, used 5840K [0x00000000d5580000, 0x00000000d5d00000, 0x0000000100000000)
  eden space 5120K, 100% used [0x00000000d5580000,0x00000000d5a80000,0x00000000d5a80000)
  from space 1024K, 70% used [0x00000000d5b80000,0x00000000d5c34010,0x00000000d5c80000)
  to   space 512K, 0% used [0x00000000d5c80000,0x00000000d5c80000,0x00000000d5d00000)
 ParOldGen       total 956416K, used 955919K [0x0000000080000000, 0x00000000ba600000, 0x00000000d5580000)
  object space 956416K, 99% used [0x0000000080000000,0x00000000ba583f88,0x00000000ba600000)
 Metaspace       used 91884K, committed 93760K, reserved 1179648K
  class space    used 9162K, committed 10112K, reserved 1048576K
}
Event: 1716.717 GC heap after
{Heap after GC invocations=2623 (full 5):
 PSYoungGen      total 5632K, used 512K [0x00000000d5580000, 0x00000000d5d00000, 0x0000000100000000)
  eden space 5120K, 0% used [0x00000000d5580000,0x00000000d5580000,0x00000000d5a80000)
  from space 512K, 100% used [0x00000000d5c80000,0x00000000d5d00000,0x00000000d5d00000)
  to   space 1024K, 0% used [0x00000000d5b00000,0x00000000d5b00000,0x00000000d5c00000)
 ParOldGen       total 956416K, used 956175K [0x0000000080000000, 0x00000000ba600000, 0x00000000d5580000)
  object space 956416K, 99% used [0x0000000080000000,0x00000000ba5c3fa8,0x00000000ba600000)
 Metaspace       used 91884K, committed 93760K, reserved 1179648K
  class space    used 9162K, committed 10112K, reserved 1048576K
}
Event: 1716.730 GC heap before
{Heap before GC invocations=2624 (full 5):
 PSYoungGen      total 5632K, used 5632K [0x00000000d5580000, 0x00000000d5d00000, 0x0000000100000000)
  eden space 5120K, 100% used [0x00000000d5580000,0x00000000d5a80000,0x00000000d5a80000)
  from space 512K, 100% used [0x00000000d5c80000,0x00000000d5d00000,0x00000000d5d00000)
  to   space 1024K, 0% used [0x00000000d5b00000,0x00000000d5b00000,0x00000000d5c00000)
 ParOldGen       total 956416K, used 956175K [0x0000000080000000, 0x00000000ba600000, 0x00000000d5580000)
  object space 956416K, 99% used [0x0000000080000000,0x00000000ba5c3fa8,0x00000000ba600000)
 Metaspace       used 91884K, committed 93760K, reserved 1179648K
  class space    used 9162K, committed 10112K, reserved 1048576K
}
Event: 1716.732 GC heap after
{Heap after GC invocations=2624 (full 5):
 PSYoungGen      total 6144K, used 928K [0x00000000d5580000, 0x00000000d5d00000, 0x0000000100000000)
  eden space 5120K, 0% used [0x00000000d5580000,0x00000000d5580000,0x00000000d5a80000)
  from space 1024K, 90% used [0x00000000d5b00000,0x00000000d5be8000,0x00000000d5c00000)
  to   space 1024K, 0% used [0x00000000d5c00000,0x00000000d5c00000,0x00000000d5d00000)
 ParOldGen       total 956928K, used 956688K [0x0000000080000000, 0x00000000ba680000, 0x00000000d5580000)
  object space 956928K, 99% used [0x0000000080000000,0x00000000ba6441c0,0x00000000ba680000)
 Metaspace       used 91884K, committed 93760K, reserved 1179648K
  class space    used 9162K, committed 10112K, reserved 1048576K
}

Dll operation events (12 events):
Event: 0.284 Loaded shared library c:\Users\amand\.vscode\extensions\redhat.java-1.50.0-win32-x64\jre\21.0.9-win32-x86_64\bin\java.dll
Event: 0.449 Loaded shared library c:\Users\amand\.vscode\extensions\redhat.java-1.50.0-win32-x64\jre\21.0.9-win32-x86_64\bin\zip.dll
Event: 0.469 Loaded shared library C:\Users\amand\.vscode\extensions\redhat.java-1.50.0-win32-x64\jre\21.0.9-win32-x86_64\bin\instrument.dll
Event: 0.565 Loaded shared library C:\Users\amand\.vscode\extensions\redhat.java-1.50.0-win32-x64\jre\21.0.9-win32-x86_64\bin\net.dll
Event: 0.704 Loaded shared library C:\Users\amand\.vscode\extensions\redhat.java-1.50.0-win32-x64\jre\21.0.9-win32-x86_64\bin\nio.dll
Event: 0.709 Loaded shared library C:\Users\amand\.vscode\extensions\redhat.java-1.50.0-win32-x64\jre\21.0.9-win32-x86_64\bin\zip.dll
Event: 0.724 Loaded shared library C:\Users\amand\.vscode\extensions\redhat.java-1.50.0-win32-x64\jre\21.0.9-win32-x86_64\bin\jimage.dll
Event: 0.932 Loaded shared library c:\Users\amand\.vscode\extensions\redhat.java-1.50.0-win32-x64\jre\21.0.9-win32-x86_64\bin\verify.dll
Event: 6.023 Loaded shared library C:\Users\amand\AppData\Roaming\Code\User\globalStorage\redhat.java\1.50.0\config_win\org.eclipse.equinox.launcher\org.eclipse.equinox.launcher.win32.win32.x86_64_1.2.1400.v20250801-0854\eclipse_11916.dll
Event: 13.038 Loaded shared library C:\Users\amand\AppData\Local\Temp\jna-92925483\jna3982404762112193130.dll
Event: 15.286 Loaded shared library C:\Users\amand\.vscode\extensions\redhat.java-1.50.0-win32-x64\jre\21.0.9-win32-x86_64\bin\sunmscapi.dll
Event: 16.443 Loaded shared library C:\Users\amand\.vscode\extensions\redhat.java-1.50.0-win32-x64\jre\21.0.9-win32-x86_64\bin\extnet.dll

Deoptimization events (20 events):
Event: 1715.556 Thread 0x000001c39e3bc7d0 DEOPT PACKING pc=0x000001c3491a0220 sp=0x00000093d90fe250
Event: 1715.556 Thread 0x000001c39e3bc7d0 DEOPT UNPACKING pc=0x000001c3471e3aa2 sp=0x00000093d90fe1d8 mode 2
Event: 1715.589 Thread 0x000001c3a0064150 Uncommon trap: trap_request=0xffffffde fr.pc=0x000001c348d7e7c8 relative=0x0000000000001ba8
Event: 1715.589 Thread 0x000001c3a0064150 Uncommon trap: reason=class_check action=maybe_recompile pc=0x000001c348d7e7c8 method=org.eclipse.jdt.internal.core.JavaModelCache.peekAtInfo(Lorg/eclipse/jdt/core/IJavaElement;)Lorg/eclipse/jdt/internal/compiler/env/IElementInfo; @ 106 c2
Event: 1715.589 Thread 0x000001c3a0064150 DEOPT PACKING pc=0x000001c348d7e7c8 sp=0x00000093d8dfe180
Event: 1715.589 Thread 0x000001c3a0064150 DEOPT UNPACKING pc=0x000001c3471e3aa2 sp=0x00000093d8dfe158 mode 2
Event: 1715.622 Thread 0x000001c3a34dcab0 Uncommon trap: trap_request=0xffffff45 fr.pc=0x000001c34819e408 relative=0x00000000000008c8
Event: 1715.622 Thread 0x000001c3a34dcab0 Uncommon trap: reason=unstable_if action=reinterpret pc=0x000001c34819e408 method=java.util.concurrent.CompletableFuture$UniApply.tryFire(I)Ljava/util/concurrent/CompletableFuture; @ 44 c2
Event: 1715.622 Thread 0x000001c3a34dcab0 DEOPT PACKING pc=0x000001c34819e408 sp=0x00000093d71fef40
Event: 1715.622 Thread 0x000001c3a34dcab0 DEOPT UNPACKING pc=0x000001c3471e3aa2 sp=0x00000093d71fef20 mode 2
Event: 1715.632 Thread 0x000001c3a34d9cc0 Uncommon trap: trap_request=0xffffff45 fr.pc=0x000001c347caa390 relative=0x00000000000000d0
Event: 1715.632 Thread 0x000001c3a34d9cc0 Uncommon trap: reason=unstable_if action=reinterpret pc=0x000001c347caa390 method=com.google.gson.stream.JsonWriter.nullValue()Lcom/google/gson/stream/JsonWriter; @ 4 c2
Event: 1715.632 Thread 0x000001c3a34d9cc0 DEOPT PACKING pc=0x000001c347caa390 sp=0x00000093d70ff120
Event: 1715.632 Thread 0x000001c3a34d9cc0 DEOPT UNPACKING pc=0x000001c3471e3aa2 sp=0x00000093d70ff0b8 mode 2
Event: 1715.632 Thread 0x000001c3a34d9cc0 Uncommon trap: trap_request=0xffffff45 fr.pc=0x000001c3484b03bc relative=0x000000000000033c
Event: 1715.632 Thread 0x000001c3a34d9cc0 Uncommon trap: reason=unstable_if action=reinterpret pc=0x000001c3484b03bc method=java.lang.CharacterDataLatin1.digit(II)I @ 12 c2
Event: 1715.632 Thread 0x000001c3a34d9cc0 DEOPT PACKING pc=0x000001c3484b03bc sp=0x00000093d70ff2e0
Event: 1715.632 Thread 0x000001c3a34d9cc0 DEOPT UNPACKING pc=0x000001c3471e3aa2 sp=0x00000093d70ff0a8 mode 2
Event: 1716.642 Thread 0x000001c3a34dcab0 DEOPT PACKING pc=0x000001c343120c97 sp=0x00000093d71fdcc0
Event: 1716.642 Thread 0x000001c3a34dcab0 DEOPT UNPACKING pc=0x000001c3471e4242 sp=0x00000093d71fd180 mode 0

Classes loaded (20 events):
Event: 572.669 Loading class sun/security/ssl/SSLEngineOutputRecord$HandshakeFragment
Event: 572.669 Loading class sun/security/ssl/SSLEngineOutputRecord$HandshakeFragment done
Event: 572.669 Loading class sun/security/ssl/SSLEngineOutputRecord$HandshakeMemo
Event: 572.669 Loading class sun/security/ssl/SSLEngineOutputRecord$RecordMemo
Event: 572.669 Loading class sun/security/ssl/SSLEngineOutputRecord$RecordMemo done
Event: 572.669 Loading class sun/security/ssl/SSLEngineOutputRecord$HandshakeMemo done
Event: 572.738 Loading class sun/security/ssl/PreSharedKeyExtension$SHPreSharedKeySpec
Event: 572.739 Loading class sun/security/ssl/PreSharedKeyExtension$SHPreSharedKeySpec done
Event: 572.826 Loading class sun/net/www/http/KeepAliveCleanerEntry
Event: 572.826 Loading class sun/net/www/http/KeepAliveCleanerEntry done
Event: 572.826 Loading class sun/net/www/http/KeepAliveStream$1
Event: 572.826 Loading class sun/net/www/http/KeepAliveStream$1 done
Event: 572.827 Loading class sun/net/www/http/ChunkedInputStream
Event: 572.827 Loading class sun/net/www/http/ChunkedInputStream done
Event: 612.693 Loading class java/util/Spliterators$IntArraySpliterator
Event: 612.693 Loading class java/util/Spliterators$IntArraySpliterator done
Event: 701.302 Loading class java/nio/channels/CompletionHandler
Event: 701.302 Loading class java/nio/channels/CompletionHandler done
Event: 928.744 Loading class java/util/Collections$EmptyListIterator
Event: 928.744 Loading class java/util/Collections$EmptyListIterator done

Classes unloaded (20 events):
Event: 13.363 Thread 0x000001c3961a4ba0 Unloading class 0x000001c3551b2800 'java/lang/invoke/LambdaForm$MH+0x000001c3551b2800'
Event: 13.363 Thread 0x000001c3961a4ba0 Unloading class 0x000001c3551b2400 'java/lang/invoke/LambdaForm$MH+0x000001c3551b2400'
Event: 13.363 Thread 0x000001c3961a4ba0 Unloading class 0x000001c3551b2000 'java/lang/invoke/LambdaForm$MH+0x000001c3551b2000'
Event: 13.363 Thread 0x000001c3961a4ba0 Unloading class 0x000001c3551b1c00 'java/lang/invoke/LambdaForm$MH+0x000001c3551b1c00'
Event: 13.363 Thread 0x000001c3961a4ba0 Unloading class 0x000001c3551b1800 'java/lang/invoke/LambdaForm$BMH+0x000001c3551b1800'
Event: 13.363 Thread 0x000001c3961a4ba0 Unloading class 0x000001c3551b1400 'java/lang/invoke/LambdaForm$DMH+0x000001c3551b1400'
Event: 13.363 Thread 0x000001c3961a4ba0 Unloading class 0x000001c3551b0000 'java/lang/invoke/LambdaForm$DMH+0x000001c3551b0000'
Event: 302.154 Thread 0x000001c3961a4ba0 Unloading class 0x000001c355829400 'java/lang/invoke/LambdaForm$DMH+0x000001c355829400'
Event: 302.154 Thread 0x000001c3961a4ba0 Unloading class 0x000001c355829000 'java/lang/invoke/LambdaForm$DMH+0x000001c355829000'
Event: 302.154 Thread 0x000001c3961a4ba0 Unloading class 0x000001c355828800 'java/lang/invoke/LambdaForm$DMH+0x000001c355828800'
Event: 302.154 Thread 0x000001c3961a4ba0 Unloading class 0x000001c355828c00 'java/lang/invoke/LambdaForm$DMH+0x000001c355828c00'
Event: 302.154 Thread 0x000001c3961a4ba0 Unloading class 0x000001c3557a2400 'java/lang/invoke/LambdaForm$MH+0x000001c3557a2400'
Event: 302.154 Thread 0x000001c3961a4ba0 Unloading class 0x000001c3557a2800 'java/lang/invoke/LambdaForm$MH+0x000001c3557a2800'
Event: 302.154 Thread 0x000001c3961a4ba0 Unloading class 0x000001c3557a1c00 'java/lang/invoke/LambdaForm$MH+0x000001c3557a1c00'
Event: 302.154 Thread 0x000001c3961a4ba0 Unloading class 0x000001c3557a1800 'java/lang/invoke/LambdaForm$MH+0x000001c3557a1800'
Event: 302.154 Thread 0x000001c3961a4ba0 Unloading class 0x000001c3557a1000 'java/lang/invoke/LambdaForm$MH+0x000001c3557a1000'
Event: 302.154 Thread 0x000001c3961a4ba0 Unloading class 0x000001c3557a0c00 'java/lang/invoke/LambdaForm$MH+0x000001c3557a0c00'
Event: 302.154 Thread 0x000001c3961a4ba0 Unloading class 0x000001c3557a0400 'java/lang/invoke/LambdaForm$MH+0x000001c3557a0400'
Event: 302.154 Thread 0x000001c3961a4ba0 Unloading class 0x000001c3557a0800 'java/lang/invoke/LambdaForm$MH+0x000001c3557a0800'
Event: 302.154 Thread 0x000001c3961a4ba0 Unloading class 0x000001c355784c00 'java/lang/invoke/LambdaForm$MH+0x000001c355784c00'

Classes redefined (0 events):
No events

Internal exceptions (20 events):
Event: 1694.552 Thread 0x000001c39cea5980 Exception <a 'sun/nio/fs/WindowsException'{0x00000000d594c8d8}> (0x00000000d594c8d8) 
thrown [s\src\hotspot\share\prims\jni.cpp, line 520]
Event: 1694.609 Thread 0x000001c3a0064150 Implicit null exception at 0x000001c347945003 to 0x000001c3479456ac
Event: 1694.610 Thread 0x000001c39cea5980 Exception <a 'sun/nio/fs/WindowsException'{0x00000000d56a23c0}> (0x00000000d56a23c0) 
thrown [s\src\hotspot\share\prims\jni.cpp, line 520]
Event: 1697.925 Thread 0x000001c39cea5980 Exception <a 'sun/nio/fs/WindowsException'{0x00000000d57f9a78}> (0x00000000d57f9a78) 
thrown [s\src\hotspot\share\prims\jni.cpp, line 520]
Event: 1697.987 Thread 0x000001c39cea5980 Exception <a 'sun/nio/fs/WindowsException'{0x00000000d56f9d78}> (0x00000000d56f9d78) 
thrown [s\src\hotspot\share\prims\jni.cpp, line 520]
Event: 1701.070 Thread 0x000001c39f8ba850 Exception <a 'java/lang/NoSuchMethodError'{0x00000000d5582898}: 'void java.lang.invoke.DirectMethodHandle$Holder.invokeVirtual(java.lang.Object, java.lang.Object, java.lang.Object, java.lang.Object, java.lang.Object)'> (0x00000000d5582898) 
thrown [s\src\hotspot\share\interpreter\linkResolver.cpp, line 773]
Event: 1701.071 Thread 0x000001c39f8ba850 Implicit null exception at 0x000001c348681eb3 to 0x000001c3486824a0
Event: 1701.071 Thread 0x000001c39f8ba850 Implicit null exception at 0x000001c349060fc9 to 0x000001c349061f30
Event: 1701.071 Thread 0x000001c39f8ba850 Implicit null exception at 0x000001c348b3dad1 to 0x000001c348b3ddc8
Event: 1701.071 Thread 0x000001c39f8ba850 Implicit null exception at 0x000001c349051e8d to 0x000001c349052cf0
Event: 1701.071 Thread 0x000001c39f8ba850 Implicit null exception at 0x000001c347c70777 to 0x000001c347c725b4
Event: 1701.092 Thread 0x000001c39f8b94a0 Implicit null exception at 0x000001c348004a58 to 0x000001c348004bc0
Event: 1703.436 Thread 0x000001c39cea5980 Exception <a 'sun/nio/fs/WindowsException'{0x00000000d5a1b028}> (0x00000000d5a1b028) 
thrown [s\src\hotspot\share\prims\jni.cpp, line 520]
Event: 1703.641 Thread 0x000001c39f8ba850 Implicit null exception at 0x000001c3486a70f2 to 0x000001c3486a74fc
Event: 1703.644 Thread 0x000001c39cea5980 Exception <a 'sun/nio/fs/WindowsException'{0x00000000d56a1a50}> (0x00000000d56a1a50) 
thrown [s\src\hotspot\share\prims\jni.cpp, line 520]
Event: 1706.347 Thread 0x000001c39cea5980 Exception <a 'sun/nio/fs/WindowsException'{0x00000000d5792090}> (0x00000000d5792090) 
thrown [s\src\hotspot\share\prims\jni.cpp, line 520]
Event: 1706.444 Thread 0x000001c39cea5980 Exception <a 'sun/nio/fs/WindowsException'{0x00000000d56b1170}> (0x00000000d56b1170) 
thrown [s\src\hotspot\share\prims\jni.cpp, line 520]
Event: 1706.503 Thread 0x000001c3a33709f0 Implicit null exception at 0x000001c34887ce8d to 0x000001c34887df20
Event: 1708.662 Thread 0x000001c39cea5980 Exception <a 'sun/nio/fs/WindowsException'{0x00000000d59ab1f8}> (0x00000000d59ab1f8) 
thrown [s\src\hotspot\share\prims\jni.cpp, line 520]
Event: 1711.893 Thread 0x000001c39cea5980 Exception <a 'sun/nio/fs/WindowsException'{0x00000000d56bcd00}> (0x00000000d56bcd00) 
thrown [s\src\hotspot\share\prims\jni.cpp, line 520]

ZGC Phase Switch (0 events):
No events

VM Operations (20 events):
Event: 1716.640 Executing VM operation: ParallelGCFailedAllocation (Allocation Failure)
Event: 1716.641 Executing VM operation: ParallelGCFailedAllocation (Allocation Failure) done
Event: 1716.645 Executing VM operation: ParallelGCFailedAllocation (Allocation Failure)
Event: 1716.646 Executing VM operation: ParallelGCFailedAllocation (Allocation Failure) done
Event: 1716.650 Executing VM operation: ParallelGCFailedAllocation (Allocation Failure)
Event: 1716.650 Executing VM operation: ParallelGCFailedAllocation (Allocation Failure) done
Event: 1716.651 Executing VM operation: ParallelGCSystemGC (GCLocker Initiated GC)
Event: 1716.652 Executing VM operation: ParallelGCSystemGC (GCLocker Initiated GC) done
Event: 1716.660 Executing VM operation: ParallelGCFailedAllocation (Allocation Failure)
Event: 1716.661 Executing VM operation: ParallelGCFailedAllocation (Allocation Failure) done
Event: 1716.674 Executing VM operation: ParallelGCFailedAllocation (Allocation Failure)
Event: 1716.677 Executing VM operation: ParallelGCFailedAllocation (Allocation Failure) done
Event: 1716.692 Executing VM operation: ParallelGCFailedAllocation (Allocation Failure)
Event: 1716.693 Executing VM operation: ParallelGCFailedAllocation (Allocation Failure) done
Event: 1716.699 Executing VM operation: ParallelGCFailedAllocation (Allocation Failure)
Event: 1716.701 Executing VM operation: ParallelGCFailedAllocation (Allocation Failure) done
Event: 1716.715 Executing VM operation: ParallelGCFailedAllocation (Allocation Failure)
Event: 1716.717 Executing VM operation: ParallelGCFailedAllocation (Allocation Failure) done
Event: 1716.730 Executing VM operation: ParallelGCFailedAllocation (Allocation Failure)
Event: 1716.732 Executing VM operation: ParallelGCFailedAllocation (Allocation Failure) done

Memory protections (0 events):
No events

Nmethod flushes (20 events):
Event: 743.403 Thread 0x000001c3961a4ba0 flushing  nmethod 0x000001c341ee4890
Event: 743.403 Thread 0x000001c3961a4ba0 flushing  nmethod 0x000001c341ee5310
Event: 743.403 Thread 0x000001c3961a4ba0 flushing  nmethod 0x000001c341ee5f90
Event: 743.403 Thread 0x000001c3961a4ba0 flushing  nmethod 0x000001c341ee6590
Event: 743.403 Thread 0x000001c3961a4ba0 flushing  nmethod 0x000001c341ee8590
Event: 743.403 Thread 0x000001c3961a4ba0 flushing  nmethod 0x000001c341ee9590
Event: 743.403 Thread 0x000001c3961a4ba0 flushing  nmethod 0x000001c341eea310
Event: 743.403 Thread 0x000001c3961a4ba0 flushing  nmethod 0x000001c341eeb610
Event: 743.403 Thread 0x000001c3961a4ba0 flushing  nmethod 0x000001c341eee910
Event: 743.403 Thread 0x000001c3961a4ba0 flushing  nmethod 0x000001c341eef090
Event: 743.403 Thread 0x000001c3961a4ba0 flushing  nmethod 0x000001c341ef1110
Event: 743.403 Thread 0x000001c3961a4ba0 flushing  nmethod 0x000001c341ef1590
Event: 743.403 Thread 0x000001c3961a4ba0 flushing  nmethod 0x000001c341ef5e90
Event: 743.403 Thread 0x000001c3961a4ba0 flushing  nmethod 0x000001c341ef7a10
Event: 743.403 Thread 0x000001c3961a4ba0 flushing  nmethod 0x000001c341efbd90
Event: 743.403 Thread 0x000001c3961a4ba0 flushing  nmethod 0x000001c341f09490
Event: 743.403 Thread 0x000001c3961a4ba0 flushing  nmethod 0x000001c341f0f010
Event: 743.403 Thread 0x000001c3961a4ba0 flushing  nmethod 0x000001c341f2fe10
Event: 743.403 Thread 0x000001c3961a4ba0 flushing  nmethod 0x000001c341f4ec90
Event: 743.403 Thread 0x000001c3961a4ba0 flushing  nmethod 0x000001c342214a90

Events (20 events):
Event: 1703.653 Thread 0x000001c39e86f4c0 Thread added: 0x000001c3a0222910
Event: 1703.991 Thread 0x000001c3a0222910 Thread exited: 0x000001c3a0222910
Event: 1703.992 Thread 0x000001c39e86f4c0 Thread exited: 0x000001c39e86f4c0
Event: 1704.578 Thread 0x000001c3961a5a10 Thread added: 0x000001c39e5c5ec0
Event: 1705.312 Thread 0x000001c39e5c5ec0 Thread exited: 0x000001c39e5c5ec0
Event: 1705.911 Thread 0x000001c3a0064150 Thread added: 0x000001c3a34db070
Event: 1706.004 Thread 0x000001c3a0064150 Thread added: 0x000001c3a34d8fa0
Event: 1706.008 Thread 0x000001c3a0064150 Thread added: 0x000001c3a34dbd90
Event: 1706.081 Thread 0x000001c3a0064150 Thread added: 0x000001c3a34db700
Event: 1706.176 Thread 0x000001c3a0064150 Thread added: 0x000001c3a34d9cc0
Event: 1706.177 Thread 0x000001c3a0064150 Thread added: 0x000001c3a34dcab0
Event: 1706.353 Thread 0x000001c3961a9e60 Thread added: 0x000001c3a1a942e0
Event: 1706.709 Thread 0x000001c3a1a942e0 Thread exited: 0x000001c3a1a942e0
Event: 1706.766 Thread 0x000001c3961a9e60 Thread added: 0x000001c3963f9ef0
Event: 1706.766 Thread 0x000001c3961a9e60 Thread added: 0x000001c3963f9820
Event: 1706.968 Thread 0x000001c3963f9820 Thread exited: 0x000001c3963f9820
Event: 1706.970 Thread 0x000001c3963f9ef0 Thread exited: 0x000001c3963f9ef0
Event: 1710.033 Thread 0x000001c3961a9e60 Thread added: 0x000001c39e86edf0
Event: 1710.423 Thread 0x000001c39e86edf0 Thread exited: 0x000001c39e86edf0
Event: 1716.648 Thread 0x000001c3961a9e60 Thread added: 0x000001c3a437b1c0


Dynamic libraries:
0x00007ff634f90000 - 0x00007ff634f9e000 	c:\Users\amand\.vscode\extensions\redhat.java-1.50.0-win32-x64\jre\21.0.9-win32-x86_64\bin\java.exe
0x00007fff23f60000 - 0x00007fff241c8000 	C:\WINDOWS\SYSTEM32\ntdll.dll
0x00007fff23d80000 - 0x00007fff23e49000 	C:\WINDOWS\System32\KERNEL32.DLL
0x00007fff217a0000 - 0x00007fff21b98000 	C:\WINDOWS\System32\KERNELBASE.dll
0x00007fff1e190000 - 0x00007fff1e22f000 	C:\WINDOWS\SYSTEM32\apphelp.dll
0x00007fff210b0000 - 0x00007fff211fb000 	C:\WINDOWS\System32\ucrtbase.dll
0x00007fff0fb10000 - 0x00007fff0fb2e000 	c:\Users\amand\.vscode\extensions\redhat.java-1.50.0-win32-x64\jre\21.0.9-win32-x86_64\bin\VCRUNTIME140.dll
0x00007ffefe070000 - 0x00007ffefe088000 	c:\Users\amand\.vscode\extensions\redhat.java-1.50.0-win32-x64\jre\21.0.9-win32-x86_64\bin\jli.dll
0x00007fff22a10000 - 0x00007fff22bd7000 	C:\WINDOWS\System32\USER32.dll
0x00007fff21ba0000 - 0x00007fff21bc7000 	C:\WINDOWS\System32\win32u.dll
0x00007fff12310000 - 0x00007fff125a4000 	C:\WINDOWS\WinSxS\amd64_microsoft.windows.common-controls_6595b64144ccf1df_6.0.26100.7019_none_3e06ffa0e335b8a8\COMCTL32.dll
0x00007fff23600000 - 0x00007fff2362b000 	C:\WINDOWS\System32\GDI32.dll
0x00007fff21d00000 - 0x00007fff21da9000 	C:\WINDOWS\System32\msvcrt.dll
0x00007fff21bd0000 - 0x00007fff21cfc000 	C:\WINDOWS\System32\gdi32full.dll
0x00007fff21290000 - 0x00007fff21333000 	C:\WINDOWS\System32\msvcp_win.dll
0x00007fff23760000 - 0x00007fff23791000 	C:\WINDOWS\System32\IMM32.DLL
0x00007fff12e60000 - 0x00007fff12e6c000 	c:\Users\amand\.vscode\extensions\redhat.java-1.50.0-win32-x64\jre\21.0.9-win32-x86_64\bin\vcruntime140_1.dll
0x00007ffef5520000 - 0x00007ffef55ad000 	c:\Users\amand\.vscode\extensions\redhat.java-1.50.0-win32-x64\jre\21.0.9-win32-x86_64\bin\msvcp140.dll
0x00007ffebbc00000 - 0x00007ffebc9a0000 	c:\Users\amand\.vscode\extensions\redhat.java-1.50.0-win32-x64\jre\21.0.9-win32-x86_64\bin\server\jvm.dll
0x00007fff23e50000 - 0x00007fff23f04000 	C:\WINDOWS\System32\ADVAPI32.dll
0x00007fff23af0000 - 0x00007fff23b96000 	C:\WINDOWS\System32\sechost.dll
0x00007fff237d0000 - 0x00007fff238e8000 	C:\WINDOWS\System32\RPCRT4.dll
0x00007fff23a70000 - 0x00007fff23ae4000 	C:\WINDOWS\System32\WS2_32.dll
0x00007fff20f10000 - 0x00007fff20f6e000 	C:\WINDOWS\SYSTEM32\POWRPROF.dll
0x00007fff186d0000 - 0x00007fff186db000 	C:\WINDOWS\SYSTEM32\VERSION.dll
0x00007fff18690000 - 0x00007fff186c5000 	C:\WINDOWS\SYSTEM32\WINMM.dll
0x00007fff20ef0000 - 0x00007fff20f04000 	C:\WINDOWS\SYSTEM32\UMPDC.dll
0x00007fff1fe70000 - 0x00007fff1fe8b000 	C:\WINDOWS\SYSTEM32\kernel.appcore.dll
0x00007fff12dc0000 - 0x00007fff12dca000 	c:\Users\amand\.vscode\extensions\redhat.java-1.50.0-win32-x64\jre\21.0.9-win32-x86_64\bin\jimage.dll
0x00007fff18a20000 - 0x00007fff18c62000 	C:\WINDOWS\SYSTEM32\DBGHELP.DLL
0x00007fff21db0000 - 0x00007fff2213b000 	C:\WINDOWS\System32\combase.dll
0x00007fff23680000 - 0x00007fff23757000 	C:\WINDOWS\System32\OLEAUT32.dll
0x00007ffef9d50000 - 0x00007ffef9d8c000 	C:\WINDOWS\SYSTEM32\dbgcore.DLL
0x00007fff21630000 - 0x00007fff216d5000 	C:\WINDOWS\System32\bcryptPrimitives.dll
0x00007fff12c90000 - 0x00007fff12c9f000 	c:\Users\amand\.vscode\extensions\redhat.java-1.50.0-win32-x64\jre\21.0.9-win32-x86_64\bin\instrument.dll
0x00007ffef8640000 - 0x00007ffef8660000 	c:\Users\amand\.vscode\extensions\redhat.java-1.50.0-win32-x64\jre\21.0.9-win32-x86_64\bin\java.dll
0x00007fff22d60000 - 0x00007fff234af000 	C:\WINDOWS\System32\SHELL32.dll
0x00007fff214c0000 - 0x00007fff2162b000 	C:\WINDOWS\System32\wintypes.dll
0x00007fff1ed10000 - 0x00007fff1f56d000 	C:\WINDOWS\SYSTEM32\windows.storage.dll
0x00007fff22c60000 - 0x00007fff22d52000 	C:\WINDOWS\System32\SHCORE.dll
0x00007fff23590000 - 0x00007fff235f7000 	C:\WINDOWS\System32\shlwapi.dll
0x00007fff20fd0000 - 0x00007fff20ff9000 	C:\WINDOWS\SYSTEM32\profapi.dll
0x00007fff0f460000 - 0x00007fff0f478000 	c:\Users\amand\.vscode\extensions\redhat.java-1.50.0-win32-x64\jre\21.0.9-win32-x86_64\bin\zip.dll
0x00007fff11c60000 - 0x00007fff11c70000 	C:\Users\amand\.vscode\extensions\redhat.java-1.50.0-win32-x64\jre\21.0.9-win32-x86_64\bin\net.dll
0x00007fff1a510000 - 0x00007fff1a638000 	C:\WINDOWS\SYSTEM32\WINHTTP.dll
0x00007fff203e0000 - 0x00007fff2044b000 	C:\WINDOWS\system32\mswsock.dll
0x00007ffefa400000 - 0x00007ffefa416000 	C:\Users\amand\.vscode\extensions\redhat.java-1.50.0-win32-x64\jre\21.0.9-win32-x86_64\bin\nio.dll
0x00007fff11b80000 - 0x00007fff11b90000 	c:\Users\amand\.vscode\extensions\redhat.java-1.50.0-win32-x64\jre\21.0.9-win32-x86_64\bin\verify.dll
0x00007ffef4af0000 - 0x00007ffef4b34000 	C:\Users\amand\AppData\Roaming\Code\User\globalStorage\redhat.java\1.50.0\config_win\org.eclipse.equinox.launcher\org.eclipse.equinox.launcher.win32.win32.x86_64_1.2.1400.v20250801-0854\eclipse_11916.dll
0x00007fff22320000 - 0x00007fff224b7000 	C:\WINDOWS\System32\ole32.dll
0x00007fff206a0000 - 0x00007fff206bb000 	C:\WINDOWS\SYSTEM32\CRYPTSP.dll
0x00007fff1fdd0000 - 0x00007fff1fe0a000 	C:\WINDOWS\system32\rsaenh.dll
0x00007fff20490000 - 0x00007fff204bb000 	C:\WINDOWS\SYSTEM32\USERENV.dll
0x00007fff20fa0000 - 0x00007fff20fca000 	C:\WINDOWS\SYSTEM32\bcrypt.dll
0x00007fff206c0000 - 0x00007fff206cc000 	C:\WINDOWS\SYSTEM32\CRYPTBASE.dll
0x00007fff1f880000 - 0x00007fff1f8b4000 	C:\WINDOWS\SYSTEM32\IPHLPAPI.DLL
0x00007fff23f10000 - 0x00007fff23f1a000 	C:\WINDOWS\System32\NSI.dll
0x00007ffef38f0000 - 0x00007ffef3939000 	C:\Users\amand\AppData\Local\Temp\jna-92925483\jna3982404762112193130.dll
0x00007fff234c0000 - 0x00007fff234c8000 	C:\WINDOWS\System32\PSAPI.DLL
0x00007fff1a4e0000 - 0x00007fff1a4fe000 	C:\WINDOWS\SYSTEM32\dhcpcsvc6.DLL
0x00007fff1a4b0000 - 0x00007fff1a4d3000 	C:\WINDOWS\SYSTEM32\dhcpcsvc.DLL
0x00007fff11c80000 - 0x00007fff11c8e000 	C:\Users\amand\.vscode\extensions\redhat.java-1.50.0-win32-x64\jre\21.0.9-win32-x86_64\bin\sunmscapi.dll
0x00007fff21340000 - 0x00007fff214b7000 	C:\WINDOWS\System32\CRYPT32.dll
0x00007fff208c0000 - 0x00007fff208f0000 	C:\WINDOWS\SYSTEM32\ncrypt.dll
0x00007fff20870000 - 0x00007fff208af000 	C:\WINDOWS\SYSTEM32\NTASN1.dll
0x00007fff1f8c0000 - 0x00007fff1f9ec000 	C:\WINDOWS\SYSTEM32\DNSAPI.dll
0x00007fff186e0000 - 0x00007fff186eb000 	C:\Windows\System32\rasadhlp.dll
0x00007fff1a150000 - 0x00007fff1a1d6000 	C:\WINDOWS\System32\fwpuclnt.dll
0x00007fff11c70000 - 0x00007fff11c79000 	C:\Users\amand\.vscode\extensions\redhat.java-1.50.0-win32-x64\jre\21.0.9-win32-x86_64\bin\extnet.dll

JVMTI agents:
c:\Users\amand\.vscode\extensions\redhat.java-1.50.0-win32-x64\lombok\lombok-1.18.39-4050.jar path:c:\Users\amand\.vscode\extensions\redhat.java-1.50.0-win32-x64\jre\21.0.9-win32-x86_64\bin\instrument.dll, loaded, initialized, instrumentlib options:none

dbghelp: loaded successfully - version: 4.0.5 - missing functions: none
symbol engine: initialized successfully - sym options: 0x614 - pdb path: .;c:\Users\amand\.vscode\extensions\redhat.java-1.50.0-win32-x64\jre\21.0.9-win32-x86_64\bin;C:\WINDOWS\SYSTEM32;C:\WINDOWS\WinSxS\amd64_microsoft.windows.common-controls_6595b64144ccf1df_6.0.26100.7019_none_3e06ffa0e335b8a8;c:\Users\amand\.vscode\extensions\redhat.java-1.50.0-win32-x64\jre\21.0.9-win32-x86_64\bin\server;C:\Users\amand\AppData\Roaming\Code\User\globalStorage\redhat.java\1.50.0\config_win\org.eclipse.equinox.launcher\org.eclipse.equinox.launcher.win32.win32.x86_64_1.2.1400.v20250801-0854;C:\Users\amand\AppData\Local\Temp\jna-92925483

VM Arguments:
jvm_args: --add-modules=ALL-SYSTEM --add-opens=java.base/java.util=ALL-UNNAMED --add-opens=java.base/java.lang=ALL-UNNAMED --add-opens=java.base/sun.nio.fs=ALL-UNNAMED -Declipse.application=org.eclipse.jdt.ls.core.id1 -Dosgi.bundles.defaultStartLevel=4 -Declipse.product=org.eclipse.jdt.ls.core.product -Djava.import.generatesMetadataFilesAtProjectRoot=false -DDetectVMInstallationsJob.disabled=true -Dfile.encoding=utf8 -XX:+UseParallelGC -XX:GCTimeRatio=4 -XX:AdaptiveSizePolicyWeight=90 -Dsun.zip.disableMemoryMapping=true -Xmx2G -Xms100m -Xlog:disable -javaagent:c:\Users\amand\.vscode\extensions\redhat.java-1.50.0-win32-x64\lombok\lombok-1.18.39-4050.jar -XX:+HeapDumpOnOutOfMemoryError -XX:HeapDumpPath=c:\Users\amand\AppData\Roaming\Code\User\workspaceStorage\e82379910cf3ea3efa22dc0eb839d511\redhat.java -Daether.dependencyCollector.impl=bf 
java_command: c:\Users\amand\.vscode\extensions\redhat.java-1.50.0-win32-x64\server\plugins\org.eclipse.equinox.launcher_1.7.100.v20251111-0406.jar -configuration c:\Users\amand\AppData\Roaming\Code\User\globalStorage\redhat.java\1.50.0\config_win -data c:\Users\amand\AppData\Roaming\Code\User\workspaceStorage\e82379910cf3ea3efa22dc0eb839d511\redhat.java\jdt_ws --pipe=\\.\pipe\lsp-55336dbd8545facb99f9d4620c782e0b-sock
java_class_path (initial): c:\Users\amand\.vscode\extensions\redhat.java-1.50.0-win32-x64\server\plugins\org.eclipse.equinox.launcher_1.7.100.v20251111-0406.jar
Launcher Type: SUN_STANDARD

[Global flags]
    uintx AdaptiveSizePolicyWeight                 = 90                                        {product} {command line}
     intx CICompilerCount                          = 12                                        {product} {ergonomic}
    uintx GCTimeRatio                              = 4                                         {product} {command line}
     bool HeapDumpOnOutOfMemoryError               = true                                   {manageable} {command line}
    ccstr HeapDumpPath                             = c:\Users\amand\AppData\Roaming\Code\User\workspaceStorage\e82379910cf3ea3efa22dc0eb839d511\redhat.java         {manageable} {command line}
   size_t InitialHeapSize                          = 104857600                                 {product} {command line}
   size_t MaxHeapSize                              = 2147483648                                {product} {command line}
   size_t MaxNewSize                               = 715653120                                 {product} {ergonomic}
   size_t MinHeapDeltaBytes                        = 524288                                    {product} {ergonomic}
   size_t MinHeapSize                              = 104857600                                 {product} {command line}
   size_t NewSize                                  = 34603008                                  {product} {ergonomic}
    uintx NonNMethodCodeHeapSize                   = 7602480                                {pd product} {ergonomic}
    uintx NonProfiledCodeHeapSize                  = 122027880                              {pd product} {ergonomic}
   size_t OldSize                                  = 70254592                                  {product} {ergonomic}
    uintx ProfiledCodeHeapSize                     = 122027880                              {pd product} {ergonomic}
    uintx ReservedCodeCacheSize                    = 251658240                              {pd product} {ergonomic}
     bool SegmentedCodeCache                       = true                                      {product} {ergonomic}
   size_t SoftMaxHeapSize                          = 2147483648                             {manageable} {ergonomic}
     bool UseCompressedOops                        = true                           {product lp64_product} {ergonomic}
     bool UseLargePagesIndividualAllocation        = false                                  {pd product} {ergonomic}
     bool UseParallelGC                            = true                                      {product} {command line}

Logging:
Log output configuration:
 #0: stdout all=off uptime,level,tags foldmultilines=false
 #1: stderr all=off uptime,level,tags foldmultilines=false

Release file:
JAVA_VERSION="21.0.9" 
MODULES="java.base java.compiler java.datatransfer java.xml java.prefs java.desktop java.instrument java.logging java.management java.security.sasl java.naming java.rmi java.management.rmi java.net.http java.scripting java.security.jgss java.transaction.xa java.sql java.sql.rowset java.xml.crypto java.se java.smartcardio jdk.accessibility jdk.internal.jvmstat jdk.attach jdk.charsets jdk.internal.opt jdk.zipfs jdk.compiler jdk.crypto.ec jdk.crypto.cryptoki jdk.crypto.mscapi jdk.dynalink jdk.internal.ed jdk.editpad jdk.hotspot.agent jdk.httpserver jdk.internal.le jdk.internal.vm.ci jdk.internal.vm.compiler jdk.internal.vm.compiler.management jdk.jartool jdk.javadoc jdk.jcmd jdk.management jdk.management.agent jdk.jconsole jdk.jdeps jdk.jdwp.agent jdk.jdi jdk.jfr jdk.jshell jdk.jsobject jdk.jstatd jdk.localedata jdk.management.jfr jdk.naming.dns jdk.naming.rmi jdk.net jdk.nio.mapmode jdk.random jdk.sctp jdk.security.auth jdk.security.jgss jdk.unsupported jdk.unsupported.desktop jdk.xml.dom" 

Environment Variables:
JAVA_HOME=C:\Program Files\Java\jdk-17
PATH=C:\WINDOWS\system32;C:\WINDOWS;C:\WINDOWS\System32\Wbem;C:\WINDOWS\System32\WindowsPowerShell\v1.0\;C:\WINDOWS\System32\OpenSSH\;C:\Program Files\dotnet\;C:\Program Files\Microsoft SQL Server\Client SDK\ODBC\170\Tools\Binn\;C:\Program Files (x86)\Microsoft SQL Server\150\Tools\Binn\;C:\Program Files\Microsoft SQL Server\150\Tools\Binn\;C:\Program Files\Microsoft SQL Server\150\DTS\Binn\;C:\Program Files (x86)\Microsoft SQL Server\160\DTS\Binn\;C:\Program Files\Git\cmd;C:\ProgramData\chocolatey\bin;C:\Program Files\DAX Studio;C:\apache-maven-3.9.11-bin\apache-maven-3.9.11\bin;C:\Program Files\Java\jdk-17\bin;C:\Users\amand\AppData\Local\Programs\Python\Python39\Scripts\;C:\Users\amand\AppData\Local\Programs\Python\Python39\;C:\Users\amand\anaconda3;C:\Users\amand\anaconda3\Library\mingw-w64\bin;C:\Users\amand\anaconda3\Library\usr\bin;C:\Users\amand\anaconda3\Library\bin;C:\Users\amand\anaconda3\Scripts;C:\WINDOWS\system32;C:\WINDOWS;C:\WINDOWS\System32\Wbem;C:\WINDOWS\System32\WindowsPowerShell\v1.0\;C:\WINDOWS\System32\OpenSSH\;C:\Program Files\dotnet\;C:\Program Files\Microsoft SQL Server\Client SDK\ODBC\170\Tools\Binn\;C:\Program Files (x86)\Microsoft SQL Server\150\Tools\Binn\;C:\Program Files\Microsoft SQL Server\150\Tools\Binn\;C:\Program Files\Microsoft SQL Server\150\DTS\Binn\;C:\Program Files (x86)\Microsoft SQL Server\160\DTS\Binn\;C:\Users\amand\AppData\Local\Programs\Python\Python313\Scripts\;C:\Users\amand\AppData\Local\Programs\Python\Python313\;C:\Users\amand\AppData\Local\Microsoft\WindowsApps;C:\Users\amand\AppData\Local\Muse Hub\lib;C:\Users\amand\AppData\Local\Programs\Microsoft VS Code\bin;C:\Program Files\Git\bin;
USERNAME=amand
OS=Windows_NT
PROCESSOR_IDENTIFIER=AMD64 Family 25 Model 80 Stepping 0, AuthenticAMD
TMP=C:\Users\amand\AppData\Local\Temp
TEMP=C:\Users\amand\AppData\Local\Temp




Periodic native trim disabled

---------------  S Y S T E M  ---------------

OS:
 Windows 11 , 64 bit Build 26100 (10.0.26100.7019)
OS uptime: 0 days 3:15 hours

CPU: total 16 (initial active 16) (16 cores per cpu, 2 threads per core) family 25 model 80 stepping 0 microcode 0xa50000d, cx8, cmov, fxsr, ht, mmx, 3dnowpref, sse, sse2, sse3, ssse3, sse4a, sse4.1, sse4.2, popcnt, lzcnt, tsc, tscinvbit, avx, avx2, aes, erms, clmul, bmi1, bmi2, adx, sha, fma, vzeroupper, clflush, clflushopt, rdtscp, rdpid, fsrm, f16c, pku, cet_ss
Processor Information for the first 16 processors :
  Max Mhz: 3801, Current Mhz: 3801, Mhz Limit: 3801

Memory: 4k page, system-wide physical 15763M (2471M free)
TotalPageFile size 18629M (AvailPageFile size 10M)
current process WorkingSet (physical memory assigned to process): 1327M, peak: 1328M
current process commit charge ("private bytes"): 1381M, peak: 1382M

vm_info: OpenJDK 64-Bit Server VM (21.0.9+10-LTS) for windows-amd64 JRE (21.0.9+10-LTS), built on 2025-10-21T00:00:00Z by "admin" with unknown MS VC++:1942

END.
