#
# There is insufficient memory for the Java Runtime Environment to continue.
# Native memory allocation (malloc) failed to allocate 1338416 bytes. Error detail: Chunk::new
# Possible reasons:
#   The system is out of physical RAM or swap space
#   This process is running with CompressedOops enabled, and the Java Heap may be blocking the growth of the native heap
# Possible solutions:
#   Reduce memory load on the system
#   Increase physical memory or swap space
#   Check if swap backing store is full
#   Decrease Java heap size (-Xmx/-Xms)
#   Decrease number of Java threads
#   Decrease Java thread stack sizes (-Xss)
#   Set larger code cache with -XX:ReservedCodeCacheSize=
#   JVM is running with Unscaled Compressed Oops mode in which the Java heap is
#     placed in the first 4GB address space. The Java Heap base address is the
#     maximum limit for the native heap growth. Please use -XX:HeapBaseMinAddress
#     to set the Java Heap base and to place the Java Heap above 4GB virtual address.
# This output file may be truncated or incomplete.
#
#  Out of Memory Error (arena.cpp:168), pid=5200, tid=19928
#
# JRE version: OpenJDK Runtime Environment Temurin-21.0.9+10 (21.0.9+10) (build 21.0.9+10-LTS)
# Java VM: OpenJDK 64-Bit Server VM Temurin-21.0.9+10 (21.0.9+10-LTS, mixed mode, sharing, tiered, compressed oops, compressed class ptrs, parallel gc, windows-amd64)
# No core dump will be written. Minidumps are not enabled by default on client versions of Windows
#

---------------  S U M M A R Y ------------

Command Line: --add-modules=ALL-SYSTEM --add-opens=java.base/java.util=ALL-UNNAMED --add-opens=java.base/java.lang=ALL-UNNAMED --add-opens=java.base/sun.nio.fs=ALL-UNNAMED -Declipse.application=org.eclipse.jdt.ls.core.id1 -Dosgi.bundles.defaultStartLevel=4 -Declipse.product=org.eclipse.jdt.ls.core.product -Djava.import.generatesMetadataFilesAtProjectRoot=false -DDetectVMInstallationsJob.disabled=true -Dfile.encoding=utf8 -XX:+UseParallelGC -XX:GCTimeRatio=4 -XX:AdaptiveSizePolicyWeight=90 -Dsun.zip.disableMemoryMapping=true -Xmx2G -Xms100m -Xlog:disable -javaagent:c:\Users\amand\.vscode\extensions\redhat.java-1.50.0-win32-x64\lombok\lombok-1.18.39-4050.jar -XX:+HeapDumpOnOutOfMemoryError -XX:HeapDumpPath=c:\Users\amand\AppData\Roaming\Code\User\workspaceStorage\e82379910cf3ea3efa22dc0eb839d511\redhat.java -Daether.dependencyCollector.impl=bf c:\Users\amand\.vscode\extensions\redhat.java-1.50.0-win32-x64\server\plugins\org.eclipse.equinox.launcher_1.7.100.v20251111-0406.jar -configuration c:\Users\amand\AppData\Roaming\Code\User\globalStorage\redhat.java\1.50.0\config_win -data c:\Users\amand\AppData\Roaming\Code\User\workspaceStorage\e82379910cf3ea3efa22dc0eb839d511\redhat.java\jdt_ws --pipe=\\.\pipe\lsp-b7988d2c6036de370f69316b9a626ee4-sock

Host: AMD Ryzen 7 5700G with Radeon Graphics         , 16 cores, 15G,  Windows 11 , 64 bit Build 26100 (10.0.26100.7019)
Time: Wed Dec  3 17:46:39 2025 Hora Padrão de Buenos Aires elapsed time: 1639.874004 seconds (0d 0h 27m 19s)

---------------  T H R E A D  ---------------

Current thread (0x000001da9368e5e0):  JavaThread "C2 CompilerThread0" daemon [_thread_in_native, id=19928, stack(0x0000007ec9a00000,0x0000007ec9b00000) (1024K)]


Current CompileTask:
C2:1639874 27714   !   4       org.eclipse.jdt.ls.core.internal.handlers.FoldingRangeHandler::computeFoldingRanges (576 bytes)

Stack: [0x0000007ec9a00000,0x0000007ec9b00000]
Native frames: (J=compiled Java code, j=interpreted, Vv=VM code, C=native code)
V  [jvm.dll+0x6d6e29]
V  [jvm.dll+0x8b4b76]
V  [jvm.dll+0x8b712e]
V  [jvm.dll+0x8b7813]
V  [jvm.dll+0x283d86]
V  [jvm.dll+0xc66ed]
V  [jvm.dll+0xc6c31]
V  [jvm.dll+0x3be501]
V  [jvm.dll+0x38ab92]
V  [jvm.dll+0x389fda]
V  [jvm.dll+0x24bfa0]
V  [jvm.dll+0x24b580]
V  [jvm.dll+0x1cb13e]
V  [jvm.dll+0x25b29d]
V  [jvm.dll+0x25982a]
V  [jvm.dll+0x3f7ea6]
V  [jvm.dll+0x85e9ad]
V  [jvm.dll+0x6d565d]
C  [ucrtbase.dll+0x37b0]
C  [KERNEL32.DLL+0x2e8d7]
C  [ntdll.dll+0x8c53c]


---------------  P R O C E S S  ---------------

Threads class SMR info:
_java_thread_list=0x000001daf8213270, length=71, elements={
0x000001da935cd510, 0x000001da93673800, 0x000001da93673f60, 0x000001da93679dc0,
0x000001daec4b4fb0, 0x000001daec4b56b0, 0x000001da936836b0, 0x000001da9368e5e0,
0x000001daec4b82a0, 0x000001da93684a60, 0x000001da93682990, 0x000001da936850f0,
0x000001da93685780, 0x000001da93683d40, 0x000001da936843d0, 0x000001da93683020,
0x000001daf2ea8a20, 0x000001daf2eab180, 0x000001daf2ea9dd0, 0x000001daf2ea7d00,
0x000001daf2eab810, 0x000001daf2eaec90, 0x000001daf2ead250, 0x000001daf2eaf320,
0x000001daf2eabea0, 0x000001daf2ead8e0, 0x000001daf2eadf70, 0x000001daf2eac530,
0x000001daf4787a00, 0x000001daf4788090, 0x000001daf4788db0, 0x000001daf4788720,
0x000001daf4787370, 0x000001daf4786650, 0x000001daf4789440, 0x000001daf4785fc0,
0x000001daf4786ce0, 0x000001daf7ceef80, 0x000001daf7cef610, 0x000001daf7cedbd0,
0x000001daf7ced540, 0x000001daf7cee8f0, 0x000001daf7cf09c0, 0x000001daf7cf37b0,
0x000001daf7cf1050, 0x000001daf7cf2a90, 0x000001daf7cf2400, 0x000001daf7cf16e0,
0x000001daf7cf1d70, 0x000001daf7cf3120, 0x000001daf9dfe610, 0x000001daf27474e0,
0x000001daf8b11f50, 0x000001daf8b174a0, 0x000001daf8b17b30, 0x000001daf8b11230,
0x000001daf8b10ba0, 0x000001daf2748890, 0x000001daf27467c0, 0x000001daf274a2d0,
0x000001daf2746e50, 0x000001daf274a960, 0x000001daf274bd10, 0x000001daf274dde0,
0x000001daf274ca30, 0x000001daf2749c40, 0x000001daf95badf0, 0x000001daf95ba760,
0x000001daf95b9a40, 0x000001daf95ba0d0, 0x000001daf95bdbe0
}

Java Threads: ( => current thread )
  0x000001da935cd510 JavaThread "main"                              [_thread_blocked, id=20244, stack(0x0000007ec9000000,0x0000007ec9100000) (1024K)]
  0x000001da93673800 JavaThread "Reference Handler"          daemon [_thread_blocked, id=7620, stack(0x0000007ec9400000,0x0000007ec9500000) (1024K)]
  0x000001da93673f60 JavaThread "Finalizer"                  daemon [_thread_blocked, id=17700, stack(0x0000007ec9500000,0x0000007ec9600000) (1024K)]
  0x000001da93679dc0 JavaThread "Signal Dispatcher"          daemon [_thread_blocked, id=19196, stack(0x0000007ec9600000,0x0000007ec9700000) (1024K)]
  0x000001daec4b4fb0 JavaThread "Attach Listener"            daemon [_thread_blocked, id=11756, stack(0x0000007ec9700000,0x0000007ec9800000) (1024K)]
  0x000001daec4b56b0 JavaThread "Service Thread"             daemon [_thread_blocked, id=17032, stack(0x0000007ec9800000,0x0000007ec9900000) (1024K)]
  0x000001da936836b0 JavaThread "Monitor Deflation Thread"   daemon [_thread_blocked, id=4548, stack(0x0000007ec9900000,0x0000007ec9a00000) (1024K)]
=>0x000001da9368e5e0 JavaThread "C2 CompilerThread0"         daemon [_thread_in_native, id=19928, stack(0x0000007ec9a00000,0x0000007ec9b00000) (1024K)]
  0x000001daec4b82a0 JavaThread "C1 CompilerThread0"         daemon [_thread_blocked, id=5536, stack(0x0000007ec9b00000,0x0000007ec9c00000) (1024K)]
  0x000001da93684a60 JavaThread "Common-Cleaner"             daemon [_thread_blocked, id=7560, stack(0x0000007ec9e00000,0x0000007ec9f00000) (1024K)]
  0x000001da93682990 JavaThread "Notification Thread"        daemon [_thread_blocked, id=19248, stack(0x0000007eca000000,0x0000007eca100000) (1024K)]
  0x000001da936850f0 JavaThread "Active Thread: Equinox Container: 5e4f6ebc-01db-426f-bf9b-60700dab75b5"        [_thread_blocked, id=16156, stack(0x0000007eca900000,0x0000007ecaa00000) (1024K)]
  0x000001da93685780 JavaThread "Refresh Thread: Equinox Container: 5e4f6ebc-01db-426f-bf9b-60700dab75b5" daemon [_thread_blocked, id=7192, stack(0x0000007eca800000,0x0000007eca900000) (1024K)]
  0x000001da93683d40 JavaThread "Framework Event Dispatcher: Equinox Container: 5e4f6ebc-01db-426f-bf9b-60700dab75b5" daemon [_thread_blocked, id=18500, stack(0x0000007ecaa00000,0x0000007ecab00000) (1024K)]
  0x000001da936843d0 JavaThread "Start Level: Equinox Container: 5e4f6ebc-01db-426f-bf9b-60700dab75b5" daemon [_thread_blocked, id=17488, stack(0x0000007ecab00000,0x0000007ecac00000) (1024K)]
  0x000001da93683020 JavaThread "Bundle File Closer"         daemon [_thread_blocked, id=15524, stack(0x0000007ecb000000,0x0000007ecb100000) (1024K)]
  0x000001daf2ea8a20 JavaThread "SCR Component Actor"        daemon [_thread_blocked, id=11236, stack(0x0000007ecac00000,0x0000007ecad00000) (1024K)]
  0x000001daf2eab180 JavaThread "Worker-JM"                         [_thread_blocked, id=16288, stack(0x0000007ecb300000,0x0000007ecb400000) (1024K)]
  0x000001daf2ea9dd0 JavaThread "JNA Cleaner"                daemon [_thread_blocked, id=19164, stack(0x0000007ec9f00000,0x0000007eca000000) (1024K)]
  0x000001daf2ea7d00 JavaThread "Java indexing"              daemon [_thread_blocked, id=18360, stack(0x0000007ecb900000,0x0000007ecba00000) (1024K)]
  0x000001daf2eab810 JavaThread "Thread-1"                   daemon [_thread_in_native, id=20436, stack(0x0000007ecc500000,0x0000007ecc600000) (1024K)]
  0x000001daf2eaec90 JavaThread "Thread-2"                   daemon [_thread_in_native, id=15112, stack(0x0000007ecc600000,0x0000007ecc700000) (1024K)]
  0x000001daf2ead250 JavaThread "Thread-3"                   daemon [_thread_in_native, id=17612, stack(0x0000007ecc700000,0x0000007ecc800000) (1024K)]
  0x000001daf2eaf320 JavaThread "Thread-4"                   daemon [_thread_in_native, id=7400, stack(0x0000007ecc800000,0x0000007ecc900000) (1024K)]
  0x000001daf2eabea0 JavaThread "Thread-5"                   daemon [_thread_in_native, id=15920, stack(0x0000007ecc900000,0x0000007ecca00000) (1024K)]
  0x000001daf2ead8e0 JavaThread "Thread-6"                   daemon [_thread_in_native, id=9568, stack(0x0000007ecca00000,0x0000007eccb00000) (1024K)]
  0x000001daf2eadf70 JavaThread "Thread-7"                   daemon [_thread_in_native, id=4268, stack(0x0000007eccb00000,0x0000007eccc00000) (1024K)]
  0x000001daf2eac530 JavaThread "Thread-8"                   daemon [_thread_in_native, id=9264, stack(0x0000007eccc00000,0x0000007eccd00000) (1024K)]
  0x000001daf4787a00 JavaThread "Thread-9"                   daemon [_thread_in_native, id=19496, stack(0x0000007eccd00000,0x0000007ecce00000) (1024K)]
  0x000001daf4788090 JavaThread "Thread-10"                  daemon [_thread_in_native, id=20316, stack(0x0000007ecce00000,0x0000007eccf00000) (1024K)]
  0x000001daf4788db0 JavaThread "Thread-11"                  daemon [_thread_in_native, id=19748, stack(0x0000007eccf00000,0x0000007ecd000000) (1024K)]
  0x000001daf4788720 JavaThread "Thread-12"                  daemon [_thread_in_native, id=4424, stack(0x0000007ecd000000,0x0000007ecd100000) (1024K)]
  0x000001daf4787370 JavaThread "Thread-13"                  daemon [_thread_in_native, id=15076, stack(0x0000007ecd100000,0x0000007ecd200000) (1024K)]
  0x000001daf4786650 JavaThread "Thread-14"                  daemon [_thread_in_native, id=10700, stack(0x0000007ecd200000,0x0000007ecd300000) (1024K)]
  0x000001daf4789440 JavaThread "Thread-15"                  daemon [_thread_in_native, id=20472, stack(0x0000007ecd300000,0x0000007ecd400000) (1024K)]
  0x000001daf4785fc0 JavaThread "Thread-16"                  daemon [_thread_in_native, id=19444, stack(0x0000007ecd400000,0x0000007ecd500000) (1024K)]
  0x000001daf4786ce0 JavaThread "Thread-17"                  daemon [_thread_in_native, id=18124, stack(0x0000007ecd500000,0x0000007ecd600000) (1024K)]
  0x000001daf7ceef80 JavaThread "pool-2-thread-1"                   [_thread_blocked, id=19564, stack(0x0000007ecd600000,0x0000007ecd700000) (1024K)]
  0x000001daf7cef610 JavaThread "WorkspaceEventsHandler"            [_thread_blocked, id=19792, stack(0x0000007ecd700000,0x0000007ecd800000) (1024K)]
  0x000001daf7cedbd0 JavaThread "pool-1-thread-1"                   [_thread_blocked, id=19612, stack(0x0000007ecd800000,0x0000007ecd900000) (1024K)]
  0x000001daf7ced540 JavaThread "ForkJoinPool.commonPool-worker-1" daemon [_thread_blocked, id=20004, stack(0x0000007ecd900000,0x0000007ecda00000) (1024K)]
  0x000001daf7cee8f0 JavaThread "ForkJoinPool.commonPool-worker-2" daemon [_thread_blocked, id=5496, stack(0x0000007ecda00000,0x0000007ecdb00000) (1024K)]
  0x000001daf7cf09c0 JavaThread "ForkJoinPool.commonPool-worker-3" daemon [_thread_blocked, id=21080, stack(0x0000007ecb800000,0x0000007ecb900000) (1024K)]
  0x000001daf7cf37b0 JavaThread "ForkJoinPool.commonPool-worker-4" daemon [_thread_blocked, id=21100, stack(0x0000007ecbc00000,0x0000007ecbd00000) (1024K)]
  0x000001daf7cf1050 JavaThread "ForkJoinPool.commonPool-worker-5" daemon [_thread_blocked, id=21104, stack(0x0000007ecbb00000,0x0000007ecbc00000) (1024K)]
  0x000001daf7cf2a90 JavaThread "ForkJoinPool.commonPool-worker-6" daemon [_thread_blocked, id=21116, stack(0x0000007ecb600000,0x0000007ecb700000) (1024K)]
  0x000001daf7cf2400 JavaThread "ForkJoinPool.commonPool-worker-7" daemon [_thread_blocked, id=21120, stack(0x0000007ecbd00000,0x0000007ecbe00000) (1024K)]
  0x000001daf7cf16e0 JavaThread "ForkJoinPool.commonPool-worker-8" daemon [_thread_blocked, id=21124, stack(0x0000007ecbe00000,0x0000007ecbf00000) (1024K)]
  0x000001daf7cf1d70 JavaThread "ForkJoinPool.commonPool-worker-9" daemon [_thread_blocked, id=21132, stack(0x0000007ecbf00000,0x0000007ecc000000) (1024K)]
  0x000001daf7cf3120 JavaThread "ForkJoinPool.commonPool-worker-10" daemon [_thread_blocked, id=21136, stack(0x0000007ecdb00000,0x0000007ecdc00000) (1024K)]
  0x000001daf9dfe610 JavaThread "Cleaner-0"                  daemon [_thread_blocked, id=9136, stack(0x0000007ecdc00000,0x0000007ecdd00000) (1024K)]
  0x000001daf27474e0 JavaThread "ForkJoinPool.commonPool-worker-11" daemon [_thread_blocked, id=19776, stack(0x0000007ecb700000,0x0000007ecb800000) (1024K)]
  0x000001daf8b11f50 JavaThread "Worker-8"                          [_thread_blocked, id=20656, stack(0x0000007ec9c00000,0x0000007ec9d00000) (1024K)]
  0x000001daf8b174a0 JavaThread "Compiler Source File Reader" daemon [_thread_blocked, id=16052, stack(0x0000007ecc000000,0x0000007ecc100000) (1024K)]
  0x000001daf8b17b30 JavaThread "Compiler Source File Reader" daemon [_thread_blocked, id=18168, stack(0x0000007ec8f00000,0x0000007ec9000000) (1024K)]
  0x000001daf8b11230 JavaThread "Worker-11"                         [_thread_blocked, id=16656, stack(0x0000007ec9d00000,0x0000007ec9e00000) (1024K)]
  0x000001daf8b10ba0 JavaThread "Compiler Source File Reader" daemon [_thread_blocked, id=15192, stack(0x0000007ec8d00000,0x0000007ec8e00000) (1024K)]
  0x000001daf2748890 JavaThread "Compiler Source File Reader" daemon [_thread_blocked, id=17136, stack(0x0000007ecb500000,0x0000007ecb600000) (1024K)]
  0x000001daf27467c0 JavaThread "Compiler Source File Reader" daemon [_thread_blocked, id=6432, stack(0x0000007ecba00000,0x0000007ecbb00000) (1024K)]
  0x000001daf274a2d0 JavaThread "Compiler Source File Reader" daemon [_thread_blocked, id=20192, stack(0x0000007ecc100000,0x0000007ecc200000) (1024K)]
  0x000001daf2746e50 JavaThread "Compiler Source File Reader" daemon [_thread_blocked, id=20136, stack(0x0000007ecc300000,0x0000007ecc400000) (1024K)]
  0x000001daf274a960 JavaThread "Compiler Source File Reader" daemon [_thread_blocked, id=3192, stack(0x0000007ecc400000,0x0000007ecc500000) (1024K)]
  0x000001daf274bd10 JavaThread "Compiler Source File Reader" daemon [_thread_blocked, id=2156, stack(0x0000007ecdd00000,0x0000007ecde00000) (1024K)]
  0x000001daf274dde0 JavaThread "Compiler Source File Reader" daemon [_thread_blocked, id=19368, stack(0x0000007ecde00000,0x0000007ecdf00000) (1024K)]
  0x000001daf274ca30 JavaThread "Compiler Source File Reader" daemon [_thread_blocked, id=17540, stack(0x0000007ecdf00000,0x0000007ece000000) (1024K)]
  0x000001daf2749c40 JavaThread "Compiler Source File Reader" daemon [_thread_blocked, id=11992, stack(0x0000007ecb400000,0x0000007ecb500000) (1024K)]
  0x000001daf95badf0 JavaThread "Compiler Processing Task"   daemon [_thread_blocked, id=20888, stack(0x0000007ecc200000,0x0000007ecc300000) (1024K)]
  0x000001daf95ba760 JavaThread "Compiler Source File Reader" daemon [_thread_blocked, id=9044, stack(0x0000007ece000000,0x0000007ece100000) (1024K)]
  0x000001daf95b9a40 JavaThread "Worker-13"                         [_thread_blocked, id=19732, stack(0x0000007ece100000,0x0000007ece200000) (1024K)]
  0x000001daf95ba0d0 JavaThread "Compiler Source File Reader" daemon [_thread_blocked, id=2192, stack(0x0000007ec8e00000,0x0000007ec8f00000) (1024K)]
  0x000001daf95bdbe0 JavaThread "Worker-14: Building"               [_thread_blocked, id=20792, stack(0x0000007ece200000,0x0000007ece300000) (1024K)]
Total: 71

Other Threads:
  0x000001daeb1e4120 VMThread "VM Thread"                           [id=4600, stack(0x0000007ec9300000,0x0000007ec9400000) (1024K)]
  0x000001daeb0dca00 WatcherThread "VM Periodic Task Thread"        [id=19244, stack(0x0000007ec9200000,0x0000007ec9300000) (1024K)]
  0x000001da935edee0 WorkerThread "GC Thread#0"                     [id=1844, stack(0x0000007ec9100000,0x0000007ec9200000) (1024K)]
  0x000001daf2602370 WorkerThread "GC Thread#1"                     [id=10852, stack(0x0000007eca200000,0x0000007eca300000) (1024K)]
  0x000001daf2601c30 WorkerThread "GC Thread#2"                     [id=15188, stack(0x0000007eca300000,0x0000007eca400000) (1024K)]
  0x000001daf2601fd0 WorkerThread "GC Thread#3"                     [id=6184, stack(0x0000007eca400000,0x0000007eca500000) (1024K)]
  0x000001daf2601890 WorkerThread "GC Thread#4"                     [id=15244, stack(0x0000007eca500000,0x0000007eca600000) (1024K)]
  0x000001daf2600db0 WorkerThread "GC Thread#5"                     [id=19384, stack(0x0000007eca600000,0x0000007eca700000) (1024K)]
  0x000001daf2602710 WorkerThread "GC Thread#6"                     [id=19372, stack(0x0000007eca700000,0x0000007eca800000) (1024K)]
  0x000001daf2a83350 WorkerThread "GC Thread#7"                     [id=19552, stack(0x0000007eca100000,0x0000007eca200000) (1024K)]
  0x000001daf2a84570 WorkerThread "GC Thread#8"                     [id=19964, stack(0x0000007ecad00000,0x0000007ecae00000) (1024K)]
  0x000001daf2a81d90 WorkerThread "GC Thread#9"                     [id=1388, stack(0x0000007ecae00000,0x0000007ecaf00000) (1024K)]
  0x000001daf2a84910 WorkerThread "GC Thread#10"                    [id=19260, stack(0x0000007ecaf00000,0x0000007ecb000000) (1024K)]
  0x000001daf2a82870 WorkerThread "GC Thread#11"                    [id=16020, stack(0x0000007ecb100000,0x0000007ecb200000) (1024K)]
  0x000001daf2a82130 WorkerThread "GC Thread#12"                    [id=17672, stack(0x0000007ecb200000,0x0000007ecb300000) (1024K)]
Total: 15

Threads with active compile tasks:
C2 CompilerThread0  1639907 27714   !   4       org.eclipse.jdt.ls.core.internal.handlers.FoldingRangeHandler::computeFoldingRanges (576 bytes)
Total: 1

VM state: at safepoint (normal execution)

VM Mutex/Monitor currently owned by a thread:  ([mutex/lock_event])
[0x00007ffe1276d570] Threads_lock - owner thread: 0x000001daeb1e4120
[0x00007ffe1276d670] Heap_lock - owner thread: 0x000001daf2ea7d00
[0x00007ffe1276daf0] PSOldGenExpand_lock - owner thread: 0x000001daf2a84910

Heap address: 0x0000000080000000, size: 2048 MB, Compressed Oops mode: 32-bit

CDS archive(s) mapped at: [0x000001daaa000000-0x000001daaaba0000-0x000001daaaba0000), size 12189696, SharedBaseAddress: 0x000001daaa000000, ArchiveRelocationMode: 1.
Compressed class space mapped at: 0x000001daab000000-0x000001daeb000000, reserved size: 1073741824
Narrow klass base: 0x000001daaa000000, Narrow klass shift: 0, Narrow klass range: 0x100000000

GC Precious Log:
 CardTable entry size: 512
 CPUs: 16 total, 16 available
 Memory: 15763M
 Large Page Support: Disabled
 NUMA Support: Disabled
 Compressed Oops: Enabled (32-bit)
 Alignments: Space 512K, Generation 512K, Heap 2M
 Heap Min Capacity: 100M
 Heap Initial Capacity: 100M
 Heap Max Capacity: 2G
 Pre-touch: Disabled
 Parallel Workers: 13

Heap:
 PSYoungGen      total 3072K, used 2560K [0x00000000d5580000, 0x00000000d5a80000, 0x0000000100000000)
  eden space 1536K, 100% used [0x00000000d5580000,0x00000000d5700000,0x00000000d5700000)
  from space 1536K, 66% used [0x00000000d5880000,0x00000000d5980000,0x00000000d5a00000)
  to   space 1536K, 21% used [0x00000000d5700000,0x00000000d5754010,0x00000000d5880000)
 ParOldGen       total 1390080K, used 1390078K [0x0000000080000000, 0x00000000d4d80000, 0x00000000d5580000)
  object space 1390080K, 99% used [0x0000000080000000,0x00000000d4d7fbf8,0x00000000d4d80000)
 Metaspace       used 88083K, committed 89920K, reserved 1179648K
  class space    used 8553K, committed 9408K, reserved 1048576K

Card table byte_map: [0x000001da92f90000,0x000001da933a0000] _byte_map_base: 0x000001da92b90000

Marking Bits: (ParMarkBitMap*) 0x00007ffe12772460
 Begin Bits: [0x000001daa5a80000, 0x000001daa7a80000)
 End Bits:   [0x000001daa7a80000, 0x000001daa9a80000)

Polling page: 0x000001da91830000

Metaspace:

Usage:
  Non-class:     77.67 MB used.
      Class:      8.35 MB used.
       Both:     86.02 MB used.

Virtual space:
  Non-class space:      128.00 MB reserved,      78.62 MB ( 61%) committed,  2 nodes.
      Class space:        1.00 GB reserved,       9.19 MB ( <1%) committed,  1 nodes.
             Both:        1.12 GB reserved,      87.81 MB (  8%) committed. 

Chunk freelists:
   Non-Class:  630.00 KB
       Class:  6.84 MB
        Both:  7.46 MB

MaxMetaspaceSize: unlimited
CompressedClassSpaceSize: 1.00 GB
Initial GC threshold: 21.00 MB
Current GC threshold: 141.81 MB
CDS: on
 - commit_granule_bytes: 65536.
 - commit_granule_words: 8192.
 - virtual_space_node_default_size: 8388608.
 - enlarge_chunks_in_place: 1.
 - use_allocation_guard: 0.


Internal statistics:

num_allocs_failed_limit: 9.
num_arena_births: 1944.
num_arena_deaths: 34.
num_vsnodes_births: 3.
num_vsnodes_deaths: 0.
num_space_committed: 1405.
num_space_uncommitted: 0.
num_chunks_returned_to_freelist: 50.
num_chunks_taken_from_freelist: 6659.
num_chunk_merges: 19.
num_chunk_splits: 3911.
num_chunks_enlarged: 1958.
num_inconsistent_stats: 0.

CodeHeap 'non-profiled nmethods': size=119168Kb used=25976Kb max_used=25976Kb free=93191Kb
 bounds [0x000001da9e370000, 0x000001da9fcd0000, 0x000001daa57d0000]
CodeHeap 'profiled nmethods': size=119104Kb used=50931Kb max_used=51146Kb free=68172Kb
 bounds [0x000001da967d0000, 0x000001da999d0000, 0x000001da9dc20000]
CodeHeap 'non-nmethods': size=7488Kb used=1495Kb max_used=3253Kb free=5992Kb
 bounds [0x000001da9dc20000, 0x000001da9df60000, 0x000001da9e370000]
CodeCache: size=245760Kb, used=78402Kb, max_used=80375Kb, free=167355Kb
 total_blobs=21564, nmethods=20755, adapters=710, full_count=0
Compilation: enabled, stopped_count=0, restarted_count=0

Compilation events (20 events):
Event: 1637.799 Thread 0x000001da9368e5e0 nmethod 27704 0x000001da9fcca490 code [0x000001da9fcca620, 0x000001da9fcca6a8]
Event: 1637.799 Thread 0x000001da9368e5e0 27705       4       org.eclipse.jdt.internal.compiler.ast.MethodDeclaration::resolveStatements (991 bytes)
Event: 1637.803 Thread 0x000001daec4b82a0 27706       3       org.eclipse.jdt.core.dom.ASTConverter::convert (130 bytes)
Event: 1637.803 Thread 0x000001daec4b82a0 nmethod 27706 0x000001da98ce0090 code [0x000001da98ce02e0, 0x000001da98ce0b98]
Event: 1637.803 Thread 0x000001daec4b82a0 27707       3       org.eclipse.jdt.core.dom.DefaultASTVisitor::visit (6 bytes)
Event: 1637.803 Thread 0x000001daec4b82a0 nmethod 27707 0x000001da98cdfc90 code [0x000001da98cdfe40, 0x000001da98ce0008]
Event: 1637.803 Thread 0x000001daec4b82a0 27708       3       org.eclipse.jdt.core.dom.DefaultASTVisitor::endVisit (6 bytes)
Event: 1637.803 Thread 0x000001daec4b82a0 nmethod 27708 0x000001da98cdf890 code [0x000001da98cdfa40, 0x000001da98cdfc08]
Event: 1637.818 Thread 0x000001da9368e5e0 nmethod 27705 0x000001da9fcca790 code [0x000001da9fccaaa0, 0x000001da9fccbe00]
Event: 1637.818 Thread 0x000001da9368e5e0 27709   !   4       org.eclipse.jdt.core.dom.FieldAccess::getName (60 bytes)
Event: 1637.818 Thread 0x000001da9368e5e0 nmethod 27709 0x000001da9fccce10 code [0x000001da9fcccfa0, 0x000001da9fccd050]
Event: 1638.252 Thread 0x000001daec4b82a0 27710       3       org.eclipse.jdt.internal.compiler.lookup.BaseTypeBinding::unannotated (104 bytes)
Event: 1638.253 Thread 0x000001daec4b82a0 nmethod 27710 0x000001da98cdf010 code [0x000001da98cdf220, 0x000001da98cdf770]
Event: 1638.253 Thread 0x000001da9368e5e0 27711 %     4       java.util.DualPivotQuicksort::mixedInsertionSort @ 339 (415 bytes)
Event: 1638.262 Thread 0x000001da9368e5e0 nmethod 27711% 0x000001da9fccd110 code [0x000001da9fccd300, 0x000001da9fccda68]
Event: 1638.262 Thread 0x000001da9368e5e0 27712       4       org.eclipse.jdt.internal.compiler.lookup.TypeVariableBinding::boundCheck (76 bytes)
Event: 1638.263 Thread 0x000001daec4b82a0 27713       3       org.eclipse.jdt.internal.compiler.flow.UnconditionalFlowInfo::isPotentiallyAssigned (9 bytes)
Event: 1638.263 Thread 0x000001daec4b82a0 nmethod 27713 0x000001da98cdec10 code [0x000001da98cdedc0, 0x000001da98cdef08]
Event: 1638.263 Thread 0x000001da9368e5e0 nmethod 27712 0x000001da9fcce010 code [0x000001da9fcce1a0, 0x000001da9fcce298]
Event: 1638.772 Thread 0x000001da9368e5e0 27714   !   4       org.eclipse.jdt.ls.core.internal.handlers.FoldingRangeHandler::computeFoldingRanges (576 bytes)

GC Heap History (20 events):
Event: 1630.743 GC heap after
{Heap after GC invocations=4569 (full 6):
 PSYoungGen      total 3072K, used 512K [0x00000000d5580000, 0x00000000d5b00000, 0x0000000100000000)
  eden space 2560K, 0% used [0x00000000d5580000,0x00000000d5580000,0x00000000d5800000)
  from space 512K, 100% used [0x00000000d5900000,0x00000000d5980000,0x00000000d5980000)
  to   space 1536K, 0% used [0x00000000d5980000,0x00000000d5980000,0x00000000d5b00000)
 ParOldGen       total 1383424K, used 1383038K [0x0000000080000000, 0x00000000d4700000, 0x00000000d5580000)
  object space 1383424K, 99% used [0x0000000080000000,0x00000000d469fad8,0x00000000d4700000)
 Metaspace       used 88077K, committed 89920K, reserved 1179648K
  class space    used 8553K, committed 9408K, reserved 1048576K
}
Event: 1630.748 GC heap before
{Heap before GC invocations=4570 (full 6):
 PSYoungGen      total 3072K, used 3072K [0x00000000d5580000, 0x00000000d5b00000, 0x0000000100000000)
  eden space 2560K, 100% used [0x00000000d5580000,0x00000000d5800000,0x00000000d5800000)
  from space 512K, 100% used [0x00000000d5900000,0x00000000d5980000,0x00000000d5980000)
  to   space 1536K, 0% used [0x00000000d5980000,0x00000000d5980000,0x00000000d5b00000)
 ParOldGen       total 1383424K, used 1383038K [0x0000000080000000, 0x00000000d4700000, 0x00000000d5580000)
  object space 1383424K, 99% used [0x0000000080000000,0x00000000d469fad8,0x00000000d4700000)
 Metaspace       used 88077K, committed 89920K, reserved 1179648K
  class space    used 8553K, committed 9408K, reserved 1048576K
}
Event: 1630.750 GC heap after
{Heap after GC invocations=4570 (full 6):
 PSYoungGen      total 4096K, used 1159K [0x00000000d5580000, 0x00000000d5b80000, 0x0000000100000000)
  eden space 2560K, 0% used [0x00000000d5580000,0x00000000d5580000,0x00000000d5800000)
  from space 1536K, 75% used [0x00000000d5980000,0x00000000d5aa1d20,0x00000000d5b00000)
  to   space 1536K, 0% used [0x00000000d5800000,0x00000000d5800000,0x00000000d5980000)
 ParOldGen       total 1383936K, used 1383594K [0x0000000080000000, 0x00000000d4780000, 0x00000000d5580000)
  object space 1383936K, 99% used [0x0000000080000000,0x00000000d472a960,0x00000000d4780000)
 Metaspace       used 88077K, committed 89920K, reserved 1179648K
  class space    used 8553K, committed 9408K, reserved 1048576K
}
Event: 1632.504 GC heap before
{Heap before GC invocations=4571 (full 6):
 PSYoungGen      total 4096K, used 3719K [0x00000000d5580000, 0x00000000d5b80000, 0x0000000100000000)
  eden space 2560K, 99% used [0x00000000d5580000,0x00000000d57fffe8,0x00000000d5800000)
  from space 1536K, 75% used [0x00000000d5980000,0x00000000d5aa1d20,0x00000000d5b00000)
  to   space 1536K, 0% used [0x00000000d5800000,0x00000000d5800000,0x00000000d5980000)
 ParOldGen       total 1383936K, used 1383594K [0x0000000080000000, 0x00000000d4780000, 0x00000000d5580000)
  object space 1383936K, 99% used [0x0000000080000000,0x00000000d472a960,0x00000000d4780000)
 Metaspace       used 88077K, committed 89920K, reserved 1179648K
  class space    used 8553K, committed 9408K, reserved 1048576K
}
Event: 1632.505 GC heap after
{Heap after GC invocations=4571 (full 6):
 PSYoungGen      total 3072K, used 320K [0x00000000d5580000, 0x00000000d5a00000, 0x0000000100000000)
  eden space 2560K, 0% used [0x00000000d5580000,0x00000000d5580000,0x00000000d5800000)
  from space 512K, 62% used [0x00000000d5800000,0x00000000d5850000,0x00000000d5880000)
  to   space 1024K, 0% used [0x00000000d5900000,0x00000000d5900000,0x00000000d5a00000)
 ParOldGen       total 1383936K, used 1383776K [0x0000000080000000, 0x00000000d4780000, 0x00000000d5580000)
  object space 1383936K, 99% used [0x0000000080000000,0x00000000d47580e0,0x00000000d4780000)
 Metaspace       used 88077K, committed 89920K, reserved 1179648K
  class space    used 8553K, committed 9408K, reserved 1048576K
}
Event: 1636.377 GC heap before
{Heap before GC invocations=4572 (full 6):
 PSYoungGen      total 3072K, used 2880K [0x00000000d5580000, 0x00000000d5a00000, 0x0000000100000000)
  eden space 2560K, 100% used [0x00000000d5580000,0x00000000d5800000,0x00000000d5800000)
  from space 512K, 62% used [0x00000000d5800000,0x00000000d5850000,0x00000000d5880000)
  to   space 1024K, 0% used [0x00000000d5900000,0x00000000d5900000,0x00000000d5a00000)
 ParOldGen       total 1383936K, used 1383776K [0x0000000080000000, 0x00000000d4780000, 0x00000000d5580000)
  object space 1383936K, 99% used [0x0000000080000000,0x00000000d47580e0,0x00000000d4780000)
 Metaspace       used 88081K, committed 89920K, reserved 1179648K
  class space    used 8553K, committed 9408K, reserved 1048576K
}
Event: 1636.379 GC heap after
{Heap after GC invocations=4572 (full 6):
 PSYoungGen      total 3072K, used 384K [0x00000000d5580000, 0x00000000d5980000, 0x0000000100000000)
  eden space 2560K, 0% used [0x00000000d5580000,0x00000000d5580000,0x00000000d5800000)
  from space 512K, 75% used [0x00000000d5900000,0x00000000d5960000,0x00000000d5980000)
  to   space 512K, 0% used [0x00000000d5800000,0x00000000d5800000,0x00000000d5880000)
 ParOldGen       total 1383936K, used 1383816K [0x0000000080000000, 0x00000000d4780000, 0x00000000d5580000)
  object space 1383936K, 99% used [0x0000000080000000,0x00000000d47620e0,0x00000000d4780000)
 Metaspace       used 88081K, committed 89920K, reserved 1179648K
  class space    used 8553K, committed 9408K, reserved 1048576K
}
Event: 1637.794 GC heap before
{Heap before GC invocations=4573 (full 6):
 PSYoungGen      total 3072K, used 2944K [0x00000000d5580000, 0x00000000d5980000, 0x0000000100000000)
  eden space 2560K, 100% used [0x00000000d5580000,0x00000000d5800000,0x00000000d5800000)
  from space 512K, 75% used [0x00000000d5900000,0x00000000d5960000,0x00000000d5980000)
  to   space 512K, 0% used [0x00000000d5800000,0x00000000d5800000,0x00000000d5880000)
 ParOldGen       total 1383936K, used 1383816K [0x0000000080000000, 0x00000000d4780000, 0x00000000d5580000)
  object space 1383936K, 99% used [0x0000000080000000,0x00000000d47620e0,0x00000000d4780000)
 Metaspace       used 88081K, committed 89920K, reserved 1179648K
  class space    used 8553K, committed 9408K, reserved 1048576K
}
Event: 1637.795 GC heap after
{Heap after GC invocations=4573 (full 6):
 PSYoungGen      total 3072K, used 475K [0x00000000d5580000, 0x00000000d5980000, 0x0000000100000000)
  eden space 2560K, 0% used [0x00000000d5580000,0x00000000d5580000,0x00000000d5800000)
  from space 512K, 92% used [0x00000000d5800000,0x00000000d5876f98,0x00000000d5880000)
  to   space 512K, 0% used [0x00000000d5900000,0x00000000d5900000,0x00000000d5980000)
 ParOldGen       total 1383936K, used 1383856K [0x0000000080000000, 0x00000000d4780000, 0x00000000d5580000)
  object space 1383936K, 99% used [0x0000000080000000,0x00000000d476c0e0,0x00000000d4780000)
 Metaspace       used 88081K, committed 89920K, reserved 1179648K
  class space    used 8553K, committed 9408K, reserved 1048576K
}
Event: 1637.800 GC heap before
{Heap before GC invocations=4574 (full 6):
 PSYoungGen      total 3072K, used 3035K [0x00000000d5580000, 0x00000000d5980000, 0x0000000100000000)
  eden space 2560K, 100% used [0x00000000d5580000,0x00000000d5800000,0x00000000d5800000)
  from space 512K, 92% used [0x00000000d5800000,0x00000000d5876f98,0x00000000d5880000)
  to   space 512K, 0% used [0x00000000d5900000,0x00000000d5900000,0x00000000d5980000)
 ParOldGen       total 1383936K, used 1383856K [0x0000000080000000, 0x00000000d4780000, 0x00000000d5580000)
  object space 1383936K, 99% used [0x0000000080000000,0x00000000d476c0e0,0x00000000d4780000)
 Metaspace       used 88081K, committed 89920K, reserved 1179648K
  class space    used 8553K, committed 9408K, reserved 1048576K
}
Event: 1637.801 GC heap after
{Heap after GC invocations=4574 (full 6):
 PSYoungGen      total 2560K, used 512K [0x00000000d5580000, 0x00000000d5b00000, 0x0000000100000000)
  eden space 2048K, 0% used [0x00000000d5580000,0x00000000d5580000,0x00000000d5780000)
  from space 512K, 100% used [0x00000000d5900000,0x00000000d5980000,0x00000000d5980000)
  to   space 1536K, 0% used [0x00000000d5780000,0x00000000d5780000,0x00000000d5900000)
 ParOldGen       total 1384960K, used 1384545K [0x0000000080000000, 0x00000000d4880000, 0x00000000d5580000)
  object space 1384960K, 99% used [0x0000000080000000,0x00000000d4818568,0x00000000d4880000)
 Metaspace       used 88081K, committed 89920K, reserved 1179648K
  class space    used 8553K, committed 9408K, reserved 1048576K
}
Event: 1638.245 GC heap before
{Heap before GC invocations=4575 (full 6):
 PSYoungGen      total 2560K, used 2560K [0x00000000d5580000, 0x00000000d5b00000, 0x0000000100000000)
  eden space 2048K, 100% used [0x00000000d5580000,0x00000000d5780000,0x00000000d5780000)
  from space 512K, 100% used [0x00000000d5900000,0x00000000d5980000,0x00000000d5980000)
  to   space 1536K, 0% used [0x00000000d5780000,0x00000000d5780000,0x00000000d5900000)
 ParOldGen       total 1384960K, used 1384545K [0x0000000080000000, 0x00000000d4880000, 0x00000000d5580000)
  object space 1384960K, 99% used [0x0000000080000000,0x00000000d4818568,0x00000000d4880000)
 Metaspace       used 88082K, committed 89920K, reserved 1179648K
  class space    used 8553K, committed 9408K, reserved 1048576K
}
Event: 1638.248 GC heap after
{Heap after GC invocations=4575 (full 6):
 PSYoungGen      total 3072K, used 927K [0x00000000d5580000, 0x00000000d5980000, 0x0000000100000000)
  eden space 2048K, 0% used [0x00000000d5580000,0x00000000d5580000,0x00000000d5780000)
  from space 1024K, 90% used [0x00000000d5780000,0x00000000d5867e70,0x00000000d5880000)
  to   space 1024K, 0% used [0x00000000d5880000,0x00000000d5880000,0x00000000d5980000)
 ParOldGen       total 1385472K, used 1385103K [0x0000000080000000, 0x00000000d4900000, 0x00000000d5580000)
  object space 1385472K, 99% used [0x0000000080000000,0x00000000d48a3fa8,0x00000000d4900000)
 Metaspace       used 88082K, committed 89920K, reserved 1179648K
  class space    used 8553K, committed 9408K, reserved 1048576K
}
Event: 1638.253 GC heap before
{Heap before GC invocations=4576 (full 6):
 PSYoungGen      total 3072K, used 2975K [0x00000000d5580000, 0x00000000d5980000, 0x0000000100000000)
  eden space 2048K, 100% used [0x00000000d5580000,0x00000000d5780000,0x00000000d5780000)
  from space 1024K, 90% used [0x00000000d5780000,0x00000000d5867e70,0x00000000d5880000)
  to   space 1024K, 0% used [0x00000000d5880000,0x00000000d5880000,0x00000000d5980000)
 ParOldGen       total 1385472K, used 1385103K [0x0000000080000000, 0x00000000d4900000, 0x00000000d5580000)
  object space 1385472K, 99% used [0x0000000080000000,0x00000000d48a3fa8,0x00000000d4900000)
 Metaspace       used 88083K, committed 89920K, reserved 1179648K
  class space    used 8553K, committed 9408K, reserved 1048576K
}
Event: 1638.256 GC heap after
{Heap after GC invocations=4576 (full 6):
 PSYoungGen      total 3072K, used 992K [0x00000000d5580000, 0x00000000d5980000, 0x0000000100000000)
  eden space 2048K, 0% used [0x00000000d5580000,0x00000000d5580000,0x00000000d5780000)
  from space 1024K, 96% used [0x00000000d5880000,0x00000000d5978000,0x00000000d5980000)
  to   space 1024K, 0% used [0x00000000d5780000,0x00000000d5780000,0x00000000d5880000)
 ParOldGen       total 1385984K, used 1385808K [0x0000000080000000, 0x00000000d4980000, 0x00000000d5580000)
  object space 1385984K, 99% used [0x0000000080000000,0x00000000d4954380,0x00000000d4980000)
 Metaspace       used 88083K, committed 89920K, reserved 1179648K
  class space    used 8553K, committed 9408K, reserved 1048576K
}
Event: 1638.260 GC heap before
{Heap before GC invocations=4577 (full 6):
 PSYoungGen      total 3072K, used 3040K [0x00000000d5580000, 0x00000000d5980000, 0x0000000100000000)
  eden space 2048K, 100% used [0x00000000d5580000,0x00000000d5780000,0x00000000d5780000)
  from space 1024K, 96% used [0x00000000d5880000,0x00000000d5978000,0x00000000d5980000)
  to   space 1024K, 0% used [0x00000000d5780000,0x00000000d5780000,0x00000000d5880000)
 ParOldGen       total 1385984K, used 1385808K [0x0000000080000000, 0x00000000d4980000, 0x00000000d5580000)
  object space 1385984K, 99% used [0x0000000080000000,0x00000000d4954380,0x00000000d4980000)
 Metaspace       used 88083K, committed 89920K, reserved 1179648K
  class space    used 8553K, committed 9408K, reserved 1048576K
}
Event: 1638.262 GC heap after
{Heap after GC invocations=4577 (full 6):
 PSYoungGen      total 3072K, used 1003K [0x00000000d5580000, 0x00000000d5b80000, 0x0000000100000000)
  eden space 2048K, 0% used [0x00000000d5580000,0x00000000d5580000,0x00000000d5780000)
  from space 1024K, 98% used [0x00000000d5780000,0x00000000d587afa8,0x00000000d5880000)
  to   space 2048K, 0% used [0x00000000d5980000,0x00000000d5980000,0x00000000d5b80000)
 ParOldGen       total 1387008K, used 1386598K [0x0000000080000000, 0x00000000d4a80000, 0x00000000d5580000)
  object space 1387008K, 99% used [0x0000000080000000,0x00000000d4a19ac0,0x00000000d4a80000)
 Metaspace       used 88083K, committed 89920K, reserved 1179648K
  class space    used 8553K, committed 9408K, reserved 1048576K
}
Event: 1638.778 GC heap before
{Heap before GC invocations=4578 (full 6):
 PSYoungGen      total 3072K, used 3051K [0x00000000d5580000, 0x00000000d5b80000, 0x0000000100000000)
  eden space 2048K, 100% used [0x00000000d5580000,0x00000000d5780000,0x00000000d5780000)
  from space 1024K, 98% used [0x00000000d5780000,0x00000000d587afa8,0x00000000d5880000)
  to   space 2048K, 0% used [0x00000000d5980000,0x00000000d5980000,0x00000000d5b80000)
 ParOldGen       total 1387008K, used 1386598K [0x0000000080000000, 0x00000000d4a80000, 0x00000000d5580000)
  object space 1387008K, 99% used [0x0000000080000000,0x00000000d4a19ac0,0x00000000d4a80000)
 Metaspace       used 88083K, committed 89920K, reserved 1179648K
  class space    used 8553K, committed 9408K, reserved 1048576K
}
Event: 1638.780 GC heap after
{Heap after GC invocations=4578 (full 6):
 PSYoungGen      total 3072K, used 539K [0x00000000d5580000, 0x00000000d5a80000, 0x0000000100000000)
  eden space 2048K, 0% used [0x00000000d5580000,0x00000000d5580000,0x00000000d5780000)
  from space 1024K, 52% used [0x00000000d5980000,0x00000000d5a06f98,0x00000000d5a80000)
  to   space 1024K, 0% used [0x00000000d5780000,0x00000000d5780000,0x00000000d5880000)
 ParOldGen       total 1387520K, used 1387447K [0x0000000080000000, 0x00000000d4b00000, 0x00000000d5580000)
  object space 1387520K, 99% used [0x0000000080000000,0x00000000d4aedf08,0x00000000d4b00000)
 Metaspace       used 88083K, committed 89920K, reserved 1179648K
  class space    used 8553K, committed 9408K, reserved 1048576K
}
Event: 1638.870 GC heap before
{Heap before GC invocations=4579 (full 6):
 PSYoungGen      total 3072K, used 2585K [0x00000000d5580000, 0x00000000d5a80000, 0x0000000100000000)
  eden space 2048K, 99% used [0x00000000d5580000,0x00000000d577f720,0x00000000d5780000)
  from space 1024K, 52% used [0x00000000d5980000,0x00000000d5a06f98,0x00000000d5a80000)
  to   space 1024K, 0% used [0x00000000d5780000,0x00000000d5780000,0x00000000d5880000)
 ParOldGen       total 1387520K, used 1387447K [0x0000000080000000, 0x00000000d4b00000, 0x00000000d5580000)
  object space 1387520K, 99% used [0x0000000080000000,0x00000000d4aedf08,0x00000000d4b00000)
 Metaspace       used 88083K, committed 89920K, reserved 1179648K
  class space    used 8553K, committed 9408K, reserved 1048576K
}

Dll operation events (11 events):
Event: 0.020 Loaded shared library c:\Users\amand\.vscode\extensions\redhat.java-1.50.0-win32-x64\jre\21.0.9-win32-x86_64\bin\java.dll
Event: 0.117 Loaded shared library c:\Users\amand\.vscode\extensions\redhat.java-1.50.0-win32-x64\jre\21.0.9-win32-x86_64\bin\zip.dll
Event: 0.146 Loaded shared library C:\Users\amand\.vscode\extensions\redhat.java-1.50.0-win32-x64\jre\21.0.9-win32-x86_64\bin\instrument.dll
Event: 0.152 Loaded shared library C:\Users\amand\.vscode\extensions\redhat.java-1.50.0-win32-x64\jre\21.0.9-win32-x86_64\bin\net.dll
Event: 0.156 Loaded shared library C:\Users\amand\.vscode\extensions\redhat.java-1.50.0-win32-x64\jre\21.0.9-win32-x86_64\bin\nio.dll
Event: 0.161 Loaded shared library C:\Users\amand\.vscode\extensions\redhat.java-1.50.0-win32-x64\jre\21.0.9-win32-x86_64\bin\zip.dll
Event: 0.198 Loaded shared library C:\Users\amand\.vscode\extensions\redhat.java-1.50.0-win32-x64\jre\21.0.9-win32-x86_64\bin\jimage.dll
Event: 0.301 Loaded shared library c:\Users\amand\.vscode\extensions\redhat.java-1.50.0-win32-x64\jre\21.0.9-win32-x86_64\bin\verify.dll
Event: 1.875 Loaded shared library C:\Users\amand\AppData\Roaming\Code\User\globalStorage\redhat.java\1.50.0\config_win\org.eclipse.equinox.launcher\org.eclipse.equinox.launcher.win32.win32.x86_64_1.2.1400.v20250801-0854\eclipse_11916.dll
Event: 3.937 Loaded shared library C:\Users\amand\AppData\Local\Temp\jna-92925483\jna16467084005090493642.dll
Event: 17.163 Loaded shared library C:\Users\amand\.vscode\extensions\redhat.java-1.50.0-win32-x64\jre\21.0.9-win32-x86_64\bin\sunmscapi.dll

Deoptimization events (20 events):
Event: 1622.035 Thread 0x000001daf7cf3120 Uncommon trap: trap_request=0xffffffc6 fr.pc=0x000001da9efe5388 relative=0x0000000000000388
Event: 1622.035 Thread 0x000001daf7cf3120 Uncommon trap: reason=bimorphic_or_optimized_type_check action=maybe_recompile pc=0x000001da9efe5388 method=org.eclipse.jdt.internal.compiler.parser.Parser.checkComment()V @ 29 c2
Event: 1622.035 Thread 0x000001daf7cf3120 DEOPT PACKING pc=0x000001da9efe5388 sp=0x0000007ecdbfe620
Event: 1622.035 Thread 0x000001daf7cf3120 DEOPT UNPACKING pc=0x000001da9dc73aa2 sp=0x0000007ecdbfe598 mode 2
Event: 1624.100 Thread 0x000001daf7cf3120 Uncommon trap: trap_request=0xffffff6e fr.pc=0x000001da9fca17a0 relative=0x0000000000000260
Event: 1624.100 Thread 0x000001daf7cf3120 Uncommon trap: reason=loop_limit_check action=maybe_recompile pc=0x000001da9fca17a0 method=org.eclipse.jdt.internal.compiler.lookup.ArrayBinding.genericTypeSignature()[C @ 33 c2
Event: 1624.100 Thread 0x000001daf7cf3120 DEOPT PACKING pc=0x000001da9fca17a0 sp=0x0000007ecdbfe770
Event: 1624.100 Thread 0x000001daf7cf3120 DEOPT UNPACKING pc=0x000001da9dc73aa2 sp=0x0000007ecdbfe6f8 mode 2
Event: 1624.260 Thread 0x000001daf7cf3120 DEOPT PACKING pc=0x000001da982c8dc6 sp=0x0000007ecdbff5e0
Event: 1624.260 Thread 0x000001daf7cf3120 DEOPT UNPACKING pc=0x000001da9dc74242 sp=0x0000007ecdbfead8 mode 0
Event: 1629.132 Thread 0x000001daf95b9a40 Uncommon trap: trap_request=0xffffff45 fr.pc=0x000001da9e4582d4 relative=0x0000000000000174
Event: 1629.132 Thread 0x000001daf95b9a40 Uncommon trap: reason=unstable_if action=reinterpret pc=0x000001da9e4582d4 method=org.eclipse.jdt.internal.compiler.parser.Parser.consumeMethodHeader()V @ 131 c2
Event: 1629.132 Thread 0x000001daf95b9a40 DEOPT PACKING pc=0x000001da9e4582d4 sp=0x0000007ece1fe530
Event: 1629.132 Thread 0x000001daf95b9a40 DEOPT UNPACKING pc=0x000001da9dc73aa2 sp=0x0000007ece1fe4a8 mode 2
Event: 1629.263 Thread 0x000001daf7cf3120 Uncommon trap: trap_request=0xffffff45 fr.pc=0x000001da9e9925b0 relative=0x00000000000043d0
Event: 1629.263 Thread 0x000001daf7cf3120 Uncommon trap: reason=unstable_if action=reinterpret pc=0x000001da9e9925b0 method=org.eclipse.jdt.ls.core.internal.handlers.FoldingRangeHandler.computeMethodRanges(Ljava/util/List;Lorg/eclipse/jdt/core/IMember;Lorg/eclipse/jdt/core/compiler/IScanner;)V @ 
Event: 1629.263 Thread 0x000001daf7cf3120 DEOPT PACKING pc=0x000001da9e9925b0 sp=0x0000007ecdbfeee0
Event: 1629.263 Thread 0x000001daf7cf3120 DEOPT UNPACKING pc=0x000001da9dc73aa2 sp=0x0000007ecdbfee88 mode 2
Event: 1638.772 Thread 0x000001daf7cf3120 DEOPT PACKING pc=0x000001da9849dd13 sp=0x0000007ecdbff160
Event: 1638.772 Thread 0x000001daf7cf3120 DEOPT UNPACKING pc=0x000001da9dc74242 sp=0x0000007ecdbfe6d0 mode 0

Classes loaded (20 events):
Event: 412.807 Loading class java/io/ObjectOutputStream$ReplaceTable
Event: 412.808 Loading class java/io/ObjectOutputStream$ReplaceTable done
Event: 560.743 Loading class java/nio/channels/CompletionHandler
Event: 560.743 Loading class java/nio/channels/CompletionHandler done
Event: 701.960 Loading class java/lang/Throwable$WrappedPrintWriter
Event: 701.960 Loading class java/lang/Throwable$PrintStreamOrWriter
Event: 701.960 Loading class java/lang/Throwable$PrintStreamOrWriter done
Event: 701.960 Loading class java/lang/Throwable$WrappedPrintWriter done
Event: 903.531 Loading class java/lang/StringLatin1$CharsSpliterator
Event: 903.531 Loading class java/lang/StringLatin1$CharsSpliterator done
Event: 1000.372 Loading class jdk/internal/icu/text/NormalizerBase$NFCModeImpl
Event: 1000.372 Loading class jdk/internal/icu/text/NormalizerBase$NFCModeImpl done
Event: 1000.372 Loading class jdk/internal/icu/impl/Norm2AllModes$NFCSingleton
Event: 1000.372 Loading class jdk/internal/icu/impl/Norm2AllModes$NFCSingleton done
Event: 1000.376 Loading class java/nio/StringCharBuffer
Event: 1000.376 Loading class java/nio/StringCharBuffer done
Event: 1063.982 Loading class java/util/Collections$EmptyListIterator
Event: 1063.982 Loading class java/util/Collections$EmptyListIterator done
Event: 1085.148 Loading class java/util/Spliterators$IntArraySpliterator
Event: 1085.149 Loading class java/util/Spliterators$IntArraySpliterator done

Classes unloaded (17 events):
Event: 4.765 Thread 0x000001daeb1e4120 Unloading class 0x000001daab1a5000 'java/lang/invoke/LambdaForm$MH+0x000001daab1a5000'
Event: 4.766 Thread 0x000001daeb1e4120 Unloading class 0x000001daab1a4c00 'java/lang/invoke/LambdaForm$MH+0x000001daab1a4c00'
Event: 4.766 Thread 0x000001daeb1e4120 Unloading class 0x000001daab1a4800 'java/lang/invoke/LambdaForm$MH+0x000001daab1a4800'
Event: 4.766 Thread 0x000001daeb1e4120 Unloading class 0x000001daab1a4400 'java/lang/invoke/LambdaForm$MH+0x000001daab1a4400'
Event: 4.766 Thread 0x000001daeb1e4120 Unloading class 0x000001daab1a4000 'java/lang/invoke/LambdaForm$BMH+0x000001daab1a4000'
Event: 4.766 Thread 0x000001daeb1e4120 Unloading class 0x000001daab1a3c00 'java/lang/invoke/LambdaForm$DMH+0x000001daab1a3c00'
Event: 4.766 Thread 0x000001daeb1e4120 Unloading class 0x000001daab1a2800 'java/lang/invoke/LambdaForm$DMH+0x000001daab1a2800'
Event: 18.049 Thread 0x000001daeb1e4120 Unloading class 0x000001daab6c0c00 'java/lang/invoke/LambdaForm$DMH+0x000001daab6c0c00'
Event: 153.362 Thread 0x000001daeb1e4120 Unloading class 0x000001daab861400 'java/lang/invoke/LambdaForm$DMH+0x000001daab861400'
Event: 153.362 Thread 0x000001daeb1e4120 Unloading class 0x000001daab860c00 'java/lang/invoke/LambdaForm$DMH+0x000001daab860c00'
Event: 153.362 Thread 0x000001daeb1e4120 Unloading class 0x000001daab861000 'java/lang/invoke/LambdaForm$DMH+0x000001daab861000'
Event: 153.362 Thread 0x000001daeb1e4120 Unloading class 0x000001daab860400 'java/lang/invoke/LambdaForm$DMH+0x000001daab860400'
Event: 153.363 Thread 0x000001daeb1e4120 Unloading class 0x000001daab6e0000 'java/lang/invoke/LambdaForm$MH+0x000001daab6e0000'
Event: 153.363 Thread 0x000001daeb1e4120 Unloading class 0x000001daab6db400 'java/lang/invoke/LambdaForm$MH+0x000001daab6db400'
Event: 153.363 Thread 0x000001daeb1e4120 Unloading class 0x000001daab6dac00 'java/lang/invoke/LambdaForm$MH+0x000001daab6dac00'
Event: 153.363 Thread 0x000001daeb1e4120 Unloading class 0x000001daab6da800 'java/lang/invoke/LambdaForm$MH+0x000001daab6da800'
Event: 153.363 Thread 0x000001daeb1e4120 Unloading class 0x000001daab6d1000 'java/lang/invoke/LambdaForm$DMH+0x000001daab6d1000'

Classes redefined (0 events):
No events

Internal exceptions (20 events):
Event: 1601.463 Thread 0x000001daf2ea7d00 Exception <a 'sun/nio/fs/WindowsException'{0x00000000d55923a8}> (0x00000000d55923a8) 
thrown [s\src\hotspot\share\prims\jni.cpp, line 520]
Event: 1601.538 Thread 0x000001daf2ea7d00 Exception <a 'sun/nio/fs/WindowsException'{0x00000000d56854a0}> (0x00000000d56854a0) 
thrown [s\src\hotspot\share\prims\jni.cpp, line 520]
Event: 1603.246 Thread 0x000001daf2ea7d00 Exception <a 'sun/nio/fs/WindowsException'{0x00000000d57d67c8}> (0x00000000d57d67c8) 
thrown [s\src\hotspot\share\prims\jni.cpp, line 520]
Event: 1603.311 Thread 0x000001daf2ea7d00 Exception <a 'sun/nio/fs/WindowsException'{0x00000000d57d6120}> (0x00000000d57d6120) 
thrown [s\src\hotspot\share\prims\jni.cpp, line 520]
Event: 1607.416 Thread 0x000001daf2ea7d00 Exception <a 'sun/nio/fs/WindowsException'{0x00000000d55cea28}> (0x00000000d55cea28) 
thrown [s\src\hotspot\share\prims\jni.cpp, line 520]
Event: 1607.497 Thread 0x000001daf2ea7d00 Exception <a 'sun/nio/fs/WindowsException'{0x00000000d5605dd8}> (0x00000000d5605dd8) 
thrown [s\src\hotspot\share\prims\jni.cpp, line 520]
Event: 1611.025 Thread 0x000001daf2ea7d00 Exception <a 'sun/nio/fs/WindowsException'{0x00000000d573b2b0}> (0x00000000d573b2b0) 
thrown [s\src\hotspot\share\prims\jni.cpp, line 520]
Event: 1611.094 Thread 0x000001daf2ea7d00 Exception <a 'sun/nio/fs/WindowsException'{0x00000000d5680430}> (0x00000000d5680430) 
thrown [s\src\hotspot\share\prims\jni.cpp, line 520]
Event: 1614.468 Thread 0x000001daf2ea7d00 Exception <a 'sun/nio/fs/WindowsException'{0x00000000d57ac160}> (0x00000000d57ac160) 
thrown [s\src\hotspot\share\prims\jni.cpp, line 520]
Event: 1614.547 Thread 0x000001daf2ea7d00 Exception <a 'sun/nio/fs/WindowsException'{0x00000000d5758098}> (0x00000000d5758098) 
thrown [s\src\hotspot\share\prims\jni.cpp, line 520]
Event: 1619.226 Thread 0x000001daf2ea7d00 Exception <a 'sun/nio/fs/WindowsException'{0x00000000d565ad60}> (0x00000000d565ad60) 
thrown [s\src\hotspot\share\prims\jni.cpp, line 520]
Event: 1619.295 Thread 0x000001daf2ea7d00 Exception <a 'sun/nio/fs/WindowsException'{0x00000000d5680d30}> (0x00000000d5680d30) 
thrown [s\src\hotspot\share\prims\jni.cpp, line 520]
Event: 1622.184 Thread 0x000001daf2ea7d00 Exception <a 'sun/nio/fs/WindowsException'{0x00000000d5770bf8}> (0x00000000d5770bf8) 
thrown [s\src\hotspot\share\prims\jni.cpp, line 520]
Event: 1622.296 Thread 0x000001daf2ea7d00 Exception <a 'sun/nio/fs/WindowsException'{0x00000000d5580728}> (0x00000000d5580728) 
thrown [s\src\hotspot\share\prims\jni.cpp, line 520]
Event: 1625.072 Thread 0x000001daf2ea7d00 Exception <a 'sun/nio/fs/WindowsException'{0x00000000d559f6e0}> (0x00000000d559f6e0) 
thrown [s\src\hotspot\share\prims\jni.cpp, line 520]
Event: 1625.168 Thread 0x000001daf2ea7d00 Exception <a 'sun/nio/fs/WindowsException'{0x00000000d5642260}> (0x00000000d5642260) 
thrown [s\src\hotspot\share\prims\jni.cpp, line 520]
Event: 1629.263 Thread 0x000001daf7cf3120 Implicit null exception at 0x000001da9e98f11e to 0x000001da9e992598
Event: 1630.118 Thread 0x000001daf2ea7d00 Exception <a 'sun/nio/fs/WindowsException'{0x00000000d55a0d78}> (0x00000000d55a0d78) 
thrown [s\src\hotspot\share\prims\jni.cpp, line 520]
Event: 1630.224 Thread 0x000001daf2ea7d00 Exception <a 'sun/nio/fs/WindowsException'{0x00000000d56a1788}> (0x00000000d56a1788) 
thrown [s\src\hotspot\share\prims\jni.cpp, line 520]
Event: 1638.866 Thread 0x000001daf2ea7d00 Exception <a 'sun/nio/fs/WindowsException'{0x00000000d5768980}> (0x00000000d5768980) 
thrown [s\src\hotspot\share\prims\jni.cpp, line 520]

ZGC Phase Switch (0 events):
No events

VM Operations (20 events):
Event: 1631.750 Executing VM operation: Cleanup done
Event: 1632.504 Executing VM operation: ParallelGCFailedAllocation (Allocation Failure)
Event: 1632.505 Executing VM operation: ParallelGCFailedAllocation (Allocation Failure) done
Event: 1634.505 Executing VM operation: Cleanup
Event: 1634.505 Executing VM operation: Cleanup done
Event: 1636.377 Executing VM operation: ParallelGCFailedAllocation (Allocation Failure)
Event: 1636.379 Executing VM operation: ParallelGCFailedAllocation (Allocation Failure) done
Event: 1637.794 Executing VM operation: ParallelGCFailedAllocation (Allocation Failure)
Event: 1637.795 Executing VM operation: ParallelGCFailedAllocation (Allocation Failure) done
Event: 1637.800 Executing VM operation: ParallelGCFailedAllocation (Allocation Failure)
Event: 1637.801 Executing VM operation: ParallelGCFailedAllocation (Allocation Failure) done
Event: 1638.245 Executing VM operation: ParallelGCFailedAllocation (Allocation Failure)
Event: 1638.248 Executing VM operation: ParallelGCFailedAllocation (Allocation Failure) done
Event: 1638.253 Executing VM operation: ParallelGCFailedAllocation (Allocation Failure)
Event: 1638.256 Executing VM operation: ParallelGCFailedAllocation (Allocation Failure) done
Event: 1638.260 Executing VM operation: ParallelGCFailedAllocation (Allocation Failure)
Event: 1638.262 Executing VM operation: ParallelGCFailedAllocation (Allocation Failure) done
Event: 1638.778 Executing VM operation: ParallelGCFailedAllocation (Allocation Failure)
Event: 1638.780 Executing VM operation: ParallelGCFailedAllocation (Allocation Failure) done
Event: 1638.870 Executing VM operation: ParallelGCFailedAllocation (Allocation Failure)

Memory protections (0 events):
No events

Nmethod flushes (20 events):
Event: 913.459 Thread 0x000001daeb1e4120 flushing  nmethod 0x000001da99693590
Event: 913.459 Thread 0x000001daeb1e4120 flushing  nmethod 0x000001da996a1490
Event: 913.459 Thread 0x000001daeb1e4120 flushing  nmethod 0x000001da996a4790
Event: 913.459 Thread 0x000001daeb1e4120 flushing  nmethod 0x000001da996b0c90
Event: 913.459 Thread 0x000001daeb1e4120 flushing  nmethod 0x000001da996b9710
Event: 913.459 Thread 0x000001daeb1e4120 flushing  nmethod 0x000001da996c8a10
Event: 913.459 Thread 0x000001daeb1e4120 flushing  nmethod 0x000001da996c9e10
Event: 913.459 Thread 0x000001daeb1e4120 flushing  nmethod 0x000001da996cf510
Event: 913.459 Thread 0x000001daeb1e4120 flushing  nmethod 0x000001da996f1990
Event: 913.459 Thread 0x000001daeb1e4120 flushing  nmethod 0x000001da9974e090
Event: 913.459 Thread 0x000001daeb1e4120 flushing  nmethod 0x000001da99764990
Event: 913.459 Thread 0x000001daeb1e4120 flushing  nmethod 0x000001da9976d310
Event: 913.459 Thread 0x000001daeb1e4120 flushing  nmethod 0x000001da99799d90
Event: 913.459 Thread 0x000001daeb1e4120 flushing  nmethod 0x000001da997acf10
Event: 913.459 Thread 0x000001daeb1e4120 flushing  nmethod 0x000001da997cfe90
Event: 913.459 Thread 0x000001daeb1e4120 flushing  nmethod 0x000001da9980af90
Event: 913.459 Thread 0x000001daeb1e4120 flushing  nmethod 0x000001da9980e610
Event: 913.459 Thread 0x000001daeb1e4120 flushing  nmethod 0x000001da9980ea10
Event: 913.459 Thread 0x000001daeb1e4120 flushing  nmethod 0x000001da9980f110
Event: 913.459 Thread 0x000001daeb1e4120 flushing  nmethod 0x000001da99827b90

Events (20 events):
Event: 1578.150 Thread 0x000001daf3c693f0 Thread exited: 0x000001daf3c693f0
Event: 1578.502 Thread 0x000001daf507aaf0 Thread exited: 0x000001daf507aaf0
Event: 1578.502 Thread 0x000001daf3c6a860 Thread exited: 0x000001daf3c6a860
Event: 1578.503 Thread 0x000001daec4b82a0 Thread added: 0x000001daf3c67f80
Event: 1578.503 Thread 0x000001daec4b82a0 Thread added: 0x000001daf3c68d20
Event: 1578.503 Thread 0x000001daec4b82a0 Thread added: 0x000001daf3c671e0
Event: 1579.419 Thread 0x000001daf3c671e0 Thread exited: 0x000001daf3c671e0
Event: 1579.468 Thread 0x000001daf3c67f80 Thread exited: 0x000001daf3c67f80
Event: 1579.468 Thread 0x000001daf3c68d20 Thread exited: 0x000001daf3c68d20
Event: 1580.992 Thread 0x000001da9368e5e0 Thread added: 0x000001daf3c67f80
Event: 1581.342 Thread 0x000001daf3c67f80 Thread exited: 0x000001daf3c67f80
Event: 1584.040 Thread 0x000001da9368e5e0 Thread added: 0x000001daf5097130
Event: 1584.041 Thread 0x000001da9368e5e0 Thread added: 0x000001daf5097800
Event: 1584.572 Thread 0x000001daf5097800 Thread exited: 0x000001daf5097800
Event: 1584.572 Thread 0x000001daf5097130 Thread exited: 0x000001daf5097130
Event: 1603.398 Thread 0x000001daf8b11230 Thread added: 0x000001daf95bdbe0
Event: 1607.729 Thread 0x000001daec4b82a0 Thread added: 0x000001daf7c263c0
Event: 1608.133 Thread 0x000001daf7c263c0 Thread exited: 0x000001daf7c263c0
Event: 1617.211 Thread 0x000001daec4b82a0 Thread added: 0x000001daf60aca40
Event: 1617.792 Thread 0x000001daf60aca40 Thread exited: 0x000001daf60aca40


Dynamic libraries:
0x00007ff71aef0000 - 0x00007ff71aefe000 	c:\Users\amand\.vscode\extensions\redhat.java-1.50.0-win32-x64\jre\21.0.9-win32-x86_64\bin\java.exe
0x00007ffeb5f40000 - 0x00007ffeb61a8000 	C:\WINDOWS\SYSTEM32\ntdll.dll
0x00007ffeb4d20000 - 0x00007ffeb4de9000 	C:\WINDOWS\System32\KERNEL32.DLL
0x00007ffeb32c0000 - 0x00007ffeb36b8000 	C:\WINDOWS\System32\KERNELBASE.dll
0x00007ffeb3770000 - 0x00007ffeb38bb000 	C:\WINDOWS\System32\ucrtbase.dll
0x00007ffe8b540000 - 0x00007ffe8b558000 	c:\Users\amand\.vscode\extensions\redhat.java-1.50.0-win32-x64\jre\21.0.9-win32-x86_64\bin\jli.dll
0x00007ffe8a1f0000 - 0x00007ffe8a20e000 	c:\Users\amand\.vscode\extensions\redhat.java-1.50.0-win32-x64\jre\21.0.9-win32-x86_64\bin\VCRUNTIME140.dll
0x00007ffeb3db0000 - 0x00007ffeb3f77000 	C:\WINDOWS\System32\USER32.dll
0x00007ffea5350000 - 0x00007ffea55e4000 	C:\WINDOWS\WinSxS\amd64_microsoft.windows.common-controls_6595b64144ccf1df_6.0.26100.7019_none_3e06ffa0e335b8a8\COMCTL32.dll
0x00007ffeb38c0000 - 0x00007ffeb38e7000 	C:\WINDOWS\System32\win32u.dll
0x00007ffeb41d0000 - 0x00007ffeb4279000 	C:\WINDOWS\System32\msvcrt.dll
0x00007ffeb3f80000 - 0x00007ffeb3fab000 	C:\WINDOWS\System32\GDI32.dll
0x00007ffeb3bb0000 - 0x00007ffeb3cdc000 	C:\WINDOWS\System32\gdi32full.dll
0x00007ffeb3a70000 - 0x00007ffeb3b13000 	C:\WINDOWS\System32\msvcp_win.dll
0x00007ffeb4ad0000 - 0x00007ffeb4b01000 	C:\WINDOWS\System32\IMM32.DLL
0x00007ffeadaf0000 - 0x00007ffeadafc000 	c:\Users\amand\.vscode\extensions\redhat.java-1.50.0-win32-x64\jre\21.0.9-win32-x86_64\bin\vcruntime140_1.dll
0x00007ffe55b10000 - 0x00007ffe55b9d000 	c:\Users\amand\.vscode\extensions\redhat.java-1.50.0-win32-x64\jre\21.0.9-win32-x86_64\bin\msvcp140.dll
0x00007ffe11ab0000 - 0x00007ffe12850000 	c:\Users\amand\.vscode\extensions\redhat.java-1.50.0-win32-x64\jre\21.0.9-win32-x86_64\bin\server\jvm.dll
0x00007ffeb5c60000 - 0x00007ffeb5d14000 	C:\WINDOWS\System32\ADVAPI32.dll
0x00007ffeb5520000 - 0x00007ffeb55c6000 	C:\WINDOWS\System32\sechost.dll
0x00007ffeb4b10000 - 0x00007ffeb4c28000 	C:\WINDOWS\System32\RPCRT4.dll
0x00007ffeb4280000 - 0x00007ffeb42f4000 	C:\WINDOWS\System32\WS2_32.dll
0x00007ffeb2f10000 - 0x00007ffeb2f6e000 	C:\WINDOWS\SYSTEM32\POWRPROF.dll
0x00007ffea9d90000 - 0x00007ffea9dc5000 	C:\WINDOWS\SYSTEM32\WINMM.dll
0x00007ffeab560000 - 0x00007ffeab56b000 	C:\WINDOWS\SYSTEM32\VERSION.dll
0x00007ffeb2ef0000 - 0x00007ffeb2f04000 	C:\WINDOWS\SYSTEM32\UMPDC.dll
0x00007ffeb1e50000 - 0x00007ffeb1e6b000 	C:\WINDOWS\SYSTEM32\kernel.appcore.dll
0x00007ffea9750000 - 0x00007ffea975a000 	c:\Users\amand\.vscode\extensions\redhat.java-1.50.0-win32-x64\jre\21.0.9-win32-x86_64\bin\jimage.dll
0x00007ffeabae0000 - 0x00007ffeabd22000 	C:\WINDOWS\SYSTEM32\DBGHELP.DLL
0x00007ffeb4fc0000 - 0x00007ffeb534b000 	C:\WINDOWS\System32\combase.dll
0x00007ffeb4c40000 - 0x00007ffeb4d17000 	C:\WINDOWS\System32\OLEAUT32.dll
0x00007ffeabe90000 - 0x00007ffeabecc000 	C:\WINDOWS\SYSTEM32\dbgcore.DLL
0x00007ffeb36c0000 - 0x00007ffeb3765000 	C:\WINDOWS\System32\bcryptPrimitives.dll
0x00007ffea6fd0000 - 0x00007ffea6fdf000 	c:\Users\amand\.vscode\extensions\redhat.java-1.50.0-win32-x64\jre\21.0.9-win32-x86_64\bin\instrument.dll
0x00007ffe88cd0000 - 0x00007ffe88cf0000 	c:\Users\amand\.vscode\extensions\redhat.java-1.50.0-win32-x64\jre\21.0.9-win32-x86_64\bin\java.dll
0x00007ffeb4350000 - 0x00007ffeb4a9f000 	C:\WINDOWS\System32\SHELL32.dll
0x00007ffeb3150000 - 0x00007ffeb32bb000 	C:\WINDOWS\System32\wintypes.dll
0x00007ffeb0cf0000 - 0x00007ffeb154d000 	C:\WINDOWS\SYSTEM32\windows.storage.dll
0x00007ffeb56d0000 - 0x00007ffeb57c2000 	C:\WINDOWS\System32\SHCORE.dll
0x00007ffeb54b0000 - 0x00007ffeb5517000 	C:\WINDOWS\System32\shlwapi.dll
0x00007ffeb2fb0000 - 0x00007ffeb2fd9000 	C:\WINDOWS\SYSTEM32\profapi.dll
0x00007ffe85e00000 - 0x00007ffe85e18000 	c:\Users\amand\.vscode\extensions\redhat.java-1.50.0-win32-x64\jre\21.0.9-win32-x86_64\bin\zip.dll
0x00007ffea5b90000 - 0x00007ffea5ba0000 	C:\Users\amand\.vscode\extensions\redhat.java-1.50.0-win32-x64\jre\21.0.9-win32-x86_64\bin\net.dll
0x00007ffeac8a0000 - 0x00007ffeac9c8000 	C:\WINDOWS\SYSTEM32\WINHTTP.dll
0x00007ffeb23c0000 - 0x00007ffeb242b000 	C:\WINDOWS\system32\mswsock.dll
0x00007ffe853d0000 - 0x00007ffe853e6000 	C:\Users\amand\.vscode\extensions\redhat.java-1.50.0-win32-x64\jre\21.0.9-win32-x86_64\bin\nio.dll
0x00007ffea3930000 - 0x00007ffea3940000 	c:\Users\amand\.vscode\extensions\redhat.java-1.50.0-win32-x64\jre\21.0.9-win32-x86_64\bin\verify.dll
0x00007ffe731c0000 - 0x00007ffe73204000 	C:\Users\amand\AppData\Roaming\Code\User\globalStorage\redhat.java\1.50.0\config_win\org.eclipse.equinox.launcher\org.eclipse.equinox.launcher.win32.win32.x86_64_1.2.1400.v20250801-0854\eclipse_11916.dll
0x00007ffeb4df0000 - 0x00007ffeb4f87000 	C:\WINDOWS\System32\ole32.dll
0x00007ffeb2680000 - 0x00007ffeb269b000 	C:\WINDOWS\SYSTEM32\CRYPTSP.dll
0x00007ffeb1db0000 - 0x00007ffeb1dea000 	C:\WINDOWS\system32\rsaenh.dll
0x00007ffeb2470000 - 0x00007ffeb249b000 	C:\WINDOWS\SYSTEM32\USERENV.dll
0x00007ffeb2f80000 - 0x00007ffeb2faa000 	C:\WINDOWS\SYSTEM32\bcrypt.dll
0x00007ffeb26a0000 - 0x00007ffeb26ac000 	C:\WINDOWS\SYSTEM32\CRYPTBASE.dll
0x00007ffeb1860000 - 0x00007ffeb1894000 	C:\WINDOWS\SYSTEM32\IPHLPAPI.DLL
0x00007ffeb3da0000 - 0x00007ffeb3daa000 	C:\WINDOWS\System32\NSI.dll
0x00007ffe71320000 - 0x00007ffe71369000 	C:\Users\amand\AppData\Local\Temp\jna-92925483\jna16467084005090493642.dll
0x00007ffeb41c0000 - 0x00007ffeb41c8000 	C:\WINDOWS\System32\PSAPI.DLL
0x00007ffeaca20000 - 0x00007ffeaca3e000 	C:\WINDOWS\SYSTEM32\dhcpcsvc6.DLL
0x00007ffeabab0000 - 0x00007ffeabad3000 	C:\WINDOWS\SYSTEM32\dhcpcsvc.DLL
0x00007ffe9eeb0000 - 0x00007ffe9eebe000 	C:\Users\amand\.vscode\extensions\redhat.java-1.50.0-win32-x64\jre\21.0.9-win32-x86_64\bin\sunmscapi.dll
0x00007ffeb38f0000 - 0x00007ffeb3a67000 	C:\WINDOWS\System32\CRYPT32.dll
0x00007ffeb28a0000 - 0x00007ffeb28d0000 	C:\WINDOWS\SYSTEM32\ncrypt.dll
0x00007ffeb2850000 - 0x00007ffeb288f000 	C:\WINDOWS\SYSTEM32\NTASN1.dll

JVMTI agents:
c:\Users\amand\.vscode\extensions\redhat.java-1.50.0-win32-x64\lombok\lombok-1.18.39-4050.jar path:c:\Users\amand\.vscode\extensions\redhat.java-1.50.0-win32-x64\jre\21.0.9-win32-x86_64\bin\instrument.dll, loaded, initialized, instrumentlib options:none

dbghelp: loaded successfully - version: 4.0.5 - missing functions: none
symbol engine: initialized successfully - sym options: 0x614 - pdb path: .;c:\Users\amand\.vscode\extensions\redhat.java-1.50.0-win32-x64\jre\21.0.9-win32-x86_64\bin;C:\WINDOWS\SYSTEM32;C:\WINDOWS\WinSxS\amd64_microsoft.windows.common-controls_6595b64144ccf1df_6.0.26100.7019_none_3e06ffa0e335b8a8;c:\Users\amand\.vscode\extensions\redhat.java-1.50.0-win32-x64\jre\21.0.9-win32-x86_64\bin\server;C:\Users\amand\AppData\Roaming\Code\User\globalStorage\redhat.java\1.50.0\config_win\org.eclipse.equinox.launcher\org.eclipse.equinox.launcher.win32.win32.x86_64_1.2.1400.v20250801-0854;C:\Users\amand\AppData\Local\Temp\jna-92925483

VM Arguments:
jvm_args: --add-modules=ALL-SYSTEM --add-opens=java.base/java.util=ALL-UNNAMED --add-opens=java.base/java.lang=ALL-UNNAMED --add-opens=java.base/sun.nio.fs=ALL-UNNAMED -Declipse.application=org.eclipse.jdt.ls.core.id1 -Dosgi.bundles.defaultStartLevel=4 -Declipse.product=org.eclipse.jdt.ls.core.product -Djava.import.generatesMetadataFilesAtProjectRoot=false -DDetectVMInstallationsJob.disabled=true -Dfile.encoding=utf8 -XX:+UseParallelGC -XX:GCTimeRatio=4 -XX:AdaptiveSizePolicyWeight=90 -Dsun.zip.disableMemoryMapping=true -Xmx2G -Xms100m -Xlog:disable -javaagent:c:\Users\amand\.vscode\extensions\redhat.java-1.50.0-win32-x64\lombok\lombok-1.18.39-4050.jar -XX:+HeapDumpOnOutOfMemoryError -XX:HeapDumpPath=c:\Users\amand\AppData\Roaming\Code\User\workspaceStorage\e82379910cf3ea3efa22dc0eb839d511\redhat.java -Daether.dependencyCollector.impl=bf 
java_command: c:\Users\amand\.vscode\extensions\redhat.java-1.50.0-win32-x64\server\plugins\org.eclipse.equinox.launcher_1.7.100.v20251111-0406.jar -configuration c:\Users\amand\AppData\Roaming\Code\User\globalStorage\redhat.java\1.50.0\config_win -data c:\Users\amand\AppData\Roaming\Code\User\workspaceStorage\e82379910cf3ea3efa22dc0eb839d511\redhat.java\jdt_ws --pipe=\\.\pipe\lsp-b7988d2c6036de370f69316b9a626ee4-sock
java_class_path (initial): c:\Users\amand\.vscode\extensions\redhat.java-1.50.0-win32-x64\server\plugins\org.eclipse.equinox.launcher_1.7.100.v20251111-0406.jar
Launcher Type: SUN_STANDARD

[Global flags]
    uintx AdaptiveSizePolicyWeight                 = 90                                        {product} {command line}
     intx CICompilerCount                          = 12                                        {product} {ergonomic}
    uintx GCTimeRatio                              = 4                                         {product} {command line}
     bool HeapDumpOnOutOfMemoryError               = true                                   {manageable} {command line}
    ccstr HeapDumpPath                             = c:\Users\amand\AppData\Roaming\Code\User\workspaceStorage\e82379910cf3ea3efa22dc0eb839d511\redhat.java         {manageable} {command line}
   size_t InitialHeapSize                          = 104857600                                 {product} {command line}
   size_t MaxHeapSize                              = 2147483648                                {product} {command line}
   size_t MaxNewSize                               = 715653120                                 {product} {ergonomic}
   size_t MinHeapDeltaBytes                        = 524288                                    {product} {ergonomic}
   size_t MinHeapSize                              = 104857600                                 {product} {command line}
   size_t NewSize                                  = 34603008                                  {product} {ergonomic}
    uintx NonNMethodCodeHeapSize                   = 7602480                                {pd product} {ergonomic}
    uintx NonProfiledCodeHeapSize                  = 122027880                              {pd product} {ergonomic}
   size_t OldSize                                  = 70254592                                  {product} {ergonomic}
    uintx ProfiledCodeHeapSize                     = 122027880                              {pd product} {ergonomic}
    uintx ReservedCodeCacheSize                    = 251658240                              {pd product} {ergonomic}
     bool SegmentedCodeCache                       = true                                      {product} {ergonomic}
   size_t SoftMaxHeapSize                          = 2147483648                             {manageable} {ergonomic}
     bool UseCompressedOops                        = true                           {product lp64_product} {ergonomic}
     bool UseLargePagesIndividualAllocation        = false                                  {pd product} {ergonomic}
     bool UseParallelGC                            = true                                      {product} {command line}

Logging:
Log output configuration:
 #0: stdout all=off uptime,level,tags foldmultilines=false
 #1: stderr all=off uptime,level,tags foldmultilines=false

Release file:
JAVA_VERSION="21.0.9" 
MODULES="java.base java.compiler java.datatransfer java.xml java.prefs java.desktop java.instrument java.logging java.management java.security.sasl java.naming java.rmi java.management.rmi java.net.http java.scripting java.security.jgss java.transaction.xa java.sql java.sql.rowset java.xml.crypto java.se java.smartcardio jdk.accessibility jdk.internal.jvmstat jdk.attach jdk.charsets jdk.internal.opt jdk.zipfs jdk.compiler jdk.crypto.ec jdk.crypto.cryptoki jdk.crypto.mscapi jdk.dynalink jdk.internal.ed jdk.editpad jdk.hotspot.agent jdk.httpserver jdk.internal.le jdk.internal.vm.ci jdk.internal.vm.compiler jdk.internal.vm.compiler.management jdk.jartool jdk.javadoc jdk.jcmd jdk.management jdk.management.agent jdk.jconsole jdk.jdeps jdk.jdwp.agent jdk.jdi jdk.jfr jdk.jshell jdk.jsobject jdk.jstatd jdk.localedata jdk.management.jfr jdk.naming.dns jdk.naming.rmi jdk.net jdk.nio.mapmode jdk.random jdk.sctp jdk.security.auth jdk.security.jgss jdk.unsupported jdk.unsupported.desktop jdk.xml.dom" 

Environment Variables:
JAVA_HOME=C:\Program Files\Java\jdk-17
PATH=C:\WINDOWS\system32;C:\WINDOWS;C:\WINDOWS\System32\Wbem;C:\WINDOWS\System32\WindowsPowerShell\v1.0\;C:\WINDOWS\System32\OpenSSH\;C:\Program Files\dotnet\;C:\Program Files\Microsoft SQL Server\Client SDK\ODBC\170\Tools\Binn\;C:\Program Files (x86)\Microsoft SQL Server\150\Tools\Binn\;C:\Program Files\Microsoft SQL Server\150\Tools\Binn\;C:\Program Files\Microsoft SQL Server\150\DTS\Binn\;C:\Program Files (x86)\Microsoft SQL Server\160\DTS\Binn\;C:\Program Files\Git\cmd;C:\ProgramData\chocolatey\bin;C:\Program Files\DAX Studio;C:\apache-maven-3.9.11-bin\apache-maven-3.9.11\bin;C:\Program Files\Java\jdk-17\bin;C:\Users\amand\AppData\Local\Programs\Python\Python39\Scripts\;C:\Users\amand\AppData\Local\Programs\Python\Python39\;C:\Users\amand\anaconda3;C:\Users\amand\anaconda3\Library\mingw-w64\bin;C:\Users\amand\anaconda3\Library\usr\bin;C:\Users\amand\anaconda3\Library\bin;C:\Users\amand\anaconda3\Scripts;C:\WINDOWS\system32;C:\WINDOWS;C:\WINDOWS\System32\Wbem;C:\WINDOWS\System32\WindowsPowerShell\v1.0\;C:\WINDOWS\System32\OpenSSH\;C:\Program Files\dotnet\;C:\Program Files\Microsoft SQL Server\Client SDK\ODBC\170\Tools\Binn\;C:\Program Files (x86)\Microsoft SQL Server\150\Tools\Binn\;C:\Program Files\Microsoft SQL Server\150\Tools\Binn\;C:\Program Files\Microsoft SQL Server\150\DTS\Binn\;C:\Program Files (x86)\Microsoft SQL Server\160\DTS\Binn\;C:\Users\amand\AppData\Local\Programs\Python\Python313\Scripts\;C:\Users\amand\AppData\Local\Programs\Python\Python313\;C:\Users\amand\AppData\Local\Microsoft\WindowsApps;C:\Users\amand\AppData\Local\Muse Hub\lib;C:\Users\amand\AppData\Local\Programs\Microsoft VS Code\bin;C:\Program Files\Git\bin;
USERNAME=amand
OS=Windows_NT
PROCESSOR_IDENTIFIER=AMD64 Family 25 Model 80 Stepping 0, AuthenticAMD
TMP=C:\Users\amand\AppData\Local\Temp
TEMP=C:\Users\amand\AppData\Local\Temp




Periodic native trim disabled

---------------  S Y S T E M  ---------------

OS:
 Windows 11 , 64 bit Build 26100 (10.0.26100.7019)
OS uptime: 0 days 1:16 hours

CPU: total 16 (initial active 16) (16 cores per cpu, 2 threads per core) family 25 model 80 stepping 0 microcode 0xa50000d, cx8, cmov, fxsr, ht, mmx, 3dnowpref, sse, sse2, sse3, ssse3, sse4a, sse4.1, sse4.2, popcnt, lzcnt, tsc, tscinvbit, avx, avx2, aes, erms, clmul, bmi1, bmi2, adx, sha, fma, vzeroupper, clflush, clflushopt, rdtscp, rdpid, fsrm, f16c, pku, cet_ss
Processor Information for the first 16 processors :
  Max Mhz: 3801, Current Mhz: 3801, Mhz Limit: 3801

Memory: 4k page, system-wide physical 15763M (2227M free)
TotalPageFile size 18629M (AvailPageFile size 5M)
current process WorkingSet (physical memory assigned to process): 1735M, peak: 1735M
current process commit charge ("private bytes"): 1803M, peak: 1803M

vm_info: OpenJDK 64-Bit Server VM (21.0.9+10-LTS) for windows-amd64 JRE (21.0.9+10-LTS), built on 2025-10-21T00:00:00Z by "admin" with unknown MS VC++:1942

END.
